[ 2016-03-04T09:49:16+08:00 ] 127.0.0.1 /supershop/index.php/Admin/ManageRole/saveRole/r=1457056156450
INFO: [ app_begin ] --START--
INFO: Run Behavior\ReadHtmlCacheBehavior [ RunTime:0.000000s ]
INFO: [ app_begin ] --END-- [ RunTime:0.001000s ]
SQL: SHOW COLUMNS FROM `tb_role` [ RunTime:0.0030s ]
SQL: SELECT `role_name` FROM `tb_role` WHERE `role_id` = '1001' LIMIT 1   [ RunTime:0.0000s ]
SQL: UPDATE `tb_role` SET `role_name`='订单主管 or 1=1' WHERE `role_id` = '1001' [ RunTime:0.0640s ]

[ 2016-03-04T09:50:25+08:00 ] 127.0.0.1 /supershop/index.php/Admin/ManageRole/saveRole/r=1457056225916
INFO: [ app_begin ] --START--
INFO: Run Behavior\ReadHtmlCacheBehavior [ RunTime:0.001000s ]
INFO: [ app_begin ] --END-- [ RunTime:0.001000s ]
SQL: SHOW COLUMNS FROM `tb_role` [ RunTime:0.0030s ]
SQL: SELECT `role_name` FROM `tb_role` WHERE `role_id` = '1001' LIMIT 1   [ RunTime:0.0000s ]
ERR: 1406:Data too long for column 'role_name' at row 1
 [ SQL语句 ] : UPDATE `tb_role` SET `role_name`='订单主管,\\\'valid\\_flag\\\'=0 ' WHERE `role_id` = '1001'
ERR: 1406:Data too long for column 'role_name' at row 1
 [ SQL语句 ] : UPDATE `tb_role` SET `role_name`='订单主管,\\\'valid\\_flag\\\'=0 ' WHERE `role_id` = '1001'

[ 2016-03-04T09:50:43+08:00 ] 127.0.0.1 /supershop/index.php/Admin/ManageRole/saveRole/r=1457056243615
INFO: [ app_begin ] --START--
INFO: Run Behavior\ReadHtmlCacheBehavior [ RunTime:0.000000s ]
INFO: [ app_begin ] --END-- [ RunTime:0.001000s ]
SQL: SHOW COLUMNS FROM `tb_role` [ RunTime:0.0040s ]
SQL: SELECT `role_name` FROM `tb_role` WHERE `role_id` = '1001' LIMIT 1   [ RunTime:0.0000s ]
SQL: UPDATE `tb_role` SET `role_name`='订单主管' WHERE `role_id` = '1001' [ RunTime:0.0560s ]

[ 2016-03-04T10:43:11+08:00 ] 127.0.0.1 /supershop/index.php/Admin/ManageGoodsType/goodsTypeList
ERR: 无法加载控制器:ManageGoodsType

[ 2016-03-04T10:44:43+08:00 ] 127.0.0.1 /supershop/index.php/Admin/ManageGoodsType/authList
ERR: 非法操作:authList

[ 2016-03-04T15:47:35+08:00 ] 127.0.0.1 /supershop/index.php/Admin/ManageGoods/addGoods
ERR: 没有可以被缩略的图像资源

[ 2016-03-04T15:50:05+08:00 ] 127.0.0.1 /supershop/index.php/Admin/ManageGoods/addGoods
ERR: 不支持的图片处理库类型

[ 2016-03-04T16:00:12+08:00 ] 127.0.0.1 /supershop/index.php/Admin/ManageGoods/addGoods
ERR: 不存在的字体文件：/supershop/Public/fonts/Bitter.ttf

[ 2016-03-04T16:05:27+08:00 ] 127.0.0.1 /supershop/index.php/Admin/ManageGoods/addGoods
ERR: 1054:Unknown column 'type_path' in 'order clause'
 [ SQL语句 ] : SELECT * FROM `tb_goods` WHERE `valid_flag` = 1 ORDER BY type_path 

[ 2016-03-04T16:06:01+08:00 ] 127.0.0.1 /supershop/index.php/Admin/ManageGoods/addGoods
ERR: 1054:Unknown column 'type_path' in 'order clause'
 [ SQL语句 ] : SELECT * FROM `tb_goods` WHERE `valid_flag` = 1 ORDER BY type_path 

[ 2016-03-04T16:07:44+08:00 ] 127.0.0.1 /supershop/index.php/Admin/ManageInform/addInform
ERR: 非法操作:addInform

[ 2016-03-04T16:28:49+08:00 ] 127.0.0.1 /supershop/index.php/Admin/ManageGoods/goodsList
INFO: [ app_begin ] --START--
INFO: Run Behavior\ReadHtmlCacheBehavior [ RunTime:0.001000s ]
INFO: [ app_begin ] --END-- [ RunTime:0.001000s ]
SQL: SHOW COLUMNS FROM `tb_goods` [ RunTime:0.0030s ]
SQL: SELECT COUNT(*) AS tp_count FROM `tb_goods` WHERE `valid_flag` = 1 LIMIT 1   [ RunTime:0.0000s ]
SQL: SELECT * FROM `tb_goods` WHERE `valid_flag` = 1 ORDER BY goods_id LIMIT 0,8   [ RunTime:0.0010s ]
INFO: [ view_parse ] --START--
NOTIC: [8] Undefined index: auth_id E:\MyEnv\apache\htdocs\supershop\Runtime\Cache\2c7debc9c645f231a73a81e0daebf9f4c96362d4.file.goodsList.html.php 第 85 行.
NOTIC: [8] Undefined index: auth_id E:\MyEnv\apache\htdocs\supershop\Runtime\Cache\2c7debc9c645f231a73a81e0daebf9f4c96362d4.file.goodsList.html.php 第 85 行.
INFO: Run Behavior\ParseTemplateBehavior [ RunTime:0.012001s ]
INFO: [ view_parse ] --END-- [ RunTime:0.012001s ]
INFO: [ view_filter ] --START--
INFO: Run Behavior\WriteHtmlCacheBehavior [ RunTime:0.000000s ]
INFO: [ view_filter ] --END-- [ RunTime:0.000000s ]
INFO: [ app_end ] --START--
INFO: Run Behavior\ShowPageTraceBehavior [ RunTime:0.001000s ]
INFO: [ app_end ] --END-- [ RunTime:0.001000s ]

