[ 2016-02-24T19:47:30+08:00 ] 127.0.0.1 /supershop/index.php/Admin/index
INFO: [ app_init ] --START--
INFO: Run Behavior\BuildLiteBehavior [ RunTime:0.000000s ]
INFO: [ app_init ] --END-- [ RunTime:0.001000s ]
INFO: [ app_begin ] --START--
INFO: Run Behavior\ReadHtmlCacheBehavior [ RunTime:0.001000s ]
INFO: [ app_begin ] --END-- [ RunTime:0.001000s ]
ERR: 模板不存在:E:/MyEnv/apache/htdocs/supershop/Admin/View/Index/index.html

[ 2016-02-24T19:49:32+08:00 ] 127.0.0.1 /supershop/index.php/Admin/index
INFO: [ app_init ] --START--
INFO: Run Behavior\BuildLiteBehavior [ RunTime:0.000000s ]
INFO: [ app_init ] --END-- [ RunTime:0.000000s ]
INFO: [ app_begin ] --START--
INFO: Run Behavior\ReadHtmlCacheBehavior [ RunTime:0.000000s ]
INFO: [ app_begin ] --END-- [ RunTime:0.001000s ]
ERR: 模板不存在:E:/MyEnv/apache/htdocs/supershop/Admin/View/Index/index.html

[ 2016-02-24T19:50:23+08:00 ] 127.0.0.1 /supershop/index.php/Admin/Index/index
INFO: [ app_init ] --START--
INFO: Run Behavior\BuildLiteBehavior [ RunTime:0.000000s ]
INFO: [ app_init ] --END-- [ RunTime:0.000000s ]
INFO: [ app_begin ] --START--
INFO: Run Behavior\ReadHtmlCacheBehavior [ RunTime:0.000000s ]
INFO: [ app_begin ] --END-- [ RunTime:0.000000s ]
ERR: 模板不存在:E:/MyEnv/apache/htdocs/supershop/Admin/View/Index/index.html

[ 2016-02-24T19:51:41+08:00 ] 127.0.0.1 /supershop/index.php/Admin/Index
INFO: [ app_init ] --START--
INFO: Run Behavior\BuildLiteBehavior [ RunTime:0.000000s ]
INFO: [ app_init ] --END-- [ RunTime:0.000000s ]
INFO: [ app_begin ] --START--
INFO: Run Behavior\ReadHtmlCacheBehavior [ RunTime:0.001000s ]
INFO: [ app_begin ] --END-- [ RunTime:0.001000s ]
INFO: [ view_parse ] --START--
INFO: [ template_filter ] --START--
INFO: Run Behavior\ContentReplaceBehavior [ RunTime:0.000000s ]
INFO: [ template_filter ] --END-- [ RunTime:0.000000s ]
INFO: Run Behavior\ParseTemplateBehavior [ RunTime:0.009000s ]
INFO: [ view_parse ] --END-- [ RunTime:0.009000s ]
INFO: [ view_filter ] --START--
INFO: Run Behavior\WriteHtmlCacheBehavior [ RunTime:0.002000s ]
INFO: [ view_filter ] --END-- [ RunTime:0.002000s ]
INFO: [ app_end ] --START--
INFO: Run Behavior\ShowPageTraceBehavior [ RunTime:0.001000s ]
INFO: [ app_end ] --END-- [ RunTime:0.001000s ]

[ 2016-02-24T20:42:14+08:00 ] 127.0.0.1 /supershop/index.php/Admin
ERR: Syntax Error in template "E:/MyEnv/apache/htdocs/supershop/Admin/View\Index\index.html"  on line 7 "{literate}AADAD {/literate}" unknown tag "literate"

[ 2016-02-24T21:03:07+08:00 ] 127.0.0.1 /supershop/index.php/Admin
ERR: Syntax Error in template "E:/MyEnv/apache/htdocs/supershop/Admin/View\Index\index.html"  on line 7 "{* 演示server变量&quot;SERVER_NAME&quot;($_SERVER['SERVER_NAME']) *}{$smarty.server.SERVER_NAME}数学和嵌入标签:{$x+$y}                             // 输出x+y的和.{assign var=foo value=$x+$y}        // 属性中的变量 {$foo[$x+3]}                        // 变量作为数组索引{$foo={counter}+3}                  // 标签里面嵌套标签{$foo=&quot;this is message {counter}&quot;}  // 引号里面使用标签定义数组:{assign var=foo value=[1,2,3]}{assign var=foo value=['y'=&gt;'yellow','b'=&gt;'blue']}{assign var=foo value=[1,[9,8],3]}   // 可以嵌套短变量分配:{$foo=$bar+2}{$foo = strlen($bar)}               // 带参函数{$foo = myfunct( ($x+$y)*3 )}       // 作为函数参数 {$foo.bar=1}                        // 赋值给指定的数组索引{$foo.bar.baz=1}                    {$foo[]=1}                          // 数组添加一个值Smarty &quot;dot&quot; 语法 (注意: 嵌入的{}用来解决指代不明的情况):{$foo.a.b.c}        =&gt;  $foo['a']['b']['c'] {$foo.a.$b.c}       =&gt;  $foo['a'][$b]['c']         // 带变量下标{$foo.a.{$b+4}.c}   =&gt;  $foo['a'][$b+4]['c']       // 表达式作为索引{$foo.a.{$b.c}}     =&gt;  $foo['a'][$b['c']]         // 嵌套索引PHP式语法, &quot;dot&quot;语法外的另一种选择:{$foo[1]}             // normal access{$foo['bar']}{$foo['bar'][1]}{$foo[$x+$x]}         // 下标可带任何表达式{$foo[$bar[1]]}       // 嵌套下标{$foo[section_name]}  // 访问Smarty节块变量{section}，而非访问数组可变变量:$foo                     // 普通变量$foo_{$bar}              // 变量名包含其它变量$foo_{$x+$y}             // 变量名包含表达式$foo_{$bar}_buh_{$blar}  // 多段变量名{$foo_{$x}}              // 输出变量 $foo_1 ，如果 $x 的值为1 。注意是输出变量，而非值对象链:{$object-&gt;method1($x)-&gt;method2($y)}直接使用php函数:{time()} //译注：如果直接使用模版变量符号引用php函数，该函数应有返回值。" unknown function "myfunct"

[ 2016-02-24T21:05:40+08:00 ] 127.0.0.1 /supershop/index.php/Admin
ERR: Syntax Error in template "E:/MyEnv/apache/htdocs/supershop/Admin/View\Index\index.html"  on line 13 "{size($foo)}" unknown function "size"

