[ 2016-04-03T15:42:19+08:00 ] 127.0.0.1 /supershop/Admin/ManageGoods/goodsList/p/1.html
INFO: [ app_begin ] --START--
INFO: Run Behavior\ReadHtmlCacheBehavior [ RunTime:0.000000s ]
INFO: Run Common\Behavior\CheckLangBehavior [ RunTime:0.001000s ]
NOTIC: [8] Constant LANG_SET already defined E:\MyEnv\apache\htdocs\supershop\Common\Behavior\CheckLangBehavior.class.php 第 55 行.
INFO: Run Common\Behavior\CheckLangBehavior [ RunTime:0.001000s ]
INFO: [ app_begin ] --END-- [ RunTime:0.003000s ]
NOTIC: [8] Undefined index: l E:\MyEnv\apache\htdocs\supershop\Tools\AdminController.class.php 第 11 行.
SQL: SHOW COLUMNS FROM `tb_goods` [ RunTime:0.0040s ]
SQL: SELECT COUNT(*) AS tp_count FROM `tb_goods` WHERE `valid_flag` = 1 LIMIT 1   [ RunTime:0.0000s ]
SQL: SELECT * FROM `tb_goods` WHERE `valid_flag` = 1 ORDER BY goods_id LIMIT 0,8   [ RunTime:0.0010s ]
INFO: [ view_parse ] --START--
INFO: Run Behavior\ParseTemplateBehavior [ RunTime:0.019001s ]
INFO: [ view_parse ] --END-- [ RunTime:0.019001s ]
INFO: [ view_filter ] --START--
INFO: Run Behavior\WriteHtmlCacheBehavior [ RunTime:0.000000s ]
INFO: [ view_filter ] --END-- [ RunTime:0.000000s ]
INFO: [ app_end ] --START--
INFO: Run Behavior\ShowPageTraceBehavior [ RunTime:0.001000s ]
INFO: [ app_end ] --END-- [ RunTime:0.001000s ]

[ 2016-04-03T15:42:21+08:00 ] 127.0.0.1 /supershop/Admin/ManageGoods/saveGoodsOneField/r=1459669341435
INFO: [ app_begin ] --START--
INFO: Run Behavior\ReadHtmlCacheBehavior [ RunTime:0.000000s ]
INFO: Run Common\Behavior\CheckLangBehavior [ RunTime:0.000000s ]
NOTIC: [8] Constant LANG_SET already defined E:\MyEnv\apache\htdocs\supershop\Common\Behavior\CheckLangBehavior.class.php 第 55 行.
INFO: Run Common\Behavior\CheckLangBehavior [ RunTime:0.000000s ]
INFO: [ app_begin ] --END-- [ RunTime:0.000000s ]
NOTIC: [8] Undefined index: l E:\MyEnv\apache\htdocs\supershop\Tools\AdminController.class.php 第 11 行.
SQL: SHOW COLUMNS FROM `tb_goods` [ RunTime:0.0050s ]
SQL: SELECT * FROM `tb_goods` WHERE `goods_id` = '1000003' LIMIT 1   [ RunTime:0.0000s ]
SQL: SELECT `valid_flag` FROM `tb_goods` WHERE `goods_id` = '1000003' LIMIT 1   [ RunTime:0.0000s ]
SQL: UPDATE `tb_goods` SET `valid_flag`='0',`last_update_time`='2016-04-03 15:42:21' WHERE `goods_id` = '1000003' [ RunTime:0.0720s ]

[ 2016-04-03T15:42:31+08:00 ] 127.0.0.1 /supershop/Admin/ManageGoods/saveGoodsOneField/r=1459669351121
INFO: [ app_begin ] --START--
INFO: Run Behavior\ReadHtmlCacheBehavior [ RunTime:0.000000s ]
INFO: Run Common\Behavior\CheckLangBehavior [ RunTime:0.001000s ]
NOTIC: [8] Constant LANG_SET already defined E:\MyEnv\apache\htdocs\supershop\Common\Behavior\CheckLangBehavior.class.php 第 55 行.
INFO: Run Common\Behavior\CheckLangBehavior [ RunTime:0.001000s ]
INFO: [ app_begin ] --END-- [ RunTime:0.003000s ]
NOTIC: [8] Undefined index: l E:\MyEnv\apache\htdocs\supershop\Tools\AdminController.class.php 第 11 行.
SQL: SHOW COLUMNS FROM `tb_goods` [ RunTime:0.0040s ]
SQL: SELECT * FROM `tb_goods` WHERE `goods_id` = '1000007' LIMIT 1   [ RunTime:0.0010s ]
SQL: SELECT `goods_name` FROM `tb_goods` WHERE `goods_id` = '1000007' LIMIT 1   [ RunTime:0.0000s ]

