[ 2016-03-10T09:18:35+08:00 ] 127.0.0.1 /supershop/index.php/Admin/ManageInform/saveInformOneField/r=1457572715671
INFO: [ app_begin ] --START--
INFO: Run Behavior\ReadHtmlCacheBehavior [ RunTime:0.000000s ]
INFO: Run Common\Behavior\CheckLangBehavior [ RunTime:0.002001s ]
NOTIC: [8] Constant LANG_SET already defined E:\MyEnv\apache\htdocs\supershop\Common\Behavior\CheckLangBehavior.class.php 第 55 行.
INFO: Run Common\Behavior\CheckLangBehavior [ RunTime:0.001000s ]
INFO: [ app_begin ] --END-- [ RunTime:0.004001s ]
NOTIC: [8] Undefined index: l E:\MyEnv\apache\htdocs\supershop\Tools\AdminController.class.php 第 10 行.
SQL: SHOW COLUMNS FROM `tb_inform` [ RunTime:0.0030s ]
SQL: SELECT * FROM `tb_inform` WHERE `inform_id` = '10004' LIMIT 1   [ RunTime:0.0010s ]
SQL: SELECT `inform_title` FROM `tb_inform` WHERE `inform_id` = '10004' LIMIT 1   [ RunTime:0.0000s ]

[ 2016-03-10T09:18:38+08:00 ] 127.0.0.1 /supershop/index.php/Admin/ManageInform/saveInformOneField/r=1457572718494
INFO: [ app_begin ] --START--
INFO: Run Behavior\ReadHtmlCacheBehavior [ RunTime:0.001000s ]
INFO: Run Common\Behavior\CheckLangBehavior [ RunTime:0.002000s ]
NOTIC: [8] Constant LANG_SET already defined E:\MyEnv\apache\htdocs\supershop\Common\Behavior\CheckLangBehavior.class.php 第 55 行.
INFO: Run Common\Behavior\CheckLangBehavior [ RunTime:0.000000s ]
INFO: [ app_begin ] --END-- [ RunTime:0.004000s ]
NOTIC: [8] Undefined index: l E:\MyEnv\apache\htdocs\supershop\Tools\AdminController.class.php 第 10 行.
SQL: SHOW COLUMNS FROM `tb_inform` [ RunTime:0.0050s ]
SQL: SELECT * FROM `tb_inform` WHERE `inform_id` = '10004' LIMIT 1   [ RunTime:0.0000s ]
SQL: SELECT `inform_content` FROM `tb_inform` WHERE `inform_id` = '10004' LIMIT 1   [ RunTime:0.0010s ]

[ 2016-03-10T09:18:42+08:00 ] 127.0.0.1 /supershop/index.php/Admin/ManageInform/saveInformOneField/r=1457572722847
INFO: [ app_begin ] --START--
INFO: Run Behavior\ReadHtmlCacheBehavior [ RunTime:0.001000s ]
INFO: Run Common\Behavior\CheckLangBehavior [ RunTime:0.002000s ]
NOTIC: [8] Constant LANG_SET already defined E:\MyEnv\apache\htdocs\supershop\Common\Behavior\CheckLangBehavior.class.php 第 55 行.
INFO: Run Common\Behavior\CheckLangBehavior [ RunTime:0.001000s ]
INFO: [ app_begin ] --END-- [ RunTime:0.005000s ]
NOTIC: [8] Undefined index: l E:\MyEnv\apache\htdocs\supershop\Tools\AdminController.class.php 第 10 行.
SQL: SHOW COLUMNS FROM `tb_inform` [ RunTime:0.0040s ]
SQL: SELECT * FROM `tb_inform` WHERE `inform_id` = '10004' LIMIT 1   [ RunTime:0.0000s ]
SQL: SELECT `inform_content` FROM `tb_inform` WHERE `inform_id` = '10004' LIMIT 1   [ RunTime:0.0000s ]

[ 2016-03-10T09:18:49+08:00 ] 127.0.0.1 /supershop/index.php/Admin/ManageAdmin/saveAdminOneInfo/r=1457572729831
INFO: [ app_begin ] --START--
INFO: Run Behavior\ReadHtmlCacheBehavior [ RunTime:0.001000s ]
INFO: Run Common\Behavior\CheckLangBehavior [ RunTime:0.003000s ]
NOTIC: [8] Constant LANG_SET already defined E:\MyEnv\apache\htdocs\supershop\Common\Behavior\CheckLangBehavior.class.php 第 55 行.
INFO: Run Common\Behavior\CheckLangBehavior [ RunTime:0.001000s ]
INFO: [ app_begin ] --END-- [ RunTime:0.005000s ]
NOTIC: [8] Undefined index: l E:\MyEnv\apache\htdocs\supershop\Tools\AdminController.class.php 第 10 行.
SQL: SHOW COLUMNS FROM `tb_admin` [ RunTime:0.0040s ]
SQL: SELECT * FROM `tb_admin` WHERE `admin_id` = '100002' LIMIT 1   [ RunTime:0.0000s ]
SQL: SELECT `admin_nickname` FROM `tb_admin` WHERE `admin_id` = '100002' LIMIT 1   [ RunTime:0.0010s ]

[ 2016-03-10T09:18:54+08:00 ] 127.0.0.1 /supershop/index.php/Admin/ManageAdmin/saveAdminOneInfo/r=1457572734420
INFO: [ app_begin ] --START--
INFO: Run Behavior\ReadHtmlCacheBehavior [ RunTime:0.001000s ]
INFO: Run Common\Behavior\CheckLangBehavior [ RunTime:0.002000s ]
NOTIC: [8] Constant LANG_SET already defined E:\MyEnv\apache\htdocs\supershop\Common\Behavior\CheckLangBehavior.class.php 第 55 行.
INFO: Run Common\Behavior\CheckLangBehavior [ RunTime:0.000000s ]
INFO: [ app_begin ] --END-- [ RunTime:0.003000s ]
NOTIC: [8] Undefined index: l E:\MyEnv\apache\htdocs\supershop\Tools\AdminController.class.php 第 10 行.
SQL: SHOW COLUMNS FROM `tb_admin` [ RunTime:0.0040s ]
SQL: SELECT * FROM `tb_admin` WHERE `admin_id` = '100002' LIMIT 1   [ RunTime:0.0010s ]
SQL: SELECT `admin_email` FROM `tb_admin` WHERE `admin_id` = '100002' LIMIT 1   [ RunTime:0.0000s ]

[ 2016-03-10T09:18:58+08:00 ] 127.0.0.1 /supershop/index.php/Admin/ManageAdmin/addAdmin
ERR: 非法操作:addAdmin

[ 2016-03-10T11:22:57+08:00 ] 127.0.0.1 /supershop/index.php/Admin/ManageInform/saveInformOneField/r=1457580177241
INFO: [ app_begin ] --START--
INFO: Run Behavior\ReadHtmlCacheBehavior [ RunTime:0.001000s ]
INFO: Run Common\Behavior\CheckLangBehavior [ RunTime:0.001000s ]
NOTIC: [8] Constant LANG_SET already defined E:\MyEnv\apache\htdocs\supershop\Common\Behavior\CheckLangBehavior.class.php 第 55 行.
INFO: Run Common\Behavior\CheckLangBehavior [ RunTime:0.000000s ]
INFO: [ app_begin ] --END-- [ RunTime:0.003000s ]
NOTIC: [8] Undefined index: l E:\MyEnv\apache\htdocs\supershop\Tools\AdminController.class.php 第 10 行.
SQL: SHOW COLUMNS FROM `tb_inform` [ RunTime:0.0040s ]
SQL: SELECT * FROM `tb_inform` WHERE `inform_id` = '10005' LIMIT 1   [ RunTime:0.0010s ]
SQL: SELECT `inform_title` FROM `tb_inform` WHERE `inform_id` = '10005' LIMIT 1   [ RunTime:0.0000s ]

[ 2016-03-10T12:24:14+08:00 ] 127.0.0.1 /supershop/index.php/Admin/ManageAdmin/addAdmin
ERR: 1062:Duplicate entry 'suadmin' for key 'admin_name'
 [ SQL语句 ] : INSERT INTO `tb_admin` (`admin_name`,`admin_keyval`,`valid_flag`) VALUES ('suadmin','123456','1')

[ 2016-03-10T12:31:46+08:00 ] 127.0.0.1 /supershop/index.php/Admin/ManageAdmin/saveAdminOneInfo/r=1457584306330
INFO: [ app_begin ] --START--
INFO: Run Behavior\ReadHtmlCacheBehavior [ RunTime:0.000000s ]
INFO: Run Common\Behavior\CheckLangBehavior [ RunTime:0.001000s ]
NOTIC: [8] Constant LANG_SET already defined E:\MyEnv\apache\htdocs\supershop\Common\Behavior\CheckLangBehavior.class.php 第 55 行.
INFO: Run Common\Behavior\CheckLangBehavior [ RunTime:0.001000s ]
INFO: [ app_begin ] --END-- [ RunTime:0.003000s ]
NOTIC: [8] Undefined index: l E:\MyEnv\apache\htdocs\supershop\Tools\AdminController.class.php 第 10 行.
SQL: SHOW COLUMNS FROM `tb_admin` [ RunTime:0.0040s ]
SQL: SELECT * FROM `tb_admin` WHERE `admin_id` = '100005' LIMIT 1   [ RunTime:0.0000s ]
SQL: SELECT `admin_nickname` FROM `tb_admin` WHERE `admin_id` = '100005' LIMIT 1   [ RunTime:0.0000s ]

[ 2016-03-10T12:33:19+08:00 ] 127.0.0.1 /supershop/index.php/Admin/ManageAuth/authList
INFO: [ app_begin ] --START--
INFO: Run Behavior\ReadHtmlCacheBehavior [ RunTime:0.000000s ]
INFO: Run Common\Behavior\CheckLangBehavior [ RunTime:0.001000s ]
NOTIC: [8] Constant LANG_SET already defined E:\MyEnv\apache\htdocs\supershop\Common\Behavior\CheckLangBehavior.class.php 第 55 行.
INFO: Run Common\Behavior\CheckLangBehavior [ RunTime:0.000000s ]
INFO: [ app_begin ] --END-- [ RunTime:0.002000s ]
NOTIC: [8] Undefined index: l E:\MyEnv\apache\htdocs\supershop\Tools\AdminController.class.php 第 10 行.
SQL: SHOW COLUMNS FROM `tb_auth` [ RunTime:0.0040s ]
SQL: SELECT COUNT(*) AS tp_count FROM `tb_auth` LIMIT 1   [ RunTime:0.0000s ]
SQL: SELECT * FROM `tb_auth` ORDER BY auth_path LIMIT 0,8   [ RunTime:0.0010s ]
INFO: [ view_parse ] --START--
NOTIC: [8] Undefined index: status E:\MyEnv\apache\htdocs\supershop\Runtime\Cache\731b328901fb0c0836866e792e8999fbaeb53826.file.authList.html.php 第 102 行.
NOTIC: [8] Undefined index: status E:\MyEnv\apache\htdocs\supershop\Runtime\Cache\731b328901fb0c0836866e792e8999fbaeb53826.file.authList.html.php 第 104 行.
NOTIC: [8] Undefined index: status E:\MyEnv\apache\htdocs\supershop\Runtime\Cache\731b328901fb0c0836866e792e8999fbaeb53826.file.authList.html.php 第 102 行.
NOTIC: [8] Undefined index: status E:\MyEnv\apache\htdocs\supershop\Runtime\Cache\731b328901fb0c0836866e792e8999fbaeb53826.file.authList.html.php 第 104 行.
NOTIC: [8] Undefined index: status E:\MyEnv\apache\htdocs\supershop\Runtime\Cache\731b328901fb0c0836866e792e8999fbaeb53826.file.authList.html.php 第 102 行.
NOTIC: [8] Undefined index: status E:\MyEnv\apache\htdocs\supershop\Runtime\Cache\731b328901fb0c0836866e792e8999fbaeb53826.file.authList.html.php 第 104 行.
NOTIC: [8] Undefined index: status E:\MyEnv\apache\htdocs\supershop\Runtime\Cache\731b328901fb0c0836866e792e8999fbaeb53826.file.authList.html.php 第 102 行.
NOTIC: [8] Undefined index: status E:\MyEnv\apache\htdocs\supershop\Runtime\Cache\731b328901fb0c0836866e792e8999fbaeb53826.file.authList.html.php 第 104 行.
NOTIC: [8] Undefined index: status E:\MyEnv\apache\htdocs\supershop\Runtime\Cache\731b328901fb0c0836866e792e8999fbaeb53826.file.authList.html.php 第 102 行.
NOTIC: [8] Undefined index: status E:\MyEnv\apache\htdocs\supershop\Runtime\Cache\731b328901fb0c0836866e792e8999fbaeb53826.file.authList.html.php 第 104 行.
NOTIC: [8] Undefined index: status E:\MyEnv\apache\htdocs\supershop\Runtime\Cache\731b328901fb0c0836866e792e8999fbaeb53826.file.authList.html.php 第 102 行.
NOTIC: [8] Undefined index: status E:\MyEnv\apache\htdocs\supershop\Runtime\Cache\731b328901fb0c0836866e792e8999fbaeb53826.file.authList.html.php 第 104 行.
NOTIC: [8] Undefined index: status E:\MyEnv\apache\htdocs\supershop\Runtime\Cache\731b328901fb0c0836866e792e8999fbaeb53826.file.authList.html.php 第 102 行.
NOTIC: [8] Undefined index: status E:\MyEnv\apache\htdocs\supershop\Runtime\Cache\731b328901fb0c0836866e792e8999fbaeb53826.file.authList.html.php 第 104 行.
NOTIC: [8] Undefined index: status E:\MyEnv\apache\htdocs\supershop\Runtime\Cache\731b328901fb0c0836866e792e8999fbaeb53826.file.authList.html.php 第 102 行.
NOTIC: [8] Undefined index: status E:\MyEnv\apache\htdocs\supershop\Runtime\Cache\731b328901fb0c0836866e792e8999fbaeb53826.file.authList.html.php 第 104 行.
INFO: Run Behavior\ParseTemplateBehavior [ RunTime:0.014001s ]
INFO: [ view_parse ] --END-- [ RunTime:0.014001s ]
INFO: [ view_filter ] --START--
INFO: Run Behavior\WriteHtmlCacheBehavior [ RunTime:0.000000s ]
INFO: [ view_filter ] --END-- [ RunTime:0.000000s ]
INFO: [ app_end ] --START--
INFO: Run Behavior\ShowPageTraceBehavior [ RunTime:0.001000s ]
INFO: [ app_end ] --END-- [ RunTime:0.001000s ]

[ 2016-03-10T13:53:24+08:00 ] 127.0.0.1 /supershop/index.php/Admin/ManageOrder/orderList
ERR: 参数错误或者未定义:type

[ 2016-03-10T13:53:37+08:00 ] 127.0.0.1 /supershop/index.php/Admin/ManageOrder/orderList
ERR: 参数错误或者未定义:type

