[ 2016-03-03T00:37:33+08:00 ] 127.0.0.1 /supershop/index.php/Admin/ManageAuth/addAuth
ERR: 1364:Field 'auth_path' doesn't have a default value
 [ SQL语句 ] : INSERT INTO `tb_auth` (`auth_name`,`auth_icon`,`auth_pid`,`auth_c`,`auth_a`) VALUES ('添加权限','plus-sign','10022','ManageAuth','addAuth')

[ 2016-03-03T11:55:28+08:00 ] 127.0.0.1 /supershop/index.php/Admin/ManageRole/saveRole/r=1456977327932
INFO: [ app_begin ] --START--
INFO: Run Behavior\ReadHtmlCacheBehavior [ RunTime:0.001000s ]
INFO: [ app_begin ] --END-- [ RunTime:0.001000s ]
SQL: SHOW COLUMNS FROM `tb_role` [ RunTime:0.0040s ]
SQL: UPDATE `tb_role` SET `role_name`='订单主管1' WHERE `role_id` = '1001' [ RunTime:0.1190s ]

[ 2016-03-03T12:19:52+08:00 ] 127.0.0.1 /supershop/index.php/Admin/ManageRole/saveRole/r=1456978792558
INFO: [ app_begin ] --START--
INFO: Run Behavior\ReadHtmlCacheBehavior [ RunTime:0.001000s ]
INFO: [ app_begin ] --END-- [ RunTime:0.001000s ]
SQL: SHOW COLUMNS FROM `tb_role` [ RunTime:0.0050s ]
SQL: UPDATE `tb_role` SET `role_name`='订单主管' WHERE `role_id` = '1001' [ RunTime:0.0700s ]

[ 2016-03-03T13:23:48+08:00 ] 127.0.0.1 /supershop/index.php/Admin/ManageRole/saveRole/r=1456982628338
INFO: [ app_begin ] --START--
INFO: Run Behavior\ReadHtmlCacheBehavior [ RunTime:0.001001s ]
INFO: [ app_begin ] --END-- [ RunTime:0.002001s ]
SQL: SHOW COLUMNS FROM `tb_role` [ RunTime:0.0040s ]
SQL: UPDATE `tb_role` SET `role_name`='订单主管\\_\\_' WHERE `role_id` = '1001' [ RunTime:0.0470s ]

[ 2016-03-03T13:24:16+08:00 ] 127.0.0.1 /supershop/index.php/Admin/ManageRole/saveRole/r=1456982656340
INFO: [ app_begin ] --START--
INFO: Run Behavior\ReadHtmlCacheBehavior [ RunTime:0.001000s ]
INFO: [ app_begin ] --END-- [ RunTime:0.001000s ]
SQL: SHOW COLUMNS FROM `tb_role` [ RunTime:0.0040s ]
SQL: UPDATE `tb_role` SET `role_name`='订单主管\\%\\%\\%' WHERE `role_id` = '1001' [ RunTime:0.0620s ]

[ 2016-03-03T13:25:44+08:00 ] 127.0.0.1 /supershop/index.php/Admin/ManageRole/saveRole/r=1456982744199
INFO: [ app_begin ] --START--
INFO: Run Behavior\ReadHtmlCacheBehavior [ RunTime:0.001000s ]
INFO: [ app_begin ] --END-- [ RunTime:0.001000s ]
SQL: SHOW COLUMNS FROM `tb_role` [ RunTime:0.0050s ]
SQL: UPDATE `tb_role` SET `role_name`='订单主管\\\\\\%\\\\\\%\\\\\\%' WHERE `role_id` = '1001' [ RunTime:0.0720s ]

[ 2016-03-03T13:25:47+08:00 ] 127.0.0.1 /supershop/index.php/Admin/ManageRole/saveRole/r=1456982747792
INFO: [ app_begin ] --START--
INFO: Run Behavior\ReadHtmlCacheBehavior [ RunTime:0.001000s ]
INFO: [ app_begin ] --END-- [ RunTime:0.002000s ]
SQL: SHOW COLUMNS FROM `tb_role` [ RunTime:0.0060s ]
SQL: UPDATE `tb_role` SET `role_name`='订单主管' WHERE `role_id` = '1001' [ RunTime:0.0540s ]

[ 2016-03-03T13:25:51+08:00 ] 127.0.0.1 /supershop/index.php/Admin/ManageRole/saveRole/r=1456982751285
INFO: [ app_begin ] --START--
INFO: Run Behavior\ReadHtmlCacheBehavior [ RunTime:0.000000s ]
INFO: [ app_begin ] --END-- [ RunTime:0.001000s ]
SQL: SHOW COLUMNS FROM `tb_role` [ RunTime:0.0040s ]
SQL: UPDATE `tb_role` SET `role_name`='订单主管123' WHERE `role_id` = '1001' [ RunTime:0.0660s ]

[ 2016-03-03T13:25:56+08:00 ] 127.0.0.1 /supershop/index.php/Admin/ManageRole/saveRole/r=1456982756533
INFO: [ app_begin ] --START--
INFO: Run Behavior\ReadHtmlCacheBehavior [ RunTime:0.002000s ]
INFO: [ app_begin ] --END-- [ RunTime:0.002000s ]
SQL: SHOW COLUMNS FROM `tb_role` [ RunTime:0.0040s ]
SQL: UPDATE `tb_role` SET `role_name`='订单主管123\\%\\\\' WHERE `role_id` = '1001' [ RunTime:0.0650s ]

[ 2016-03-03T13:26:34+08:00 ] 127.0.0.1 /supershop/index.php/Admin/ManageRole/saveRole/r=1456982794855
INFO: [ app_begin ] --START--
INFO: Run Behavior\ReadHtmlCacheBehavior [ RunTime:0.001000s ]
INFO: [ app_begin ] --END-- [ RunTime:0.001000s ]
SQL: SHOW COLUMNS FROM `tb_role` [ RunTime:0.0040s ]
SQL: UPDATE `tb_role` SET `role_name`='订单主管123\\\\\\%\\\\\\\\' WHERE `role_id` = '1001' [ RunTime:0.0740s ]

[ 2016-03-03T13:26:44+08:00 ] 127.0.0.1 /supershop/index.php/Admin/ManageRole/saveRole/r=1456982803972
INFO: [ app_begin ] --START--
INFO: Run Behavior\ReadHtmlCacheBehavior [ RunTime:0.001000s ]
INFO: [ app_begin ] --END-- [ RunTime:0.001000s ]
SQL: SHOW COLUMNS FROM `tb_role` [ RunTime:0.0040s ]
SQL: UPDATE `tb_role` SET `role_name`='订单主管123' WHERE `role_id` = '1001' [ RunTime:0.0650s ]

[ 2016-03-03T13:26:57+08:00 ] 127.0.0.1 /supershop/index.php/Admin/ManageRole/saveRole/r=1456982816915
INFO: [ app_begin ] --START--
INFO: Run Behavior\ReadHtmlCacheBehavior [ RunTime:0.001000s ]
INFO: [ app_begin ] --END-- [ RunTime:0.001000s ]
SQL: SHOW COLUMNS FROM `tb_role` [ RunTime:0.0050s ]
SQL: UPDATE `tb_role` SET `role_name`='订单主管\\\\\\%' WHERE `role_id` = '1001' [ RunTime:0.0650s ]

[ 2016-03-03T13:27:47+08:00 ] 127.0.0.1 /supershop/index.php/Admin/ManageRole/saveRole/r=1456982867317
INFO: [ app_begin ] --START--
INFO: Run Behavior\ReadHtmlCacheBehavior [ RunTime:0.001000s ]
INFO: [ app_begin ] --END-- [ RunTime:0.002000s ]
SQL: SHOW COLUMNS FROM `tb_role` [ RunTime:0.0050s ]
SQL: UPDATE `tb_role` SET `role_name`='订单主管' WHERE `role_id` = '1001' [ RunTime:0.0700s ]

[ 2016-03-03T13:27:50+08:00 ] 127.0.0.1 /supershop/index.php/Admin/ManageRole/saveRole/r=1456982870778
INFO: [ app_begin ] --START--
INFO: Run Behavior\ReadHtmlCacheBehavior [ RunTime:0.001000s ]
INFO: [ app_begin ] --END-- [ RunTime:0.001000s ]
SQL: SHOW COLUMNS FROM `tb_role` [ RunTime:0.0040s ]
SQL: UPDATE `tb_role` SET `role_name`='' WHERE `role_id` = '1001' [ RunTime:0.0640s ]

[ 2016-03-03T13:27:55+08:00 ] 127.0.0.1 /supershop/index.php/Admin/ManageRole/saveRole/r=1456982875364
INFO: [ app_begin ] --START--
INFO: Run Behavior\ReadHtmlCacheBehavior [ RunTime:0.002000s ]
INFO: [ app_begin ] --END-- [ RunTime:0.002000s ]
SQL: SHOW COLUMNS FROM `tb_role` [ RunTime:0.0030s ]
SQL: UPDATE `tb_role` SET `role_name`='' WHERE `role_id` = '1001' [ RunTime:0.0300s ]

[ 2016-03-03T13:28:34+08:00 ] 127.0.0.1 /supershop/index.php/Admin/ManageRole/saveRole/r=1456982914225
INFO: [ app_begin ] --START--
INFO: Run Behavior\ReadHtmlCacheBehavior [ RunTime:0.001000s ]
INFO: [ app_begin ] --END-- [ RunTime:0.001000s ]
SQL: SHOW COLUMNS FROM `tb_role` [ RunTime:0.0040s ]
SQL: UPDATE `tb_role` SET `role_name`='订单主管' WHERE `role_id` = '1001' [ RunTime:0.0660s ]

[ 2016-03-03T13:28:35+08:00 ] 127.0.0.1 /supershop/index.php/Admin/ManageRole/saveRole/r=1456982915202
INFO: [ app_begin ] --START--
INFO: Run Behavior\ReadHtmlCacheBehavior [ RunTime:0.001000s ]
INFO: [ app_begin ] --END-- [ RunTime:0.001000s ]
SQL: SHOW COLUMNS FROM `tb_role` [ RunTime:0.0050s ]
SQL: UPDATE `tb_role` SET `role_name`='用户主管' WHERE `role_id` = '1002' [ RunTime:0.0540s ]

[ 2016-03-03T13:30:30+08:00 ] 127.0.0.1 /supershop/index.php/Admin/ManageRole/saveRole/r=1456983030294
INFO: [ app_begin ] --START--
INFO: Run Behavior\ReadHtmlCacheBehavior [ RunTime:0.001000s ]
INFO: [ app_begin ] --END-- [ RunTime:0.002000s ]
SQL: SHOW COLUMNS FROM `tb_role` [ RunTime:0.0080s ]
SQL: UPDATE `tb_role` SET `role_name`='订单主管1' WHERE `role_id` = '1001' [ RunTime:0.0630s ]

[ 2016-03-03T13:30:34+08:00 ] 127.0.0.1 /supershop/index.php/Admin/ManageRole/saveRole/r=1456983034402
INFO: [ app_begin ] --START--
INFO: Run Behavior\ReadHtmlCacheBehavior [ RunTime:0.000000s ]
INFO: [ app_begin ] --END-- [ RunTime:0.001000s ]
SQL: SHOW COLUMNS FROM `tb_role` [ RunTime:0.0040s ]
SQL: UPDATE `tb_role` SET `role_name`='订单主管1\\\\' WHERE `role_id` = '1001' [ RunTime:0.0580s ]

[ 2016-03-03T13:43:57+08:00 ] 127.0.0.1 /supershop/index.php/Admin/ManageOrder/notSendOrder
ERR: 非法操作:notSendOrder

[ 2016-03-03T13:45:33+08:00 ] 127.0.0.1 /supershop/index.php/Admin/ManageRole/saveRole/r=1456983933077
INFO: [ app_begin ] --START--
INFO: Run Behavior\ReadHtmlCacheBehavior [ RunTime:0.001000s ]
INFO: [ app_begin ] --END-- [ RunTime:0.001000s ]
SQL: SHOW COLUMNS FROM `tb_role` [ RunTime:0.0040s ]
SQL: UPDATE `tb_role` SET `role_name`='订单主管' WHERE `role_id` = '1001' [ RunTime:0.0640s ]

[ 2016-03-03T13:50:14+08:00 ] 127.0.0.1 /supershop/index.php/Admin/ManageRole/saveRole/r=1456984214599
INFO: [ app_begin ] --START--
INFO: Run Behavior\ReadHtmlCacheBehavior [ RunTime:0.001000s ]
INFO: [ app_begin ] --END-- [ RunTime:0.001000s ]
SQL: SHOW COLUMNS FROM `tb_admin` [ RunTime:0.0070s ]
SQL: SELECT `role_id` FROM `tb_admin` WHERE `admin_id` = '100001' LIMIT 1   [ RunTime:0.0000s ]
SQL: SHOW COLUMNS FROM `tb_role` [ RunTime:0.0060s ]
SQL: SELECT `role_auth_ac` FROM `tb_role` WHERE `role_id` = '1001' LIMIT 1   [ RunTime:0.0000s ]

[ 2016-03-03T13:50:22+08:00 ] 127.0.0.1 /supershop/index.php/Admin/ManageRole/saveRole/r=1456984222066
INFO: [ app_begin ] --START--
INFO: Run Behavior\ReadHtmlCacheBehavior [ RunTime:0.001000s ]
INFO: [ app_begin ] --END-- [ RunTime:0.001000s ]
SQL: SHOW COLUMNS FROM `tb_admin` [ RunTime:0.0050s ]
SQL: SELECT `role_id` FROM `tb_admin` WHERE `admin_id` = '100001' LIMIT 1   [ RunTime:0.0010s ]
SQL: SHOW COLUMNS FROM `tb_role` [ RunTime:0.0040s ]
SQL: SELECT `role_auth_ac` FROM `tb_role` WHERE `role_id` = '1001' LIMIT 1   [ RunTime:0.0010s ]

[ 2016-03-03T13:50:39+08:00 ] 127.0.0.1 /supershop/index.php/Admin/ManageRole/saveRole/r=1456984239499
INFO: [ app_begin ] --START--
INFO: Run Behavior\ReadHtmlCacheBehavior [ RunTime:0.001000s ]
INFO: [ app_begin ] --END-- [ RunTime:0.002000s ]
SQL: SHOW COLUMNS FROM `tb_admin` [ RunTime:0.0060s ]
SQL: SELECT `role_id` FROM `tb_admin` WHERE `admin_id` = '100001' LIMIT 1   [ RunTime:0.0000s ]
SQL: SHOW COLUMNS FROM `tb_role` [ RunTime:0.0090s ]
SQL: SELECT `role_auth_ac` FROM `tb_role` WHERE `role_id` = '1001' LIMIT 1   [ RunTime:0.0010s ]

[ 2016-03-03T13:51:56+08:00 ] 127.0.0.1 /supershop/index.php/Admin/ManageRole/saveRole/r=1456984316506
INFO: [ app_begin ] --START--
INFO: Run Behavior\ReadHtmlCacheBehavior [ RunTime:0.001000s ]
INFO: [ app_begin ] --END-- [ RunTime:0.001000s ]
SQL: SHOW COLUMNS FROM `tb_admin` [ RunTime:0.0080s ]
SQL: SELECT `role_id` FROM `tb_admin` WHERE `admin_id` = '100001' LIMIT 1   [ RunTime:0.0000s ]
SQL: SHOW COLUMNS FROM `tb_role` [ RunTime:0.0050s ]
SQL: SELECT `role_auth_ac` FROM `tb_role` WHERE `role_id` = '1001' LIMIT 1   [ RunTime:0.0000s ]

[ 2016-03-03T13:59:02+08:00 ] 127.0.0.1 /supershop/index.php/Admin/ManageRole/saveRole/r=1456984742059
INFO: [ app_begin ] --START--
INFO: Run Behavior\ReadHtmlCacheBehavior [ RunTime:0.002000s ]
INFO: [ app_begin ] --END-- [ RunTime:0.002000s ]
SQL: SHOW COLUMNS FROM `tb_admin` [ RunTime:0.0050s ]
SQL: SELECT `role_id` FROM `tb_admin` WHERE `admin_id` = '100001' LIMIT 1   [ RunTime:0.0000s ]
SQL: SHOW COLUMNS FROM `tb_role` [ RunTime:0.0040s ]
SQL: SELECT `role_auth_ac` FROM `tb_role` WHERE `role_id` = '1001' LIMIT 1   [ RunTime:0.0000s ]

[ 2016-03-03T14:00:25+08:00 ] 127.0.0.1 /supershop/index.php/Admin/ManageRole/saveRole
INFO: [ app_begin ] --START--
INFO: Run Behavior\ReadHtmlCacheBehavior [ RunTime:0.001000s ]
INFO: [ app_begin ] --END-- [ RunTime:0.002000s ]
SQL: SHOW COLUMNS FROM `tb_admin` [ RunTime:0.0040s ]
SQL: SELECT `role_id` FROM `tb_admin` WHERE `admin_id` = '100001' LIMIT 1   [ RunTime:0.0010s ]
SQL: SHOW COLUMNS FROM `tb_role` [ RunTime:0.0080s ]
SQL: SELECT `role_auth_ac` FROM `tb_role` WHERE `role_id` = '1001' LIMIT 1   [ RunTime:0.0000s ]

[ 2016-03-03T14:00:37+08:00 ] 127.0.0.1 /supershop/index.php/Admin/ManageRole/saveRole
INFO: [ app_begin ] --START--
INFO: Run Behavior\ReadHtmlCacheBehavior [ RunTime:0.002000s ]
INFO: [ app_begin ] --END-- [ RunTime:0.003001s ]
SQL: SHOW COLUMNS FROM `tb_admin` [ RunTime:0.0050s ]
SQL: SELECT `role_id` FROM `tb_admin` WHERE `admin_id` = '100001' LIMIT 1   [ RunTime:0.0000s ]
SQL: SHOW COLUMNS FROM `tb_role` [ RunTime:0.0050s ]
SQL: SELECT `role_auth_ac` FROM `tb_role` WHERE `role_id` = '1001' LIMIT 1   [ RunTime:0.0000s ]

[ 2016-03-03T14:02:55+08:00 ] 127.0.0.1 /supershop/index.php/Admin/ManageRole/saveRole/r=1456984975511
INFO: [ app_begin ] --START--
INFO: Run Behavior\ReadHtmlCacheBehavior [ RunTime:0.001000s ]
INFO: [ app_begin ] --END-- [ RunTime:0.001000s ]
SQL: SHOW COLUMNS FROM `tb_admin` [ RunTime:0.0040s ]
SQL: SELECT `role_id` FROM `tb_admin` WHERE `admin_id` = '100001' LIMIT 1   [ RunTime:0.0000s ]
SQL: SHOW COLUMNS FROM `tb_role` [ RunTime:0.0040s ]
SQL: SELECT `role_auth_ac` FROM `tb_role` WHERE `role_id` = '1001' LIMIT 1   [ RunTime:0.0000s ]

[ 2016-03-03T14:17:58+08:00 ] 127.0.0.1 /supershop/index.php/Admin/ManageRole/saveRole/r=1456985878345
INFO: [ app_begin ] --START--
INFO: Run Behavior\ReadHtmlCacheBehavior [ RunTime:0.001000s ]
INFO: [ app_begin ] --END-- [ RunTime:0.001000s ]
SQL: SHOW COLUMNS FROM `tb_admin` [ RunTime:0.0050s ]
SQL: SELECT `role_id` FROM `tb_admin` WHERE `admin_id` = '100001' LIMIT 1   [ RunTime:0.0000s ]
SQL: SHOW COLUMNS FROM `tb_role` [ RunTime:0.0050s ]
SQL: SELECT `role_auth_ac` FROM `tb_role` WHERE `role_id` = '1001' LIMIT 1   [ RunTime:0.0000s ]

[ 2016-03-03T14:22:05+08:00 ] 127.0.0.1 /supershop/index.php/Admin/ManageRole/saveRole/r=1456986125807
INFO: [ app_begin ] --START--
INFO: Run Behavior\ReadHtmlCacheBehavior [ RunTime:0.001000s ]
INFO: [ app_begin ] --END-- [ RunTime:0.002000s ]
SQL: SHOW COLUMNS FROM `tb_admin` [ RunTime:0.0060s ]
SQL: SELECT `role_id` FROM `tb_admin` WHERE `admin_id` = '100001' LIMIT 1   [ RunTime:0.0010s ]
SQL: SHOW COLUMNS FROM `tb_role` [ RunTime:0.0050s ]
SQL: SELECT `role_auth_ac` FROM `tb_role` WHERE `role_id` = '1001' LIMIT 1   [ RunTime:0.0000s ]

[ 2016-03-03T14:24:00+08:00 ] 127.0.0.1 /supershop/index.php/Admin/ManageRole/saveRole/r=1456986240100
INFO: [ app_begin ] --START--
INFO: Run Behavior\ReadHtmlCacheBehavior [ RunTime:0.001000s ]
INFO: [ app_begin ] --END-- [ RunTime:0.002000s ]
SQL: SHOW COLUMNS FROM `tb_admin` [ RunTime:0.0060s ]
SQL: SELECT `role_id` FROM `tb_admin` WHERE `admin_id` = '100001' LIMIT 1   [ RunTime:0.0000s ]
SQL: SHOW COLUMNS FROM `tb_role` [ RunTime:0.0050s ]
SQL: SELECT `role_auth_ac` FROM `tb_role` WHERE `role_id` = '1001' LIMIT 1   [ RunTime:0.0010s ]

[ 2016-03-03T14:25:34+08:00 ] 127.0.0.1 /supershop/index.php/Admin/ManageRole/saveRole/r=1456986334638
INFO: [ app_begin ] --START--
INFO: Run Behavior\ReadHtmlCacheBehavior [ RunTime:0.001000s ]
INFO: [ app_begin ] --END-- [ RunTime:0.002000s ]
SQL: SHOW COLUMNS FROM `tb_admin` [ RunTime:0.0040s ]
SQL: SELECT `role_id` FROM `tb_admin` WHERE `admin_id` = '100001' LIMIT 1   [ RunTime:0.0000s ]
SQL: SHOW COLUMNS FROM `tb_role` [ RunTime:0.0050s ]
SQL: SELECT `role_auth_ac` FROM `tb_role` WHERE `role_id` = '1001' LIMIT 1   [ RunTime:0.0000s ]

[ 2016-03-03T14:26:22+08:00 ] 127.0.0.1 /supershop/index.php/Admin/ManageRole/saveRole/r=1456986382356
INFO: [ app_begin ] --START--
INFO: Run Behavior\ReadHtmlCacheBehavior [ RunTime:0.001000s ]
INFO: [ app_begin ] --END-- [ RunTime:0.001000s ]
SQL: SHOW COLUMNS FROM `tb_admin` [ RunTime:0.0030s ]
SQL: SELECT `role_id` FROM `tb_admin` WHERE `admin_id` = '100001' LIMIT 1   [ RunTime:0.0000s ]
SQL: SHOW COLUMNS FROM `tb_role` [ RunTime:0.0040s ]
SQL: SELECT `role_auth_ac` FROM `tb_role` WHERE `role_id` = '1001' LIMIT 1   [ RunTime:0.0000s ]

[ 2016-03-03T14:29:56+08:00 ] 127.0.0.1 /supershop/index.php/Admin/ManageRole/saveRole/r=1456986596352
INFO: [ app_begin ] --START--
INFO: Run Behavior\ReadHtmlCacheBehavior [ RunTime:0.002001s ]
INFO: [ app_begin ] --END-- [ RunTime:0.002001s ]
SQL: SHOW COLUMNS FROM `tb_admin` [ RunTime:0.0090s ]
SQL: SELECT `role_id` FROM `tb_admin` WHERE `admin_id` = '100001' LIMIT 1   [ RunTime:0.0010s ]
SQL: SHOW COLUMNS FROM `tb_role` [ RunTime:0.0060s ]
SQL: SELECT `role_auth_ac` FROM `tb_role` WHERE `role_id` = '1001' LIMIT 1   [ RunTime:0.0000s ]

[ 2016-03-03T14:32:39+08:00 ] 127.0.0.1 /supershop/index.php/Admin/ManageRole/saveRole/r=1456986759820
INFO: [ app_begin ] --START--
INFO: Run Behavior\ReadHtmlCacheBehavior [ RunTime:0.001000s ]
INFO: [ app_begin ] --END-- [ RunTime:0.002000s ]
SQL: SHOW COLUMNS FROM `tb_admin` [ RunTime:0.0040s ]
SQL: SELECT `role_id` FROM `tb_admin` WHERE `admin_id` = '100001' LIMIT 1   [ RunTime:0.0000s ]
SQL: SHOW COLUMNS FROM `tb_role` [ RunTime:0.0030s ]
SQL: SELECT `role_auth_ac` FROM `tb_role` WHERE `role_id` = '1001' LIMIT 1   [ RunTime:0.0000s ]

[ 2016-03-03T14:32:46+08:00 ] 127.0.0.1 /supershop/index.php/Admin/ManageRole/saveRole/r=1456986765949
INFO: [ app_begin ] --START--
INFO: Run Behavior\ReadHtmlCacheBehavior [ RunTime:0.002000s ]
INFO: [ app_begin ] --END-- [ RunTime:0.004000s ]
SQL: SHOW COLUMNS FROM `tb_admin` [ RunTime:0.0060s ]
SQL: SELECT `role_id` FROM `tb_admin` WHERE `admin_id` = '100001' LIMIT 1   [ RunTime:0.0000s ]
SQL: SHOW COLUMNS FROM `tb_role` [ RunTime:0.0060s ]
SQL: SELECT `role_auth_ac` FROM `tb_role` WHERE `role_id` = '1001' LIMIT 1   [ RunTime:0.0010s ]

[ 2016-03-03T14:33:44+08:00 ] 127.0.0.1 /supershop/index.php/Admin/ManageRole/saveRole/r=1456986824454
INFO: [ app_begin ] --START--
INFO: Run Behavior\ReadHtmlCacheBehavior [ RunTime:0.001001s ]
INFO: [ app_begin ] --END-- [ RunTime:0.001001s ]
SQL: SHOW COLUMNS FROM `tb_admin` [ RunTime:0.0150s ]
SQL: SELECT `role_id` FROM `tb_admin` WHERE `admin_id` = '100001' LIMIT 1   [ RunTime:0.0010s ]
SQL: SHOW COLUMNS FROM `tb_role` [ RunTime:0.0050s ]
SQL: SELECT `role_auth_ac` FROM `tb_role` WHERE `role_id` = '1001' LIMIT 1   [ RunTime:0.0000s ]

[ 2016-03-03T14:33:49+08:00 ] 127.0.0.1 /supershop/index.php/Admin/ManageRole/saveRole/r=1456986829852
INFO: [ app_begin ] --START--
INFO: Run Behavior\ReadHtmlCacheBehavior [ RunTime:0.001000s ]
INFO: [ app_begin ] --END-- [ RunTime:0.002000s ]
SQL: SHOW COLUMNS FROM `tb_admin` [ RunTime:0.0030s ]
SQL: SELECT `role_id` FROM `tb_admin` WHERE `admin_id` = '100001' LIMIT 1   [ RunTime:0.0000s ]
SQL: SHOW COLUMNS FROM `tb_role` [ RunTime:0.0040s ]
SQL: SELECT `role_auth_ac` FROM `tb_role` WHERE `role_id` = '1001' LIMIT 1   [ RunTime:0.0000s ]

[ 2016-03-03T14:34:31+08:00 ] 127.0.0.1 /supershop/index.php/Admin/ManageRole/saveRole/r=1456986871277
INFO: [ app_begin ] --START--
INFO: Run Behavior\ReadHtmlCacheBehavior [ RunTime:0.000000s ]
INFO: [ app_begin ] --END-- [ RunTime:0.001000s ]
SQL: SHOW COLUMNS FROM `tb_admin` [ RunTime:0.0040s ]
SQL: SELECT `role_id` FROM `tb_admin` WHERE `admin_id` = '100001' LIMIT 1   [ RunTime:0.0010s ]
SQL: SHOW COLUMNS FROM `tb_role` [ RunTime:0.0040s ]
SQL: SELECT `role_auth_ac` FROM `tb_role` WHERE `role_id` = '1001' LIMIT 1   [ RunTime:0.0010s ]

[ 2016-03-03T14:34:36+08:00 ] 127.0.0.1 /supershop/index.php/Admin/ManageRole/saveRole/r=1456986876388
INFO: [ app_begin ] --START--
INFO: Run Behavior\ReadHtmlCacheBehavior [ RunTime:0.001000s ]
INFO: [ app_begin ] --END-- [ RunTime:0.002000s ]
SQL: SHOW COLUMNS FROM `tb_admin` [ RunTime:0.0040s ]
SQL: SELECT `role_id` FROM `tb_admin` WHERE `admin_id` = '100001' LIMIT 1   [ RunTime:0.0000s ]
SQL: SHOW COLUMNS FROM `tb_role` [ RunTime:0.0040s ]
SQL: SELECT `role_auth_ac` FROM `tb_role` WHERE `role_id` = '1001' LIMIT 1   [ RunTime:0.0010s ]

[ 2016-03-03T14:34:39+08:00 ] 127.0.0.1 /supershop/index.php/Admin/ManageRole/saveRole/r=1456986879781
INFO: [ app_begin ] --START--
INFO: Run Behavior\ReadHtmlCacheBehavior [ RunTime:0.000000s ]
INFO: [ app_begin ] --END-- [ RunTime:0.001000s ]
SQL: SHOW COLUMNS FROM `tb_admin` [ RunTime:0.0040s ]
SQL: SELECT `role_id` FROM `tb_admin` WHERE `admin_id` = '100001' LIMIT 1   [ RunTime:0.0010s ]
SQL: SHOW COLUMNS FROM `tb_role` [ RunTime:0.0040s ]
SQL: SELECT `role_auth_ac` FROM `tb_role` WHERE `role_id` = '1001' LIMIT 1   [ RunTime:0.0000s ]

[ 2016-03-03T14:36:21+08:00 ] 127.0.0.1 /supershop/index.php/Admin/ManageRole/saveRole/r=1456986981563
INFO: [ app_begin ] --START--
INFO: Run Behavior\ReadHtmlCacheBehavior [ RunTime:0.001000s ]
INFO: [ app_begin ] --END-- [ RunTime:0.001000s ]
SQL: SHOW COLUMNS FROM `tb_admin` [ RunTime:0.0040s ]
SQL: SELECT `role_id` FROM `tb_admin` WHERE `admin_id` = '100001' LIMIT 1   [ RunTime:0.0000s ]
SQL: SHOW COLUMNS FROM `tb_role` [ RunTime:0.0030s ]
SQL: SELECT `role_auth_ac` FROM `tb_role` WHERE `role_id` = '1001' LIMIT 1   [ RunTime:0.0000s ]

[ 2016-03-03T14:36:26+08:00 ] 127.0.0.1 /supershop/index.php/Admin/ManageRole/saveRole/r=1456986986503
INFO: [ app_begin ] --START--
INFO: Run Behavior\ReadHtmlCacheBehavior [ RunTime:0.002000s ]
INFO: [ app_begin ] --END-- [ RunTime:0.003000s ]
SQL: SHOW COLUMNS FROM `tb_admin` [ RunTime:0.0040s ]
SQL: SELECT `role_id` FROM `tb_admin` WHERE `admin_id` = '100001' LIMIT 1   [ RunTime:0.0000s ]
SQL: SHOW COLUMNS FROM `tb_role` [ RunTime:0.0040s ]
SQL: SELECT `role_auth_ac` FROM `tb_role` WHERE `role_id` = '1001' LIMIT 1   [ RunTime:0.0010s ]

[ 2016-03-03T14:37:05+08:00 ] 127.0.0.1 /supershop/index.php/Admin/ManageRole/saveRole/r=1456987025555
INFO: [ app_begin ] --START--
INFO: Run Behavior\ReadHtmlCacheBehavior [ RunTime:0.001000s ]
INFO: [ app_begin ] --END-- [ RunTime:0.001000s ]
SQL: SHOW COLUMNS FROM `tb_admin` [ RunTime:0.0040s ]
SQL: SELECT `role_id` FROM `tb_admin` WHERE `admin_id` = '100001' LIMIT 1   [ RunTime:0.0010s ]
SQL: SHOW COLUMNS FROM `tb_role` [ RunTime:0.0040s ]
SQL: SELECT `role_auth_ac` FROM `tb_role` WHERE `role_id` = '1001' LIMIT 1   [ RunTime:0.0000s ]

[ 2016-03-03T14:37:13+08:00 ] 127.0.0.1 /supershop/index.php/Admin/ManageRole/saveRole/r=1456987032971
INFO: [ app_begin ] --START--
INFO: Run Behavior\ReadHtmlCacheBehavior [ RunTime:0.001000s ]
INFO: [ app_begin ] --END-- [ RunTime:0.001000s ]
SQL: SHOW COLUMNS FROM `tb_admin` [ RunTime:0.0030s ]
SQL: SELECT `role_id` FROM `tb_admin` WHERE `admin_id` = '100001' LIMIT 1   [ RunTime:0.0000s ]
SQL: SHOW COLUMNS FROM `tb_role` [ RunTime:0.0050s ]
SQL: SELECT `role_auth_ac` FROM `tb_role` WHERE `role_id` = '1001' LIMIT 1   [ RunTime:0.0000s ]

[ 2016-03-03T14:37:33+08:00 ] 127.0.0.1 /supershop/index.php/Admin/ManageRole/saveRole/r=1456987053039
INFO: [ app_begin ] --START--
INFO: Run Behavior\ReadHtmlCacheBehavior [ RunTime:0.001000s ]
INFO: [ app_begin ] --END-- [ RunTime:0.001000s ]
SQL: SHOW COLUMNS FROM `tb_admin` [ RunTime:0.0040s ]
SQL: SELECT `role_id` FROM `tb_admin` WHERE `admin_id` = '100001' LIMIT 1   [ RunTime:0.0000s ]
SQL: SHOW COLUMNS FROM `tb_role` [ RunTime:0.0040s ]
SQL: SELECT `role_auth_ac` FROM `tb_role` WHERE `role_id` = '1001' LIMIT 1   [ RunTime:0.0010s ]

[ 2016-03-03T14:37:36+08:00 ] 127.0.0.1 /supershop/index.php/Admin/ManageRole/saveRole/r=1456987056895
INFO: [ app_begin ] --START--
INFO: Run Behavior\ReadHtmlCacheBehavior [ RunTime:0.001000s ]
INFO: [ app_begin ] --END-- [ RunTime:0.002000s ]
SQL: SHOW COLUMNS FROM `tb_admin` [ RunTime:0.0040s ]
SQL: SELECT `role_id` FROM `tb_admin` WHERE `admin_id` = '100001' LIMIT 1   [ RunTime:0.0000s ]
SQL: SHOW COLUMNS FROM `tb_role` [ RunTime:0.0040s ]
SQL: SELECT `role_auth_ac` FROM `tb_role` WHERE `role_id` = '1001' LIMIT 1   [ RunTime:0.0000s ]

[ 2016-03-03T14:38:08+08:00 ] 127.0.0.1 /supershop/index.php/Admin/ManageRole/saveRole/r=1456987088836
INFO: [ app_begin ] --START--
INFO: Run Behavior\ReadHtmlCacheBehavior [ RunTime:0.000000s ]
INFO: [ app_begin ] --END-- [ RunTime:0.001000s ]
SQL: SHOW COLUMNS FROM `tb_role` [ RunTime:0.0040s ]
SQL: UPDATE `tb_role` SET `role_name`='订单主管1' WHERE `role_id` = '1001' [ RunTime:0.0310s ]

[ 2016-03-03T14:39:15+08:00 ] 127.0.0.1 /supershop/index.php/Admin/ManageRole/saveRole/r=1456987155518
INFO: [ app_begin ] --START--
INFO: Run Behavior\ReadHtmlCacheBehavior [ RunTime:0.002000s ]
INFO: [ app_begin ] --END-- [ RunTime:0.003000s ]
SQL: SHOW COLUMNS FROM `tb_role` [ RunTime:0.0060s ]
SQL: UPDATE `tb_role` SET `role_name`='订单主管2' WHERE `role_id` = '1001' [ RunTime:0.0620s ]

[ 2016-03-03T14:40:02+08:00 ] 127.0.0.1 /supershop/index.php/Admin/ManageRole/saveRole/r=1456987202197
INFO: [ app_begin ] --START--
INFO: Run Behavior\ReadHtmlCacheBehavior [ RunTime:0.000000s ]
INFO: [ app_begin ] --END-- [ RunTime:0.001000s ]
SQL: SHOW COLUMNS FROM `tb_role` [ RunTime:0.0030s ]
SQL: UPDATE `tb_role` SET `role_name`='' WHERE `role_id` = '1001' [ RunTime:0.0540s ]

[ 2016-03-03T14:42:14+08:00 ] 127.0.0.1 /supershop/index.php/Admin/ManageRole/saveRole/r=1456987333886
INFO: [ app_begin ] --START--
INFO: Run Behavior\ReadHtmlCacheBehavior [ RunTime:0.001000s ]
INFO: [ app_begin ] --END-- [ RunTime:0.002000s ]
SQL: SHOW COLUMNS FROM `tb_role` [ RunTime:0.0040s ]
SQL: UPDATE `tb_role` SET `role_name`='订单主管' WHERE `role_id` = '1001' [ RunTime:0.0690s ]

[ 2016-03-03T14:53:58+08:00 ] 127.0.0.1 /supershop/index.php/Admin/ManageRole/saveRole/r=1456988038799
INFO: [ app_begin ] --START--
INFO: Run Behavior\ReadHtmlCacheBehavior [ RunTime:0.001000s ]
INFO: [ app_begin ] --END-- [ RunTime:0.002000s ]
SQL: SHOW COLUMNS FROM `tb_role` [ RunTime:0.0050s ]
SQL: UPDATE `tb_role` SET `role_name`='订单主管1' WHERE `role_id` = '1001' [ RunTime:0.0720s ]

[ 2016-03-03T14:55:38+08:00 ] 127.0.0.1 /supershop/index.php/Admin/ManageRole/saveRole/r=1456988138651
INFO: [ app_begin ] --START--
INFO: Run Behavior\ReadHtmlCacheBehavior [ RunTime:0.001000s ]
INFO: [ app_begin ] --END-- [ RunTime:0.002000s ]
SQL: SHOW COLUMNS FROM `tb_role` [ RunTime:0.0050s ]
SQL: UPDATE `tb_role` SET `role_name`='订单主管2' WHERE `role_id` = '1001' [ RunTime:0.0630s ]

[ 2016-03-03T14:56:18+08:00 ] 127.0.0.1 /supershop/index.php/Admin/ManageRole/saveRole/r=1456988177940
INFO: [ app_begin ] --START--
INFO: Run Behavior\ReadHtmlCacheBehavior [ RunTime:0.000000s ]
INFO: [ app_begin ] --END-- [ RunTime:0.002001s ]
SQL: SHOW COLUMNS FROM `tb_role` [ RunTime:0.0080s ]
SQL: UPDATE `tb_role` SET `role_name`='订单主管' WHERE `role_id` = '1001' [ RunTime:0.0660s ]

[ 2016-03-03T14:58:49+08:00 ] 127.0.0.1 /supershop/index.php/Admin/ManageRole/saveRole/r=1456988329533
INFO: [ app_begin ] --START--
INFO: Run Behavior\ReadHtmlCacheBehavior [ RunTime:0.002000s ]
INFO: [ app_begin ] --END-- [ RunTime:0.002000s ]
SQL: SHOW COLUMNS FROM `tb_role` [ RunTime:0.0050s ]
SQL: UPDATE `tb_role` SET `role_name`='订单主管1' WHERE `role_id` = '1001' [ RunTime:0.0550s ]

[ 2016-03-03T14:59:07+08:00 ] 127.0.0.1 /supershop/index.php/Admin/ManageRole/saveRole/r=1456988346946
INFO: [ app_begin ] --START--
INFO: Run Behavior\ReadHtmlCacheBehavior [ RunTime:0.002000s ]
INFO: [ app_begin ] --END-- [ RunTime:0.002000s ]
SQL: SHOW COLUMNS FROM `tb_role` [ RunTime:0.0050s ]
SQL: UPDATE `tb_role` SET `role_name`='订单主管' WHERE `role_id` = '1001' [ RunTime:0.0570s ]

[ 2016-03-03T14:59:35+08:00 ] 127.0.0.1 /supershop/index.php/Admin/ManageRole/saveRole/r=1456988375184
INFO: [ app_begin ] --START--
INFO: Run Behavior\ReadHtmlCacheBehavior [ RunTime:0.001000s ]
INFO: [ app_begin ] --END-- [ RunTime:0.002000s ]
SQL: SHOW COLUMNS FROM `tb_role` [ RunTime:0.0040s ]
SQL: UPDATE `tb_role` SET `role_name`='订单主管1' WHERE `role_id` = '1001' [ RunTime:0.0360s ]

[ 2016-03-03T15:00:20+08:00 ] 127.0.0.1 /supershop/index.php/Admin/ManageRole/saveRole/r=1456988420022
INFO: [ app_begin ] --START--
INFO: Run Behavior\ReadHtmlCacheBehavior [ RunTime:0.000000s ]
INFO: [ app_begin ] --END-- [ RunTime:0.001000s ]
SQL: SHOW COLUMNS FROM `tb_role` [ RunTime:0.0040s ]
SQL: UPDATE `tb_role` SET `role_name`='订单主管2' WHERE `role_id` = '1001' [ RunTime:0.0680s ]

[ 2016-03-03T15:01:12+08:00 ] 127.0.0.1 /supershop/index.php/Admin/ManageRole/saveRole/r=1456988472325
INFO: [ app_begin ] --START--
INFO: Run Behavior\ReadHtmlCacheBehavior [ RunTime:0.001000s ]
INFO: [ app_begin ] --END-- [ RunTime:0.002000s ]
SQL: SHOW COLUMNS FROM `tb_role` [ RunTime:0.0040s ]
SQL: UPDATE `tb_role` SET `role_name`='订单主管1' WHERE `role_id` = '1001' [ RunTime:0.0770s ]

[ 2016-03-03T15:01:43+08:00 ] 127.0.0.1 /supershop/index.php/Admin/ManageRole/saveRole/r=1456988503725
INFO: [ app_begin ] --START--
INFO: Run Behavior\ReadHtmlCacheBehavior [ RunTime:0.001000s ]
INFO: [ app_begin ] --END-- [ RunTime:0.001000s ]
SQL: SHOW COLUMNS FROM `tb_role` [ RunTime:0.0070s ]
SQL: UPDATE `tb_role` SET `role_name`='订单主管2' WHERE `role_id` = '1001' [ RunTime:0.0660s ]

[ 2016-03-03T15:04:05+08:00 ] 127.0.0.1 /supershop/index.php/Admin/ManageRole/saveRole/r=1456988645720
INFO: [ app_begin ] --START--
INFO: Run Behavior\ReadHtmlCacheBehavior [ RunTime:0.001000s ]
INFO: [ app_begin ] --END-- [ RunTime:0.002000s ]
SQL: SHOW COLUMNS FROM `tb_role` [ RunTime:0.0050s ]
SQL: UPDATE `tb_role` SET `role_name`='订单主管1' WHERE `role_id` = '1001' [ RunTime:0.0770s ]

[ 2016-03-03T15:04:55+08:00 ] 127.0.0.1 /supershop/index.php/Admin/ManageRole/saveRole/r=1456988695775
INFO: [ app_begin ] --START--
INFO: Run Behavior\ReadHtmlCacheBehavior [ RunTime:0.001000s ]
INFO: [ app_begin ] --END-- [ RunTime:0.001000s ]
SQL: SHOW COLUMNS FROM `tb_role` [ RunTime:0.0060s ]
SQL: UPDATE `tb_role` SET `role_name`='订单主管2' WHERE `role_id` = '1001' [ RunTime:0.0670s ]

[ 2016-03-03T15:06:53+08:00 ] 127.0.0.1 /supershop/index.php/Admin/ManageRole/saveRole/r=1456988812916
INFO: [ app_begin ] --START--
INFO: Run Behavior\ReadHtmlCacheBehavior [ RunTime:0.001000s ]
INFO: [ app_begin ] --END-- [ RunTime:0.001000s ]
SQL: SHOW COLUMNS FROM `tb_role` [ RunTime:0.0060s ]
SQL: UPDATE `tb_role` SET `role_name`='订单主管1' WHERE `role_id` = '1001' [ RunTime:0.0650s ]

[ 2016-03-03T15:07:18+08:00 ] 127.0.0.1 /supershop/index.php/Admin/ManageRole/saveRole/r=1456988838630
INFO: [ app_begin ] --START--
INFO: Run Behavior\ReadHtmlCacheBehavior [ RunTime:0.001000s ]
INFO: [ app_begin ] --END-- [ RunTime:0.002000s ]
SQL: SHOW COLUMNS FROM `tb_role` [ RunTime:0.0050s ]
SQL: UPDATE `tb_role` SET `role_name`='订单主管1\\\\' WHERE `role_id` = '1001' [ RunTime:0.0690s ]

[ 2016-03-03T15:08:32+08:00 ] 127.0.0.1 /supershop/index.php/Admin/ManageRole/saveRole/r=1456988912006
INFO: [ app_begin ] --START--
INFO: Run Behavior\ReadHtmlCacheBehavior [ RunTime:0.001000s ]
INFO: [ app_begin ] --END-- [ RunTime:0.001000s ]
SQL: SHOW COLUMNS FROM `tb_role` [ RunTime:0.0050s ]
SQL: UPDATE `tb_role` SET `role_name`='订单主管1' WHERE `role_id` = '1001' [ RunTime:0.0640s ]

[ 2016-03-03T15:08:37+08:00 ] 127.0.0.1 /supershop/index.php/Admin/ManageRole/saveRole/r=1456988917661
INFO: [ app_begin ] --START--
INFO: Run Behavior\ReadHtmlCacheBehavior [ RunTime:0.001000s ]
INFO: [ app_begin ] --END-- [ RunTime:0.001000s ]
SQL: SHOW COLUMNS FROM `tb_role` [ RunTime:0.0050s ]
SQL: UPDATE `tb_role` SET `role_name`='订单主管1\\%' WHERE `role_id` = '1001' [ RunTime:0.0640s ]

[ 2016-03-03T15:09:33+08:00 ] 127.0.0.1 /supershop/index.php/Admin/ManageRole/saveRole/r=1456988973209
INFO: [ app_begin ] --START--
INFO: Run Behavior\ReadHtmlCacheBehavior [ RunTime:0.001000s ]
INFO: [ app_begin ] --END-- [ RunTime:0.001000s ]
SQL: SHOW COLUMNS FROM `tb_role` [ RunTime:0.0040s ]
SQL: UPDATE `tb_role` SET `role_name`='订单主管1' WHERE `role_id` = '1001' [ RunTime:0.0770s ]

[ 2016-03-03T15:09:39+08:00 ] 127.0.0.1 /supershop/index.php/Admin/ManageRole/saveRole/r=1456988979528
INFO: [ app_begin ] --START--
INFO: Run Behavior\ReadHtmlCacheBehavior [ RunTime:0.001000s ]
INFO: [ app_begin ] --END-- [ RunTime:0.001000s ]
SQL: SHOW COLUMNS FROM `tb_role` [ RunTime:0.0040s ]
SQL: UPDATE `tb_role` SET `role_name`='订单主管1\\%' WHERE `role_id` = '1001' [ RunTime:0.0630s ]

[ 2016-03-03T15:14:02+08:00 ] 127.0.0.1 /supershop/index.php/Admin/ManageRole/saveRole/r=1456989242039
INFO: [ app_begin ] --START--
INFO: Run Behavior\ReadHtmlCacheBehavior [ RunTime:0.001000s ]
INFO: [ app_begin ] --END-- [ RunTime:0.001000s ]
SQL: SHOW COLUMNS FROM `tb_role` [ RunTime:0.0060s ]
SQL: UPDATE `tb_role` SET `role_name`='订单主管1' WHERE `role_id` = '1001' [ RunTime:0.0830s ]

[ 2016-03-03T15:14:07+08:00 ] 127.0.0.1 /supershop/index.php/Admin/ManageRole/saveRole/r=1456989247542
INFO: [ app_begin ] --START--
INFO: Run Behavior\ReadHtmlCacheBehavior [ RunTime:0.001000s ]
INFO: [ app_begin ] --END-- [ RunTime:0.001000s ]
SQL: SHOW COLUMNS FROM `tb_role` [ RunTime:0.0040s ]
SQL: UPDATE `tb_role` SET `role_name`='订单主管1\\%' WHERE `role_id` = '1001' [ RunTime:0.0650s ]

[ 2016-03-03T15:17:19+08:00 ] 127.0.0.1 /supershop/index.php/Admin/ManageRole/saveRole/r=1456989439578
INFO: [ app_begin ] --START--
INFO: Run Behavior\ReadHtmlCacheBehavior [ RunTime:0.001000s ]
INFO: [ app_begin ] --END-- [ RunTime:0.001000s ]
SQL: SHOW COLUMNS FROM `tb_role` [ RunTime:0.0040s ]
SQL: UPDATE `tb_role` SET `role_name`='订单主管1\\%' WHERE `role_id` = '1001' [ RunTime:0.0660s ]

[ 2016-03-03T15:22:18+08:00 ] 127.0.0.1 /supershop/index.php/Admin/ManageRole/saveRole/r=1456989738078
INFO: [ app_begin ] --START--
INFO: Run Behavior\ReadHtmlCacheBehavior [ RunTime:0.001000s ]
INFO: [ app_begin ] --END-- [ RunTime:0.001000s ]
SQL: SHOW COLUMNS FROM `tb_role` [ RunTime:0.0060s ]
SQL: UPDATE `tb_role` SET `role_name`='订单主管' WHERE `role_id` = '1001' [ RunTime:0.0600s ]

[ 2016-03-03T15:22:23+08:00 ] 127.0.0.1 /supershop/index.php/Admin/ManageRole/saveRole/r=1456989743768
INFO: [ app_begin ] --START--
INFO: Run Behavior\ReadHtmlCacheBehavior [ RunTime:0.001000s ]
INFO: [ app_begin ] --END-- [ RunTime:0.002000s ]
SQL: SHOW COLUMNS FROM `tb_role` [ RunTime:0.0040s ]
SQL: UPDATE `tb_role` SET `role_name`='订单主管\\%' WHERE `role_id` = '1001' [ RunTime:0.0550s ]

[ 2016-03-03T15:23:29+08:00 ] 127.0.0.1 /supershop/index.php/Admin/ManageRole/saveRole/r=1456989809355
INFO: [ app_begin ] --START--
INFO: Run Behavior\ReadHtmlCacheBehavior [ RunTime:0.001000s ]
INFO: [ app_begin ] --END-- [ RunTime:0.001000s ]
SQL: SHOW COLUMNS FROM `tb_role` [ RunTime:0.0050s ]
SQL: UPDATE `tb_role` SET `role_name`='订单主管\\%' WHERE `role_id` = '1001' [ RunTime:0.0660s ]

[ 2016-03-03T15:23:38+08:00 ] 127.0.0.1 /supershop/index.php/Admin/ManageRole/saveRole/r=1456989817913
INFO: [ app_begin ] --START--
INFO: Run Behavior\ReadHtmlCacheBehavior [ RunTime:0.001000s ]
INFO: [ app_begin ] --END-- [ RunTime:0.003000s ]
SQL: SHOW COLUMNS FROM `tb_role` [ RunTime:0.0040s ]
SQL: UPDATE `tb_role` SET `role_name`='订单主管\\\\' WHERE `role_id` = '1001' [ RunTime:0.0570s ]

[ 2016-03-03T15:23:59+08:00 ] 127.0.0.1 /supershop/index.php/Admin/ManageRole/saveRole/r=1456989839461
INFO: [ app_begin ] --START--
INFO: Run Behavior\ReadHtmlCacheBehavior [ RunTime:0.001000s ]
INFO: [ app_begin ] --END-- [ RunTime:0.001000s ]
SQL: SHOW COLUMNS FROM `tb_role` [ RunTime:0.0040s ]
SQL: UPDATE `tb_role` SET `role_name`='订单主管/' WHERE `role_id` = '1001' [ RunTime:0.0630s ]

[ 2016-03-03T15:24:05+08:00 ] 127.0.0.1 /supershop/index.php/Admin/ManageRole/saveRole/r=1456989845640
INFO: [ app_begin ] --START--
INFO: Run Behavior\ReadHtmlCacheBehavior [ RunTime:0.001000s ]
INFO: [ app_begin ] --END-- [ RunTime:0.001000s ]
SQL: SHOW COLUMNS FROM `tb_role` [ RunTime:0.0040s ]
SQL: UPDATE `tb_role` SET `role_name`='订单主管\\\\' WHERE `role_id` = '1001' [ RunTime:0.0590s ]

[ 2016-03-03T15:24:17+08:00 ] 127.0.0.1 /supershop/index.php/Admin/ManageRole/saveRole/r=1456989857175
INFO: [ app_begin ] --START--
INFO: Run Behavior\ReadHtmlCacheBehavior [ RunTime:0.000000s ]
INFO: [ app_begin ] --END-- [ RunTime:0.001000s ]
SQL: SHOW COLUMNS FROM `tb_role` [ RunTime:0.0060s ]
SQL: UPDATE `tb_role` SET `role_name`='订单主管\\\\' WHERE `role_id` = '1001' [ RunTime:0.0710s ]

[ 2016-03-03T15:24:22+08:00 ] 127.0.0.1 /supershop/index.php/Admin/ManageRole/saveRole/r=1456989862080
INFO: [ app_begin ] --START--
INFO: Run Behavior\ReadHtmlCacheBehavior [ RunTime:0.001000s ]
INFO: [ app_begin ] --END-- [ RunTime:0.002001s ]
SQL: SHOW COLUMNS FROM `tb_role` [ RunTime:0.0080s ]
SQL: UPDATE `tb_role` SET `role_name`='订单主管' WHERE `role_id` = '1001' [ RunTime:0.0670s ]

[ 2016-03-03T15:24:25+08:00 ] 127.0.0.1 /supershop/index.php/Admin/ManageRole/saveRole/r=1456989865547
INFO: [ app_begin ] --START--
INFO: Run Behavior\ReadHtmlCacheBehavior [ RunTime:0.002000s ]
INFO: [ app_begin ] --END-- [ RunTime:0.002000s ]
SQL: SHOW COLUMNS FROM `tb_role` [ RunTime:0.0040s ]
SQL: UPDATE `tb_role` SET `role_name`='订单主管' WHERE `role_id` = '1001' [ RunTime:0.0630s ]

[ 2016-03-03T15:25:05+08:00 ] 127.0.0.1 /supershop/index.php/Admin/ManageRole/saveRole/r=1456989904903
INFO: [ app_begin ] --START--
INFO: Run Behavior\ReadHtmlCacheBehavior [ RunTime:0.000000s ]
INFO: [ app_begin ] --END-- [ RunTime:0.002000s ]
SQL: SHOW COLUMNS FROM `tb_role` [ RunTime:0.0040s ]
SQL: UPDATE `tb_role` SET `role_name`='订单主管' WHERE `role_id` = '1001' [ RunTime:0.0580s ]

[ 2016-03-03T15:25:12+08:00 ] 127.0.0.1 /supershop/index.php/Admin/ManageRole/saveRole/r=1456989911991
INFO: [ app_begin ] --START--
INFO: Run Behavior\ReadHtmlCacheBehavior [ RunTime:0.001000s ]
INFO: [ app_begin ] --END-- [ RunTime:0.002000s ]
SQL: SHOW COLUMNS FROM `tb_role` [ RunTime:0.0050s ]
SQL: UPDATE `tb_role` SET `role_name`='订单主管\\%' WHERE `role_id` = '1001' [ RunTime:0.0690s ]

[ 2016-03-03T15:27:27+08:00 ] 127.0.0.1 /supershop/index.php/Admin/ManageRole/saveRole/r=1456990046991
INFO: [ app_begin ] --START--
INFO: Run Behavior\ReadHtmlCacheBehavior [ RunTime:0.001000s ]
INFO: [ app_begin ] --END-- [ RunTime:0.001000s ]
SQL: SHOW COLUMNS FROM `tb_role` [ RunTime:0.0050s ]
SQL: UPDATE `tb_role` SET `role_name`='订单主管\\_' WHERE `role_id` = '1001' [ RunTime:0.0720s ]

[ 2016-03-03T15:43:40+08:00 ] 127.0.0.1 /supershop/index.php/Admin/ManageRole/saveRole/r=1456991020860
INFO: [ app_begin ] --START--
INFO: Run Behavior\ReadHtmlCacheBehavior [ RunTime:0.000000s ]
INFO: [ app_begin ] --END-- [ RunTime:0.001000s ]
SQL: SHOW COLUMNS FROM `tb_role` [ RunTime:0.0040s ]
SQL: SELECT `role_name` FROM `tb_role` WHERE `role_id` = '1001' LIMIT 1   [ RunTime:0.0000s ]
SQL: UPDATE `tb_role` SET `role_name`='订单主管' WHERE `role_id` = '1001' [ RunTime:0.0370s ]

[ 2016-03-03T15:43:51+08:00 ] 127.0.0.1 /supershop/index.php/Admin/ManageRole/saveRole/r=1456991031827
INFO: [ app_begin ] --START--
INFO: Run Behavior\ReadHtmlCacheBehavior [ RunTime:0.000000s ]
INFO: [ app_begin ] --END-- [ RunTime:0.001000s ]
SQL: SHOW COLUMNS FROM `tb_role` [ RunTime:0.0090s ]
SQL: SELECT `role_name` FROM `tb_role` WHERE `role_id` = '1001' LIMIT 1   [ RunTime:0.0000s ]
SQL: UPDATE `tb_role` SET `role_name`='订单主管' WHERE `role_id` = '1001' [ RunTime:0.0560s ]

[ 2016-03-03T15:45:19+08:00 ] 127.0.0.1 /supershop/index.php/Admin/ManageRole/saveRole/r=1456991119202
INFO: [ app_begin ] --START--
INFO: Run Behavior\ReadHtmlCacheBehavior [ RunTime:0.001000s ]
INFO: [ app_begin ] --END-- [ RunTime:0.003000s ]
SQL: SHOW COLUMNS FROM `tb_role` [ RunTime:0.0050s ]
SQL: SELECT `role_name` FROM `tb_role` WHERE `role_id` = '1001' LIMIT 1   [ RunTime:0.0010s ]
SQL: UPDATE `tb_role` SET `role_name`='订单主管' WHERE `role_id` = '1001' [ RunTime:0.0560s ]

[ 2016-03-03T15:45:42+08:00 ] 127.0.0.1 /supershop/index.php/Admin/ManageRole/saveRole/r=1456991142578
INFO: [ app_begin ] --START--
INFO: Run Behavior\ReadHtmlCacheBehavior [ RunTime:0.001000s ]
INFO: [ app_begin ] --END-- [ RunTime:0.001000s ]
SQL: SHOW COLUMNS FROM `tb_role` [ RunTime:0.0050s ]
SQL: SELECT `role_name` FROM `tb_role` WHERE `role_id` = '1001' LIMIT 1   [ RunTime:0.0000s ]

[ 2016-03-03T15:46:35+08:00 ] 127.0.0.1 /supershop/index.php/Admin/ManageRole/saveRole/r=1456991195773
INFO: [ app_begin ] --START--
INFO: Run Behavior\ReadHtmlCacheBehavior [ RunTime:0.001000s ]
INFO: [ app_begin ] --END-- [ RunTime:0.002000s ]
SQL: SHOW COLUMNS FROM `tb_role` [ RunTime:0.0050s ]
SQL: SELECT `role_name` FROM `tb_role` WHERE `role_id` = '1001' LIMIT 1   [ RunTime:0.0000s ]
SQL: UPDATE `tb_role` SET `role_name`='订单主管1' WHERE `role_id` = '1001' [ RunTime:0.0660s ]

[ 2016-03-03T15:46:45+08:00 ] 127.0.0.1 /supershop/index.php/Admin/ManageRole/saveRole/r=1456991204884
INFO: [ app_begin ] --START--
INFO: Run Behavior\ReadHtmlCacheBehavior [ RunTime:0.001000s ]
INFO: [ app_begin ] --END-- [ RunTime:0.002000s ]
SQL: SHOW COLUMNS FROM `tb_role` [ RunTime:0.0040s ]
SQL: SELECT `role_name` FROM `tb_role` WHERE `role_id` = '1001' LIMIT 1   [ RunTime:0.0000s ]
SQL: UPDATE `tb_role` SET `role_name`='订单主管\\_' WHERE `role_id` = '1001' [ RunTime:0.0730s ]

[ 2016-03-03T15:50:16+08:00 ] 127.0.0.1 /supershop/index.php/Admin/ManageRole/saveRole/r=1456991415982
INFO: [ app_begin ] --START--
INFO: Run Behavior\ReadHtmlCacheBehavior [ RunTime:0.001000s ]
INFO: [ app_begin ] --END-- [ RunTime:0.001000s ]
SQL: SHOW COLUMNS FROM `tb_role` [ RunTime:0.0070s ]
SQL: SELECT `role_name` FROM `tb_role` WHERE `role_id` = '1001' LIMIT 1   [ RunTime:0.0000s ]
SQL: UPDATE `tb_role` SET `role_name`='订单主管\\%' WHERE `role_id` = '1001' [ RunTime:0.0710s ]

[ 2016-03-03T15:55:48+08:00 ] 127.0.0.1 /supershop/index.php/Admin/ManageRole/saveRole/r=1456991747974
INFO: [ app_begin ] --START--
INFO: Run Behavior\ReadHtmlCacheBehavior [ RunTime:0.001000s ]
INFO: [ app_begin ] --END-- [ RunTime:0.002000s ]
SQL: SHOW COLUMNS FROM `tb_role` [ RunTime:0.0050s ]
SQL: SELECT `role_name` FROM `tb_role` WHERE `role_id` = '1001' LIMIT 1   [ RunTime:0.0000s ]
SQL: UPDATE `tb_role` SET `role_name`='订单主管\\_' WHERE `role_id` = '1001' [ RunTime:0.0480s ]

[ 2016-03-03T15:56:19+08:00 ] 127.0.0.1 /supershop/index.php/Admin/ManageRole/saveRole/r=1456991779769
INFO: [ app_begin ] --START--
INFO: Run Behavior\ReadHtmlCacheBehavior [ RunTime:0.000000s ]
INFO: [ app_begin ] --END-- [ RunTime:0.002000s ]
SQL: SHOW COLUMNS FROM `tb_role` [ RunTime:0.0050s ]
SQL: SELECT `role_name` FROM `tb_role` WHERE `role_id` = '1001' LIMIT 1   [ RunTime:0.0000s ]
SQL: UPDATE `tb_role` SET `role_name`='订单主管\\_\\_\\_' WHERE `role_id` = '1001' [ RunTime:0.0670s ]

[ 2016-03-03T15:56:28+08:00 ] 127.0.0.1 /supershop/index.php/Admin/ManageRole/saveRole/r=1456991787874
INFO: [ app_begin ] --START--
INFO: Run Behavior\ReadHtmlCacheBehavior [ RunTime:0.002000s ]
INFO: [ app_begin ] --END-- [ RunTime:0.002000s ]
SQL: SHOW COLUMNS FROM `tb_role` [ RunTime:0.0060s ]
SQL: SELECT `role_name` FROM `tb_role` WHERE `role_id` = '1001' LIMIT 1   [ RunTime:0.0000s ]
SQL: UPDATE `tb_role` SET `role_name`='订单主管' WHERE `role_id` = '1001' [ RunTime:0.0690s ]

[ 2016-03-03T15:58:14+08:00 ] 127.0.0.1 /supershop/index.php/Admin/ManageRole/saveRole/r=1456991894634
INFO: [ app_begin ] --START--
INFO: Run Behavior\ReadHtmlCacheBehavior [ RunTime:0.002000s ]
INFO: [ app_begin ] --END-- [ RunTime:0.002000s ]
SQL: SHOW COLUMNS FROM `tb_role` [ RunTime:0.0050s ]
SQL: SELECT `role_name` FROM `tb_role` WHERE `role_id` = '1001' LIMIT 1   [ RunTime:0.0000s ]

[ 2016-03-03T15:58:39+08:00 ] 127.0.0.1 /supershop/index.php/Admin/ManageRole/saveRole/r=1456991919457
INFO: [ app_begin ] --START--
INFO: Run Behavior\ReadHtmlCacheBehavior [ RunTime:0.001001s ]
INFO: [ app_begin ] --END-- [ RunTime:0.002001s ]
SQL: SHOW COLUMNS FROM `tb_role` [ RunTime:0.0040s ]
SQL: SELECT `role_name` FROM `tb_role` WHERE `role_id` = '1001' LIMIT 1   [ RunTime:0.0000s ]

[ 2016-03-03T16:02:38+08:00 ] 127.0.0.1 /supershop/index.php/Admin/ManageRole/saveRole/r=1456992158818
INFO: [ app_begin ] --START--
INFO: Run Behavior\ReadHtmlCacheBehavior [ RunTime:0.001001s ]
INFO: [ app_begin ] --END-- [ RunTime:0.002001s ]
SQL: SHOW COLUMNS FROM `tb_role` [ RunTime:0.0030s ]
SQL: SELECT `role_name` FROM `tb_role` WHERE `role_id` = '1001' LIMIT 1   [ RunTime:0.0010s ]

[ 2016-03-03T16:10:14+08:00 ] 127.0.0.1 /supershop/index.php/Admin/ManageRole/saveRole/r=1456992614222
INFO: [ app_begin ] --START--
INFO: Run Behavior\ReadHtmlCacheBehavior [ RunTime:0.002000s ]
INFO: [ app_begin ] --END-- [ RunTime:0.002000s ]
SQL: SHOW COLUMNS FROM `tb_role` [ RunTime:0.0070s ]
SQL: SELECT `valid_flag` FROM `tb_role` WHERE `role_id` = '1001' LIMIT 1   [ RunTime:0.0000s ]
SQL: UPDATE `tb_role` SET `valid_flag`='0' WHERE `role_id` = '1001' [ RunTime:0.0660s ]

[ 2016-03-03T16:10:14+08:00 ] 127.0.0.1 /supershop/index.php/Admin/ManageRole/roleList
INFO: [ app_begin ] --START--
INFO: Run Behavior\ReadHtmlCacheBehavior [ RunTime:0.001000s ]
INFO: [ app_begin ] --END-- [ RunTime:0.002000s ]
SQL: SHOW COLUMNS FROM `tb_role` [ RunTime:0.0070s ]
SQL: SELECT * FROM `tb_role`  [ RunTime:0.0010s ]
INFO: [ view_parse ] --START--
INFO: Run Behavior\ParseTemplateBehavior [ RunTime:0.015000s ]
INFO: [ view_parse ] --END-- [ RunTime:0.015000s ]
INFO: [ view_filter ] --START--
INFO: Run Behavior\WriteHtmlCacheBehavior [ RunTime:0.000000s ]
INFO: [ view_filter ] --END-- [ RunTime:0.000000s ]
INFO: [ app_end ] --START--
INFO: Run Behavior\ShowPageTraceBehavior [ RunTime:0.000000s ]
INFO: [ app_end ] --END-- [ RunTime:0.001001s ]

[ 2016-03-03T16:13:24+08:00 ] 127.0.0.1 /supershop/index.php/Admin/ManageRole/saveRole/r=1456992804293
INFO: [ app_begin ] --START--
INFO: Run Behavior\ReadHtmlCacheBehavior [ RunTime:0.000000s ]
INFO: [ app_begin ] --END-- [ RunTime:0.001000s ]
SQL: SHOW COLUMNS FROM `tb_role` [ RunTime:0.0040s ]
SQL: SELECT `role_name` FROM `tb_role` WHERE `role_id` = '1001' LIMIT 1   [ RunTime:0.0010s ]

[ 2016-03-03T16:14:21+08:00 ] 127.0.0.1 /supershop/index.php/Admin/ManageRole/saveRole/r=1456992861759
INFO: [ app_begin ] --START--
INFO: Run Behavior\ReadHtmlCacheBehavior [ RunTime:0.001000s ]
INFO: [ app_begin ] --END-- [ RunTime:0.001000s ]
SQL: SHOW COLUMNS FROM `tb_role` [ RunTime:0.0040s ]
SQL: SELECT `role_name` FROM `tb_role` WHERE `role_id` = '1001' LIMIT 1   [ RunTime:0.0000s ]

[ 2016-03-03T16:14:25+08:00 ] 127.0.0.1 /supershop/index.php/Admin/ManageRole/saveRole/r=1456992865527
INFO: [ app_begin ] --START--
INFO: Run Behavior\ReadHtmlCacheBehavior [ RunTime:0.001000s ]
INFO: [ app_begin ] --END-- [ RunTime:0.002000s ]
SQL: SHOW COLUMNS FROM `tb_role` [ RunTime:0.0040s ]
SQL: SELECT `role_name` FROM `tb_role` WHERE `role_id` = '1001' LIMIT 1   [ RunTime:0.0000s ]
SQL: UPDATE `tb_role` SET `role_name`='' WHERE `role_id` = '1001' [ RunTime:0.0530s ]

[ 2016-03-03T16:14:38+08:00 ] 127.0.0.1 /supershop/index.php/Admin/ManageRole/saveRole/r=1456992878035
INFO: [ app_begin ] --START--
INFO: Run Behavior\ReadHtmlCacheBehavior [ RunTime:0.000000s ]
INFO: [ app_begin ] --END-- [ RunTime:0.001000s ]
SQL: SHOW COLUMNS FROM `tb_role` [ RunTime:0.0060s ]
SQL: SELECT `role_name` FROM `tb_role` WHERE `role_id` = '1001' LIMIT 1   [ RunTime:0.0000s ]
SQL: UPDATE `tb_role` SET `role_name`='订单主管' WHERE `role_id` = '1001' [ RunTime:0.0320s ]

[ 2016-03-03T16:15:32+08:00 ] 127.0.0.1 /supershop/index.php/Admin/ManageRole/saveRole/r=1456992932867
INFO: [ app_begin ] --START--
INFO: Run Behavior\ReadHtmlCacheBehavior [ RunTime:0.001000s ]
INFO: [ app_begin ] --END-- [ RunTime:0.002000s ]
SQL: SHOW COLUMNS FROM `tb_role` [ RunTime:0.0040s ]
SQL: SELECT `role_name` FROM `tb_role` WHERE `role_id` = '1001' LIMIT 1   [ RunTime:0.0000s ]
SQL: UPDATE `tb_role` SET `role_name`='订单主管\\%' WHERE `role_id` = '1001' [ RunTime:0.0600s ]

[ 2016-03-03T16:15:36+08:00 ] 127.0.0.1 /supershop/index.php/Admin/ManageRole/saveRole/r=1456992936480
INFO: [ app_begin ] --START--
INFO: Run Behavior\ReadHtmlCacheBehavior [ RunTime:0.001000s ]
INFO: [ app_begin ] --END-- [ RunTime:0.001000s ]
SQL: SHOW COLUMNS FROM `tb_role` [ RunTime:0.0040s ]
SQL: SELECT `role_name` FROM `tb_role` WHERE `role_id` = '1001' LIMIT 1   [ RunTime:0.0000s ]
SQL: UPDATE `tb_role` SET `role_name`='订单主管' WHERE `role_id` = '1001' [ RunTime:0.0320s ]

[ 2016-03-03T16:15:38+08:00 ] 127.0.0.1 /supershop/index.php/Admin/ManageRole/saveRole/r=1456992937945
INFO: [ app_begin ] --START--
INFO: Run Behavior\ReadHtmlCacheBehavior [ RunTime:0.001000s ]
INFO: [ app_begin ] --END-- [ RunTime:0.002001s ]
SQL: SHOW COLUMNS FROM `tb_role` [ RunTime:0.0040s ]
SQL: SELECT `role_name` FROM `tb_role` WHERE `role_id` = '1001' LIMIT 1   [ RunTime:0.0000s ]

[ 2016-03-03T16:16:12+08:00 ] 127.0.0.1 /supershop/index.php/Admin/ManageRole/saveRole/r=1456992972751
INFO: [ app_begin ] --START--
INFO: Run Behavior\ReadHtmlCacheBehavior [ RunTime:0.001000s ]
INFO: [ app_begin ] --END-- [ RunTime:0.001000s ]
SQL: SHOW COLUMNS FROM `tb_role` [ RunTime:0.0040s ]
SQL: SELECT `role_name` FROM `tb_role` WHERE `role_id` = '1001' LIMIT 1   [ RunTime:0.0000s ]

[ 2016-03-03T16:16:15+08:00 ] 127.0.0.1 /supershop/index.php/Admin/ManageRole/saveRole/r=1456992975664
INFO: [ app_begin ] --START--
INFO: Run Behavior\ReadHtmlCacheBehavior [ RunTime:0.001000s ]
INFO: [ app_begin ] --END-- [ RunTime:0.002001s ]
SQL: SHOW COLUMNS FROM `tb_role` [ RunTime:0.0050s ]
SQL: SELECT `role_name` FROM `tb_role` WHERE `role_id` = '1001' LIMIT 1   [ RunTime:0.0000s ]

[ 2016-03-03T16:16:22+08:00 ] 127.0.0.1 /supershop/index.php/Admin/ManageRole/saveRole/r=1456992982092
INFO: [ app_begin ] --START--
INFO: Run Behavior\ReadHtmlCacheBehavior [ RunTime:0.000000s ]
INFO: [ app_begin ] --END-- [ RunTime:0.001000s ]
SQL: SHOW COLUMNS FROM `tb_role` [ RunTime:0.0040s ]
SQL: SELECT `role_name` FROM `tb_role` WHERE `role_id` = '1001' LIMIT 1   [ RunTime:0.0010s ]
SQL: UPDATE `tb_role` SET `role_name`='订单主管1' WHERE `role_id` = '1001' [ RunTime:0.0750s ]

[ 2016-03-03T16:16:26+08:00 ] 127.0.0.1 /supershop/index.php/Admin/ManageRole/saveRole/r=1456992986290
INFO: [ app_begin ] --START--
INFO: Run Behavior\ReadHtmlCacheBehavior [ RunTime:0.001000s ]
INFO: [ app_begin ] --END-- [ RunTime:0.002000s ]
SQL: SHOW COLUMNS FROM `tb_role` [ RunTime:0.0070s ]
SQL: SELECT `role_name` FROM `tb_role` WHERE `role_id` = '1001' LIMIT 1   [ RunTime:0.0000s ]
SQL: UPDATE `tb_role` SET `role_name`='订单主管\\%' WHERE `role_id` = '1001' [ RunTime:0.0660s ]

[ 2016-03-03T16:16:29+08:00 ] 127.0.0.1 /supershop/index.php/Admin/ManageRole/saveRole/r=1456992989729
INFO: [ app_begin ] --START--
INFO: Run Behavior\ReadHtmlCacheBehavior [ RunTime:0.000000s ]
INFO: [ app_begin ] --END-- [ RunTime:0.001000s ]
SQL: SHOW COLUMNS FROM `tb_role` [ RunTime:0.0040s ]
SQL: SELECT `role_name` FROM `tb_role` WHERE `role_id` = '1001' LIMIT 1   [ RunTime:0.0000s ]
SQL: UPDATE `tb_role` SET `role_name`='订单主管' WHERE `role_id` = '1001' [ RunTime:0.0780s ]

[ 2016-03-03T16:16:35+08:00 ] 127.0.0.1 /supershop/index.php/Admin/ManageRole/saveRole/r=1456992995602
INFO: [ app_begin ] --START--
INFO: Run Behavior\ReadHtmlCacheBehavior [ RunTime:0.001000s ]
INFO: [ app_begin ] --END-- [ RunTime:0.001000s ]
SQL: SHOW COLUMNS FROM `tb_role` [ RunTime:0.0030s ]
SQL: SELECT `valid_flag` FROM `tb_role` WHERE `role_id` = '1002' LIMIT 1   [ RunTime:0.0010s ]
SQL: UPDATE `tb_role` SET `valid_flag`='0' WHERE `role_id` = '1002' [ RunTime:0.0670s ]

[ 2016-03-03T16:16:35+08:00 ] 127.0.0.1 /supershop/index.php/Admin/ManageRole/roleList
INFO: [ app_begin ] --START--
INFO: Run Behavior\ReadHtmlCacheBehavior [ RunTime:0.000000s ]
INFO: [ app_begin ] --END-- [ RunTime:0.001001s ]
SQL: SHOW COLUMNS FROM `tb_role` [ RunTime:0.0040s ]
SQL: SELECT * FROM `tb_role`  [ RunTime:0.0010s ]
INFO: [ view_parse ] --START--
INFO: Run Behavior\ParseTemplateBehavior [ RunTime:0.015001s ]
INFO: [ view_parse ] --END-- [ RunTime:0.015001s ]
INFO: [ view_filter ] --START--
INFO: Run Behavior\WriteHtmlCacheBehavior [ RunTime:0.000000s ]
INFO: [ view_filter ] --END-- [ RunTime:0.001000s ]
INFO: [ app_end ] --START--
INFO: Run Behavior\ShowPageTraceBehavior [ RunTime:0.001000s ]
INFO: [ app_end ] --END-- [ RunTime:0.001000s ]

[ 2016-03-03T16:16:37+08:00 ] 127.0.0.1 /supershop/index.php/Admin/ManageRole/saveRole/r=1456992997274
INFO: [ app_begin ] --START--
INFO: Run Behavior\ReadHtmlCacheBehavior [ RunTime:0.001000s ]
INFO: [ app_begin ] --END-- [ RunTime:0.002000s ]
SQL: SHOW COLUMNS FROM `tb_role` [ RunTime:0.0040s ]
SQL: SELECT `valid_flag` FROM `tb_role` WHERE `role_id` = '1001' LIMIT 1   [ RunTime:0.0000s ]
SQL: UPDATE `tb_role` SET `valid_flag`='1' WHERE `role_id` = '1001' [ RunTime:0.0390s ]

[ 2016-03-03T16:16:39+08:00 ] 127.0.0.1 /supershop/index.php/Admin/ManageRole/saveRole/r=1456992999814
INFO: [ app_begin ] --START--
INFO: Run Behavior\ReadHtmlCacheBehavior [ RunTime:0.002001s ]
INFO: [ app_begin ] --END-- [ RunTime:0.002001s ]
SQL: SHOW COLUMNS FROM `tb_role` [ RunTime:0.0060s ]
SQL: SELECT `valid_flag` FROM `tb_role` WHERE `role_id` = '1002' LIMIT 1   [ RunTime:0.0000s ]
SQL: UPDATE `tb_role` SET `valid_flag`='1' WHERE `role_id` = '1002' [ RunTime:0.0370s ]

[ 2016-03-03T16:30:06+08:00 ] 127.0.0.1 /supershop/index.php/Admin/ManageRole/saveRole/r=1456993806399
INFO: [ app_begin ] --START--
INFO: Run Behavior\ReadHtmlCacheBehavior [ RunTime:0.002000s ]
INFO: [ app_begin ] --END-- [ RunTime:0.002000s ]

[ 2016-03-03T16:30:52+08:00 ] 127.0.0.1 /supershop/index.php/Admin/ManageRole/saveRole/r=1456993852923
INFO: [ app_begin ] --START--
INFO: Run Behavior\ReadHtmlCacheBehavior [ RunTime:0.002000s ]
INFO: [ app_begin ] --END-- [ RunTime:0.002000s ]

[ 2016-03-03T16:30:55+08:00 ] 127.0.0.1 /supershop/index.php/Admin/ManageRole/saveRole/r=1456993855456
INFO: [ app_begin ] --START--
INFO: Run Behavior\ReadHtmlCacheBehavior [ RunTime:0.001000s ]
INFO: [ app_begin ] --END-- [ RunTime:0.001000s ]

[ 2016-03-03T16:31:31+08:00 ] 127.0.0.1 /supershop/index.php/Admin/ManageRole/saveRole/r=1456993891638
INFO: [ app_begin ] --START--
INFO: Run Behavior\ReadHtmlCacheBehavior [ RunTime:0.001000s ]
INFO: [ app_begin ] --END-- [ RunTime:0.001000s ]

[ 2016-03-03T16:31:34+08:00 ] 127.0.0.1 /supershop/index.php/Admin/ManageRole/saveRole/r=1456993894110
INFO: [ app_begin ] --START--
INFO: Run Behavior\ReadHtmlCacheBehavior [ RunTime:0.001000s ]
INFO: [ app_begin ] --END-- [ RunTime:0.003000s ]

[ 2016-03-03T16:33:08+08:00 ] 127.0.0.1 /supershop/index.php/Admin/ManageRole/saveRole/r=1456993988797
INFO: [ app_begin ] --START--
INFO: Run Behavior\ReadHtmlCacheBehavior [ RunTime:0.001000s ]
INFO: [ app_begin ] --END-- [ RunTime:0.002000s ]
NOTIC: [2] in_array() expects parameter 2 to be array, string given E:\MyEnv\apache\htdocs\supershop\Admin\Controller\ManageRoleController.class.php 第 30 行.

[ 2016-03-03T16:33:12+08:00 ] 127.0.0.1 /supershop/index.php/Admin/ManageRole/saveRole/r=1456993992339
INFO: [ app_begin ] --START--
INFO: Run Behavior\ReadHtmlCacheBehavior [ RunTime:0.001000s ]
INFO: [ app_begin ] --END-- [ RunTime:0.002001s ]
NOTIC: [2] in_array() expects parameter 2 to be array, string given E:\MyEnv\apache\htdocs\supershop\Admin\Controller\ManageRoleController.class.php 第 30 行.

[ 2016-03-03T16:34:23+08:00 ] 127.0.0.1 /supershop/index.php/Admin/ManageRole/saveRole/r=1456994063192
INFO: [ app_begin ] --START--
INFO: Run Behavior\ReadHtmlCacheBehavior [ RunTime:0.001000s ]
INFO: [ app_begin ] --END-- [ RunTime:0.001000s ]
SQL: SHOW COLUMNS FROM `tb_role` [ RunTime:0.0030s ]
SQL: SELECT `role_name` FROM `tb_role` WHERE `role_id` = '1001' LIMIT 1   [ RunTime:0.0000s ]
SQL: UPDATE `tb_role` SET `role_name`='订单主管1' WHERE `role_id` = '1001' [ RunTime:0.0710s ]

[ 2016-03-03T16:34:26+08:00 ] 127.0.0.1 /supershop/index.php/Admin/ManageRole/saveRole/r=1456994065930
INFO: [ app_begin ] --START--
INFO: Run Behavior\ReadHtmlCacheBehavior [ RunTime:0.001000s ]
INFO: [ app_begin ] --END-- [ RunTime:0.001000s ]
SQL: SHOW COLUMNS FROM `tb_role` [ RunTime:0.0050s ]
SQL: SELECT `role_name` FROM `tb_role` WHERE `role_id` = '1001' LIMIT 1   [ RunTime:0.0010s ]
SQL: UPDATE `tb_role` SET `role_name`='订单主管' WHERE `role_id` = '1001' [ RunTime:0.0640s ]

[ 2016-03-03T16:34:32+08:00 ] 127.0.0.1 /supershop/index.php/Admin/ManageRole/saveRole/r=1456994072200
INFO: [ app_begin ] --START--
INFO: Run Behavior\ReadHtmlCacheBehavior [ RunTime:0.001000s ]
INFO: [ app_begin ] --END-- [ RunTime:0.001000s ]
SQL: SHOW COLUMNS FROM `tb_role` [ RunTime:0.0080s ]
SQL: SELECT `role_name` FROM `tb_role` WHERE `role_id` = '1001' LIMIT 1   [ RunTime:0.0000s ]
SQL: UPDATE `tb_role` SET `role_name`='订单主管1' WHERE `role_id` = '1001' [ RunTime:0.0670s ]

[ 2016-03-03T16:34:36+08:00 ] 127.0.0.1 /supershop/index.php/Admin/ManageRole/saveRole/r=1456994075968
INFO: [ app_begin ] --START--
INFO: Run Behavior\ReadHtmlCacheBehavior [ RunTime:0.001000s ]
INFO: [ app_begin ] --END-- [ RunTime:0.001000s ]
SQL: SHOW COLUMNS FROM `tb_role` [ RunTime:0.0040s ]
SQL: SELECT `role_name` FROM `tb_role` WHERE `role_id` = '1001' LIMIT 1   [ RunTime:0.0010s ]

[ 2016-03-03T16:34:44+08:00 ] 127.0.0.1 /supershop/index.php/Admin/ManageRole/saveRole/r=1456994083873
INFO: [ app_begin ] --START--
INFO: Run Behavior\ReadHtmlCacheBehavior [ RunTime:0.000000s ]
INFO: [ app_begin ] --END-- [ RunTime:0.001000s ]
SQL: SHOW COLUMNS FROM `tb_role` [ RunTime:0.0050s ]
SQL: SELECT `role_name` FROM `tb_role` WHERE `role_id` = '1001' LIMIT 1   [ RunTime:0.0010s ]
SQL: UPDATE `tb_role` SET `role_name`='订单主管' WHERE `role_id` = '1001' [ RunTime:0.0940s ]

[ 2016-03-03T16:34:45+08:00 ] 127.0.0.1 /supershop/index.php/Admin/ManageRole/saveRole/r=1456994085370
INFO: [ app_begin ] --START--
INFO: Run Behavior\ReadHtmlCacheBehavior [ RunTime:0.001000s ]
INFO: [ app_begin ] --END-- [ RunTime:0.001000s ]
SQL: SHOW COLUMNS FROM `tb_role` [ RunTime:0.0050s ]
SQL: SELECT `valid_flag` FROM `tb_role` WHERE `role_id` = '1001' LIMIT 1   [ RunTime:0.0000s ]
SQL: UPDATE `tb_role` SET `valid_flag`='0' WHERE `role_id` = '1001' [ RunTime:0.0360s ]

[ 2016-03-03T16:34:46+08:00 ] 127.0.0.1 /supershop/index.php/Admin/ManageRole/saveRole/r=1456994086778
INFO: [ app_begin ] --START--
INFO: Run Behavior\ReadHtmlCacheBehavior [ RunTime:0.000000s ]
INFO: [ app_begin ] --END-- [ RunTime:0.001000s ]
SQL: SHOW COLUMNS FROM `tb_role` [ RunTime:0.0070s ]
SQL: SELECT `valid_flag` FROM `tb_role` WHERE `role_id` = '1001' LIMIT 1   [ RunTime:0.0010s ]
SQL: UPDATE `tb_role` SET `valid_flag`='1' WHERE `role_id` = '1001' [ RunTime:0.0530s ]

[ 2016-03-03T16:34:48+08:00 ] 127.0.0.1 /supershop/index.php/Admin/ManageRole/saveRole/r=1456994087986
INFO: [ app_begin ] --START--
INFO: Run Behavior\ReadHtmlCacheBehavior [ RunTime:0.001000s ]
INFO: [ app_begin ] --END-- [ RunTime:0.001000s ]
SQL: SHOW COLUMNS FROM `tb_role` [ RunTime:0.0030s ]
SQL: SELECT `valid_flag` FROM `tb_role` WHERE `role_id` = '1002' LIMIT 1   [ RunTime:0.0000s ]
SQL: UPDATE `tb_role` SET `valid_flag`='0' WHERE `role_id` = '1002' [ RunTime:0.0480s ]

[ 2016-03-03T16:34:49+08:00 ] 127.0.0.1 /supershop/index.php/Admin/ManageRole/saveRole/r=1456994089075
INFO: [ app_begin ] --START--
INFO: Run Behavior\ReadHtmlCacheBehavior [ RunTime:0.001000s ]
INFO: [ app_begin ] --END-- [ RunTime:0.001000s ]
SQL: SHOW COLUMNS FROM `tb_role` [ RunTime:0.0040s ]
SQL: SELECT `valid_flag` FROM `tb_role` WHERE `role_id` = '1002' LIMIT 1   [ RunTime:0.0010s ]
SQL: UPDATE `tb_role` SET `valid_flag`='1' WHERE `role_id` = '1002' [ RunTime:0.0660s ]

[ 2016-03-03T16:35:23+08:00 ] 127.0.0.1 /supershop/index.php/Admin/ManageRole/saveRole/r=1456994123310
INFO: [ app_begin ] --START--
INFO: Run Behavior\ReadHtmlCacheBehavior [ RunTime:0.001000s ]
INFO: [ app_begin ] --END-- [ RunTime:0.002000s ]
SQL: SHOW COLUMNS FROM `tb_role` [ RunTime:0.0040s ]
SQL: SELECT `valid_flag` FROM `tb_role` WHERE `role_id` = '1001' LIMIT 1   [ RunTime:0.0000s ]
SQL: UPDATE `tb_role` SET `valid_flag`='0' WHERE `role_id` = '1001' [ RunTime:0.0620s ]

[ 2016-03-03T16:35:24+08:00 ] 127.0.0.1 /supershop/index.php/Admin/ManageRole/saveRole/r=1456994124631
INFO: [ app_begin ] --START--
INFO: Run Behavior\ReadHtmlCacheBehavior [ RunTime:0.000000s ]
INFO: [ app_begin ] --END-- [ RunTime:0.000000s ]
SQL: SHOW COLUMNS FROM `tb_role` [ RunTime:0.0040s ]
SQL: SELECT `valid_flag` FROM `tb_role` WHERE `role_id` = '1001' LIMIT 1   [ RunTime:0.0000s ]
SQL: UPDATE `tb_role` SET `valid_flag`='1' WHERE `role_id` = '1001' [ RunTime:0.0480s ]

[ 2016-03-03T16:35:27+08:00 ] 127.0.0.1 /supershop/index.php/Admin/ManageRole/saveRole/r=1456994126968
INFO: [ app_begin ] --START--
INFO: Run Behavior\ReadHtmlCacheBehavior [ RunTime:0.001000s ]
INFO: [ app_begin ] --END-- [ RunTime:0.002000s ]
SQL: SHOW COLUMNS FROM `tb_role` [ RunTime:0.0050s ]
SQL: SELECT `valid_flag` FROM `tb_role` WHERE `role_id` = '1002' LIMIT 1   [ RunTime:0.0000s ]
SQL: UPDATE `tb_role` SET `valid_flag`='0' WHERE `role_id` = '1002' [ RunTime:0.0320s ]

[ 2016-03-03T16:35:28+08:00 ] 127.0.0.1 /supershop/index.php/Admin/ManageRole/saveRole/r=1456994128793
INFO: [ app_begin ] --START--
INFO: Run Behavior\ReadHtmlCacheBehavior [ RunTime:0.000000s ]
INFO: [ app_begin ] --END-- [ RunTime:0.001000s ]
SQL: SHOW COLUMNS FROM `tb_role` [ RunTime:0.0050s ]
SQL: SELECT `valid_flag` FROM `tb_role` WHERE `role_id` = '1002' LIMIT 1   [ RunTime:0.0010s ]
SQL: UPDATE `tb_role` SET `valid_flag`='1' WHERE `role_id` = '1002' [ RunTime:0.0300s ]

[ 2016-03-03T16:36:05+08:00 ] 127.0.0.1 /supershop/index.php/Admin/ManageRole/saveRole/r=1456994165422
INFO: [ app_begin ] --START--
INFO: Run Behavior\ReadHtmlCacheBehavior [ RunTime:0.000000s ]
INFO: [ app_begin ] --END-- [ RunTime:0.001000s ]
SQL: SHOW COLUMNS FROM `tb_role` [ RunTime:0.0040s ]
SQL: SELECT `valid_flag` FROM `tb_role` WHERE `role_id` = '1001' LIMIT 1   [ RunTime:0.0000s ]
SQL: UPDATE `tb_role` SET `valid_flag`='0' WHERE `role_id` = '1001' [ RunTime:0.0750s ]

[ 2016-03-03T16:36:06+08:00 ] 127.0.0.1 /supershop/index.php/Admin/ManageRole/saveRole/r=1456994166734
INFO: [ app_begin ] --START--
INFO: Run Behavior\ReadHtmlCacheBehavior [ RunTime:0.001000s ]
INFO: [ app_begin ] --END-- [ RunTime:0.001000s ]
SQL: SHOW COLUMNS FROM `tb_role` [ RunTime:0.0040s ]
SQL: SELECT `valid_flag` FROM `tb_role` WHERE `role_id` = '1002' LIMIT 1   [ RunTime:0.0000s ]
SQL: UPDATE `tb_role` SET `valid_flag`='0' WHERE `role_id` = '1002' [ RunTime:0.0380s ]

[ 2016-03-03T16:36:07+08:00 ] 127.0.0.1 /supershop/index.php/Admin/ManageRole/saveRole/r=1456994167601
INFO: [ app_begin ] --START--
INFO: Run Behavior\ReadHtmlCacheBehavior [ RunTime:0.001000s ]
INFO: [ app_begin ] --END-- [ RunTime:0.002000s ]
SQL: SHOW COLUMNS FROM `tb_role` [ RunTime:0.0070s ]
SQL: SELECT `valid_flag` FROM `tb_role` WHERE `role_id` = '1002' LIMIT 1   [ RunTime:0.0000s ]
SQL: UPDATE `tb_role` SET `valid_flag`='1' WHERE `role_id` = '1002' [ RunTime:0.0260s ]

[ 2016-03-03T16:36:08+08:00 ] 127.0.0.1 /supershop/index.php/Admin/ManageRole/saveRole/r=1456994168224
INFO: [ app_begin ] --START--
INFO: Run Behavior\ReadHtmlCacheBehavior [ RunTime:0.001000s ]
INFO: [ app_begin ] --END-- [ RunTime:0.002000s ]
SQL: SHOW COLUMNS FROM `tb_role` [ RunTime:0.0050s ]
SQL: SELECT `valid_flag` FROM `tb_role` WHERE `role_id` = '1001' LIMIT 1   [ RunTime:0.0000s ]
SQL: UPDATE `tb_role` SET `valid_flag`='1' WHERE `role_id` = '1001' [ RunTime:0.0870s ]

[ 2016-03-03T16:45:52+08:00 ] 127.0.0.1 /supershop/index.php/Admin/ManageRole/saveRole/r=1456994752182
INFO: [ app_begin ] --START--
INFO: Run Behavior\ReadHtmlCacheBehavior [ RunTime:0.000000s ]
INFO: [ app_begin ] --END-- [ RunTime:0.001000s ]
SQL: SHOW COLUMNS FROM `tb_role` [ RunTime:0.0040s ]
SQL: SELECT `role_name` FROM `tb_role` WHERE `role_id` = '1001' LIMIT 1   [ RunTime:0.0000s ]

[ 2016-03-03T16:45:58+08:00 ] 127.0.0.1 /supershop/index.php/Admin/ManageRole/saveRole/r=1456994758499
INFO: [ app_begin ] --START--
INFO: Run Behavior\ReadHtmlCacheBehavior [ RunTime:0.001000s ]
INFO: [ app_begin ] --END-- [ RunTime:0.001000s ]
SQL: SHOW COLUMNS FROM `tb_role` [ RunTime:0.0050s ]
SQL: SELECT `valid_flag` FROM `tb_role` WHERE `role_id` = '1001' LIMIT 1   [ RunTime:0.0000s ]
SQL: UPDATE `tb_role` SET `valid_flag`='0' WHERE `role_id` = '1001' [ RunTime:0.0640s ]

[ 2016-03-03T16:46:03+08:00 ] 127.0.0.1 /supershop/index.php/Admin/ManageRole/saveRole/r=1456994763577
INFO: [ app_begin ] --START--
INFO: Run Behavior\ReadHtmlCacheBehavior [ RunTime:0.000000s ]
INFO: [ app_begin ] --END-- [ RunTime:0.001000s ]
SQL: SHOW COLUMNS FROM `tb_role` [ RunTime:0.0040s ]
SQL: SELECT `valid_flag` FROM `tb_role` WHERE `role_id` = '1001' LIMIT 1   [ RunTime:0.0010s ]
SQL: UPDATE `tb_role` SET `valid_flag`='1' WHERE `role_id` = '1001' [ RunTime:0.0550s ]

[ 2016-03-03T16:48:28+08:00 ] 127.0.0.1 /supershop/index.php/Admin/ManageRole/saveRole/r=1456994908589
INFO: [ app_begin ] --START--
INFO: Run Behavior\ReadHtmlCacheBehavior [ RunTime:0.000000s ]
INFO: [ app_begin ] --END-- [ RunTime:0.001000s ]
SQL: SHOW COLUMNS FROM `tb_role` [ RunTime:0.0040s ]
SQL: SELECT `role_name` FROM `tb_role` WHERE `role_id` = '1001' LIMIT 1   [ RunTime:0.0000s ]

[ 2016-03-03T16:56:18+08:00 ] 127.0.0.1 /supershop/index.php/Admin/ManageRole/saveRole/r=1456995378069
INFO: [ app_begin ] --START--
INFO: Run Behavior\ReadHtmlCacheBehavior [ RunTime:0.001000s ]
INFO: [ app_begin ] --END-- [ RunTime:0.001000s ]
SQL: SHOW COLUMNS FROM `tb_role` [ RunTime:0.0080s ]
SQL: SELECT `role_name` FROM `tb_role` WHERE `role_id` = '1002' LIMIT 1   [ RunTime:0.0010s ]

[ 2016-03-03T17:48:53+08:00 ] 127.0.0.1 /supershop/index.php/Admin/ManageInform/informList
ERR: 无法加载控制器:ManageInform

[ 2016-03-03T22:24:06+08:00 ] 127.0.0.1 /supershop/index.php/Admin/Index/login
ERR: SQLSTATE[HY000] [2002] Ŀܾ޷ӡ


[ 2016-03-03T22:37:11+08:00 ] 127.0.0.1 /supershop/index.php/Admin/ManageUser/userList
ERR: SQLSTATE[HY000] [2002] Ŀܾ޷ӡ


[ 2016-03-03T22:37:28+08:00 ] 127.0.0.1 /supershop/index.php/Admin/Index/login
ERR: SQLSTATE[HY000] [2002] Ŀܾ޷ӡ


[ 2016-03-03T23:05:00+08:00 ] 127.0.0.1 /supershop/index.php/Admin/ManageUser/userList
ERR: SQLSTATE[HY000] [2002] Ŀܾ޷ӡ


[ 2016-03-03T23:05:12+08:00 ] 127.0.0.1 /supershop/index.php/Admin/ManageUser/userList
ERR: SQLSTATE[HY000] [2002] Ŀܾ޷ӡ


[ 2016-03-03T23:05:14+08:00 ] 127.0.0.1 /supershop/index.php/Admin/ManageUser/userList
ERR: SQLSTATE[HY000] [2002] Ŀܾ޷ӡ


[ 2016-03-03T23:29:34+08:00 ] 127.0.0.1 /supershop/index.php/Admin/ManageUser/userList
ERR: SQLSTATE[HY000] [2002] Ŀܾ޷ӡ


