[ 2016-03-07T12:05:51+08:00 ] 127.0.0.1 /supershop/index.php/Admin/ManageRole/saveRole/r=1457323551376
INFO: [ app_begin ] --START--
INFO: Run Behavior\ReadHtmlCacheBehavior [ RunTime:0.001000s ]
INFO: [ app_begin ] --END-- [ RunTime:0.002000s ]
SQL: SHOW COLUMNS FROM `tb_role` [ RunTime:0.0040s ]
SQL: SELECT `valid_flag` FROM `tb_role` WHERE `role_id` = '1001' LIMIT 1   [ RunTime:0.0000s ]
SQL: UPDATE `tb_role` SET `valid_flag`='0' WHERE `role_id` = '1001' [ RunTime:0.0610s ]

[ 2016-03-07T12:05:52+08:00 ] 127.0.0.1 /supershop/index.php/Admin/ManageRole/saveRole/r=1457323552461
INFO: [ app_begin ] --START--
INFO: Run Behavior\ReadHtmlCacheBehavior [ RunTime:0.001000s ]
INFO: [ app_begin ] --END-- [ RunTime:0.002000s ]
SQL: SHOW COLUMNS FROM `tb_role` [ RunTime:0.0040s ]
SQL: SELECT `valid_flag` FROM `tb_role` WHERE `role_id` = '1001' LIMIT 1   [ RunTime:0.0000s ]
SQL: UPDATE `tb_role` SET `valid_flag`='1' WHERE `role_id` = '1001' [ RunTime:0.0550s ]

[ 2016-03-07T12:06:28+08:00 ] 127.0.0.1 /supershop/index.php/Admin/ManageAuth/authList
INFO: [ app_begin ] --START--
INFO: Run Behavior\ReadHtmlCacheBehavior [ RunTime:0.001000s ]
INFO: [ app_begin ] --END-- [ RunTime:0.001000s ]
SQL: SHOW COLUMNS FROM `tb_auth` [ RunTime:0.0030s ]
SQL: SELECT COUNT(*) AS tp_count FROM `tb_auth` LIMIT 1   [ RunTime:0.0010s ]
SQL: SELECT * FROM `tb_auth` ORDER BY auth_path LIMIT 0,8   [ RunTime:0.0000s ]
INFO: [ view_parse ] --START--
NOTIC: [8] Undefined index: status E:\MyEnv\apache\htdocs\supershop\Runtime\Cache\731b328901fb0c0836866e792e8999fbaeb53826.file.authList.html.php 第 102 行.
NOTIC: [8] Undefined index: status E:\MyEnv\apache\htdocs\supershop\Runtime\Cache\731b328901fb0c0836866e792e8999fbaeb53826.file.authList.html.php 第 104 行.
NOTIC: [8] Undefined index: status E:\MyEnv\apache\htdocs\supershop\Runtime\Cache\731b328901fb0c0836866e792e8999fbaeb53826.file.authList.html.php 第 102 行.
NOTIC: [8] Undefined index: status E:\MyEnv\apache\htdocs\supershop\Runtime\Cache\731b328901fb0c0836866e792e8999fbaeb53826.file.authList.html.php 第 104 行.
NOTIC: [8] Undefined index: status E:\MyEnv\apache\htdocs\supershop\Runtime\Cache\731b328901fb0c0836866e792e8999fbaeb53826.file.authList.html.php 第 102 行.
NOTIC: [8] Undefined index: status E:\MyEnv\apache\htdocs\supershop\Runtime\Cache\731b328901fb0c0836866e792e8999fbaeb53826.file.authList.html.php 第 104 行.
NOTIC: [8] Undefined index: status E:\MyEnv\apache\htdocs\supershop\Runtime\Cache\731b328901fb0c0836866e792e8999fbaeb53826.file.authList.html.php 第 102 行.
NOTIC: [8] Undefined index: status E:\MyEnv\apache\htdocs\supershop\Runtime\Cache\731b328901fb0c0836866e792e8999fbaeb53826.file.authList.html.php 第 104 行.
NOTIC: [8] Undefined index: status E:\MyEnv\apache\htdocs\supershop\Runtime\Cache\731b328901fb0c0836866e792e8999fbaeb53826.file.authList.html.php 第 102 行.
NOTIC: [8] Undefined index: status E:\MyEnv\apache\htdocs\supershop\Runtime\Cache\731b328901fb0c0836866e792e8999fbaeb53826.file.authList.html.php 第 104 行.
NOTIC: [8] Undefined index: status E:\MyEnv\apache\htdocs\supershop\Runtime\Cache\731b328901fb0c0836866e792e8999fbaeb53826.file.authList.html.php 第 102 行.
NOTIC: [8] Undefined index: status E:\MyEnv\apache\htdocs\supershop\Runtime\Cache\731b328901fb0c0836866e792e8999fbaeb53826.file.authList.html.php 第 104 行.
NOTIC: [8] Undefined index: status E:\MyEnv\apache\htdocs\supershop\Runtime\Cache\731b328901fb0c0836866e792e8999fbaeb53826.file.authList.html.php 第 102 行.
NOTIC: [8] Undefined index: status E:\MyEnv\apache\htdocs\supershop\Runtime\Cache\731b328901fb0c0836866e792e8999fbaeb53826.file.authList.html.php 第 104 行.
NOTIC: [8] Undefined index: status E:\MyEnv\apache\htdocs\supershop\Runtime\Cache\731b328901fb0c0836866e792e8999fbaeb53826.file.authList.html.php 第 102 行.
NOTIC: [8] Undefined index: status E:\MyEnv\apache\htdocs\supershop\Runtime\Cache\731b328901fb0c0836866e792e8999fbaeb53826.file.authList.html.php 第 104 行.
INFO: Run Behavior\ParseTemplateBehavior [ RunTime:0.020601s ]
INFO: [ view_parse ] --END-- [ RunTime:0.020601s ]
INFO: [ view_filter ] --START--
INFO: Run Behavior\WriteHtmlCacheBehavior [ RunTime:0.000000s ]
INFO: [ view_filter ] --END-- [ RunTime:0.000000s ]
INFO: [ app_end ] --START--
INFO: Run Behavior\ShowPageTraceBehavior [ RunTime:0.000000s ]
INFO: [ app_end ] --END-- [ RunTime:0.000000s ]

[ 2016-03-07T12:07:24+08:00 ] 127.0.0.1 /supershop/index.php/Admin/ManageRole/saveRole/r=1457323644905
INFO: [ app_begin ] --START--
INFO: Run Behavior\ReadHtmlCacheBehavior [ RunTime:0.001000s ]
INFO: [ app_begin ] --END-- [ RunTime:0.001000s ]
SQL: SHOW COLUMNS FROM `tb_role` [ RunTime:0.0030s ]
SQL: SELECT `role_name` FROM `tb_role` WHERE `role_id` = '1001' LIMIT 1   [ RunTime:0.0000s ]

[ 2016-03-07T12:07:28+08:00 ] 127.0.0.1 /supershop/index.php/Admin/ManageRole/saveRole/r=1457323648356
INFO: [ app_begin ] --START--
INFO: Run Behavior\ReadHtmlCacheBehavior [ RunTime:0.001000s ]
INFO: [ app_begin ] --END-- [ RunTime:0.002001s ]
SQL: SHOW COLUMNS FROM `tb_role` [ RunTime:0.0040s ]
SQL: SELECT `role_name` FROM `tb_role` WHERE `role_id` = '1001' LIMIT 1   [ RunTime:0.0000s ]

[ 2016-03-07T17:37:46+08:00 ] 127.0.0.1 /supershop/index.php/Admin/ManageGoods/addGoods
ERR: 1452:Cannot add or update a child row: a foreign key constraint fails (`supershop`.`tb_goods_cate`, CONSTRAINT `tb_goods_cate_ibfk_2` FOREIGN KEY (`type_id`) REFERENCES `tb_category` (`type_id`))
 [ SQL语句 ] : INSERT INTO `tb_goods_cate` (`goods_id`,`type_id`) VALUES ('1000007','0')

[ 2016-03-07T17:41:42+08:00 ] 127.0.0.1 /supershop/index.php/Admin/ManageGoods/addGoods
ERR: 1452:Cannot add or update a child row: a foreign key constraint fails (`supershop`.`tb_goods_cate`, CONSTRAINT `tb_goods_cate_ibfk_1` FOREIGN KEY (`goods_id`) REFERENCES `tb_goods` (`goods_id`))
 [ SQL语句 ] : INSERT INTO `tb_goods_cate` (`goods_id`,`type_id`) VALUES ('1','0'),('1','0'),('1','0')

[ 2016-03-07T18:43:47+08:00 ] 127.0.0.1 /supershop/index.php/Admin/ManageGoods/addGoods
ERR: 1452:Cannot add or update a child row: a foreign key constraint fails (`supershop`.`tb_goods_cate`, CONSTRAINT `tb_goods_cate_ibfk_2` FOREIGN KEY (`type_id`) REFERENCES `tb_category` (`type_id`))
 [ SQL语句 ] : INSERT INTO `tb_goods_cate` (`goods_id`,`type_id`) VALUES ('1000008','0')

[ 2016-03-07T18:53:48+08:00 ] 127.0.0.1 /supershop/index.php/Admin/ManageInform/addInform
ERR: 非法操作:addInform

[ 2016-03-07T19:22:41+08:00 ] 127.0.0.1 /supershop/index.php/Admin/ManageGoods/goodsList.html
INFO: [ app_begin ] --START--
INFO: Run Behavior\ReadHtmlCacheBehavior [ RunTime:0.001000s ]
INFO: [ app_begin ] --END-- [ RunTime:0.001000s ]
SQL: SHOW COLUMNS FROM `tb_goods` [ RunTime:0.0030s ]
SQL: SELECT COUNT(*) AS tp_count FROM `tb_goods` WHERE `valid_flag` = 1 LIMIT 1   [ RunTime:0.0010s ]
SQL: SELECT * FROM `tb_goods` WHERE `valid_flag` = 1 ORDER BY goods_id LIMIT 0,8   [ RunTime:0.0010s ]
INFO: [ view_parse ] --START--
NOTIC: [8] Undefined index: auth_id E:\MyEnv\apache\htdocs\supershop\Runtime\Cache\2c7debc9c645f231a73a81e0daebf9f4c96362d4.file.goodsList.html.php 第 83 行.
NOTIC: [8] Undefined index: auth_id E:\MyEnv\apache\htdocs\supershop\Runtime\Cache\2c7debc9c645f231a73a81e0daebf9f4c96362d4.file.goodsList.html.php 第 83 行.
NOTIC: [8] Undefined index: auth_id E:\MyEnv\apache\htdocs\supershop\Runtime\Cache\2c7debc9c645f231a73a81e0daebf9f4c96362d4.file.goodsList.html.php 第 83 行.
NOTIC: [8] Undefined index: auth_id E:\MyEnv\apache\htdocs\supershop\Runtime\Cache\2c7debc9c645f231a73a81e0daebf9f4c96362d4.file.goodsList.html.php 第 83 行.
NOTIC: [8] Undefined index: auth_id E:\MyEnv\apache\htdocs\supershop\Runtime\Cache\2c7debc9c645f231a73a81e0daebf9f4c96362d4.file.goodsList.html.php 第 83 行.
NOTIC: [8] Undefined index: auth_id E:\MyEnv\apache\htdocs\supershop\Runtime\Cache\2c7debc9c645f231a73a81e0daebf9f4c96362d4.file.goodsList.html.php 第 83 行.
NOTIC: [8] Undefined index: auth_id E:\MyEnv\apache\htdocs\supershop\Runtime\Cache\2c7debc9c645f231a73a81e0daebf9f4c96362d4.file.goodsList.html.php 第 83 行.
NOTIC: [8] Undefined index: auth_id E:\MyEnv\apache\htdocs\supershop\Runtime\Cache\2c7debc9c645f231a73a81e0daebf9f4c96362d4.file.goodsList.html.php 第 83 行.
INFO: Run Behavior\ParseTemplateBehavior [ RunTime:0.016600s ]
INFO: [ view_parse ] --END-- [ RunTime:0.016600s ]
INFO: [ view_filter ] --START--
INFO: Run Behavior\WriteHtmlCacheBehavior [ RunTime:0.000000s ]
INFO: [ view_filter ] --END-- [ RunTime:0.000000s ]
INFO: [ app_end ] --START--
INFO: Run Behavior\ShowPageTraceBehavior [ RunTime:0.000000s ]
INFO: [ app_end ] --END-- [ RunTime:0.000000s ]

