[ 2016-03-08T14:33:23+08:00 ] 127.0.0.1 /supershop/index.php/Admin/ManageGoods/saveGoodsOneField/r=1457418803725
INFO: [ app_begin ] --START--
INFO: Run Behavior\ReadHtmlCacheBehavior [ RunTime:0.001000s ]
INFO: [ app_begin ] --END-- [ RunTime:0.001000s ]
NOTIC: [8] Undefined variable: role_id E:\MyEnv\apache\htdocs\supershop\Admin\Controller\ManageGoodsController.class.php 第 122 行.

[ 2016-03-08T14:33:39+08:00 ] 127.0.0.1 /supershop/index.php/Admin/ManageGoods/saveGoodsOneField/r=1457418819719
INFO: [ app_begin ] --START--
INFO: Run Behavior\ReadHtmlCacheBehavior [ RunTime:0.001000s ]
INFO: [ app_begin ] --END-- [ RunTime:0.001000s ]
NOTIC: [8] Undefined variable: role_id E:\MyEnv\apache\htdocs\supershop\Admin\Controller\ManageGoodsController.class.php 第 122 行.

[ 2016-03-08T14:34:56+08:00 ] 127.0.0.1 /supershop/index.php/Admin/ManageGoods/saveGoodsOneField/r=1457418896586
INFO: [ app_begin ] --START--
INFO: Run Behavior\ReadHtmlCacheBehavior [ RunTime:0.002000s ]
INFO: [ app_begin ] --END-- [ RunTime:0.002000s ]
SQL: SHOW COLUMNS FROM `tb_goods` [ RunTime:0.0040s ]
SQL: SELECT `goods_name` FROM `tb_goods` WHERE `goods_id` = '1000003' LIMIT 1   [ RunTime:0.0010s ]

[ 2016-03-08T14:34:59+08:00 ] 127.0.0.1 /supershop/index.php/Admin/ManageGoods/saveGoodsOneField/r=1457418899762
INFO: [ app_begin ] --START--
INFO: Run Behavior\ReadHtmlCacheBehavior [ RunTime:0.001000s ]
INFO: [ app_begin ] --END-- [ RunTime:0.002000s ]
SQL: SHOW COLUMNS FROM `tb_goods` [ RunTime:0.0040s ]
SQL: SELECT `goods_old_price` FROM `tb_goods` WHERE `goods_id` = '1000003' LIMIT 1   [ RunTime:0.0010s ]

[ 2016-03-08T14:35:02+08:00 ] 127.0.0.1 /supershop/index.php/Admin/ManageGoods/saveGoodsOneField/r=1457418902530
INFO: [ app_begin ] --START--
INFO: Run Behavior\ReadHtmlCacheBehavior [ RunTime:0.001000s ]
INFO: [ app_begin ] --END-- [ RunTime:0.001000s ]
SQL: SHOW COLUMNS FROM `tb_goods` [ RunTime:0.0040s ]
SQL: SELECT `goods_now_price` FROM `tb_goods` WHERE `goods_id` = '1000003' LIMIT 1   [ RunTime:0.0010s ]

[ 2016-03-08T14:35:09+08:00 ] 127.0.0.1 /supershop/index.php/Admin/ManageGoods/saveGoodsOneField/r=1457418909587
INFO: [ app_begin ] --START--
INFO: Run Behavior\ReadHtmlCacheBehavior [ RunTime:0.001000s ]
INFO: [ app_begin ] --END-- [ RunTime:0.001000s ]
SQL: SHOW COLUMNS FROM `tb_goods` [ RunTime:0.0040s ]
SQL: SELECT `goods_name` FROM `tb_goods` WHERE `goods_id` = '1000003' LIMIT 1   [ RunTime:0.0010s ]

[ 2016-03-08T14:35:12+08:00 ] 127.0.0.1 /supershop/index.php/Admin/ManageGoods/saveGoodsOneField/r=1457418912670
INFO: [ app_begin ] --START--
INFO: Run Behavior\ReadHtmlCacheBehavior [ RunTime:0.000000s ]
INFO: [ app_begin ] --END-- [ RunTime:0.002000s ]
SQL: SHOW COLUMNS FROM `tb_goods` [ RunTime:0.0040s ]
SQL: SELECT `goods_old_price` FROM `tb_goods` WHERE `goods_id` = '1000003' LIMIT 1   [ RunTime:0.0010s ]

[ 2016-03-08T14:35:17+08:00 ] 127.0.0.1 /supershop/index.php/Admin/ManageGoods/saveGoodsOneField/r=1457418917460
INFO: [ app_begin ] --START--
INFO: Run Behavior\ReadHtmlCacheBehavior [ RunTime:0.001000s ]
INFO: [ app_begin ] --END-- [ RunTime:0.002000s ]
SQL: SHOW COLUMNS FROM `tb_goods` [ RunTime:0.0040s ]
SQL: SELECT `goods_brand` FROM `tb_goods` WHERE `goods_id` = '1000003' LIMIT 1   [ RunTime:0.0000s ]

[ 2016-03-08T14:35:46+08:00 ] 127.0.0.1 /supershop/index.php/Admin/ManageGoods/saveGoodsOneField/r=1457418946081
INFO: [ app_begin ] --START--
INFO: Run Behavior\ReadHtmlCacheBehavior [ RunTime:0.001000s ]
INFO: [ app_begin ] --END-- [ RunTime:0.001000s ]
SQL: SHOW COLUMNS FROM `tb_goods` [ RunTime:0.0040s ]
SQL: SELECT `goods_name` FROM `tb_goods` WHERE `goods_id` = '1000003' LIMIT 1   [ RunTime:0.0000s ]

[ 2016-03-08T14:35:49+08:00 ] 127.0.0.1 /supershop/index.php/Admin/ManageGoods/saveGoodsOneField/r=1457418949340
INFO: [ app_begin ] --START--
INFO: Run Behavior\ReadHtmlCacheBehavior [ RunTime:0.001000s ]
INFO: [ app_begin ] --END-- [ RunTime:0.002000s ]
SQL: SHOW COLUMNS FROM `tb_goods` [ RunTime:0.0030s ]
SQL: SELECT `goods_old_price` FROM `tb_goods` WHERE `goods_id` = '1000003' LIMIT 1   [ RunTime:0.0000s ]

[ 2016-03-08T14:35:51+08:00 ] 127.0.0.1 /supershop/index.php/Admin/ManageGoods/saveGoodsOneField/r=1457418951413
INFO: [ app_begin ] --START--
INFO: Run Behavior\ReadHtmlCacheBehavior [ RunTime:0.001000s ]
INFO: [ app_begin ] --END-- [ RunTime:0.001000s ]
SQL: SHOW COLUMNS FROM `tb_goods` [ RunTime:0.0040s ]
SQL: SELECT `goods_produce_place` FROM `tb_goods` WHERE `goods_id` = '1000003' LIMIT 1   [ RunTime:0.0000s ]

[ 2016-03-08T14:35:55+08:00 ] 127.0.0.1 /supershop/index.php/Admin/ManageGoods/saveGoodsOneField/r=1457418955705
INFO: [ app_begin ] --START--
INFO: Run Behavior\ReadHtmlCacheBehavior [ RunTime:0.000000s ]
INFO: [ app_begin ] --END-- [ RunTime:0.001000s ]
SQL: SHOW COLUMNS FROM `tb_goods` [ RunTime:0.0030s ]
SQL: SELECT `goods_num` FROM `tb_goods` WHERE `goods_id` = '1000003' LIMIT 1   [ RunTime:0.0000s ]

[ 2016-03-08T14:35:58+08:00 ] 127.0.0.1 /supershop/index.php/Admin/ManageGoods/saveGoodsOneField/r=1457418958002
INFO: [ app_begin ] --START--
INFO: Run Behavior\ReadHtmlCacheBehavior [ RunTime:0.001000s ]
INFO: [ app_begin ] --END-- [ RunTime:0.001000s ]
SQL: SHOW COLUMNS FROM `tb_goods` [ RunTime:0.0030s ]
SQL: SELECT `goods_brand` FROM `tb_goods` WHERE `goods_id` = '1000003' LIMIT 1   [ RunTime:0.0000s ]

[ 2016-03-08T14:41:30+08:00 ] 127.0.0.1 /supershop/index.php/Admin/ManageGoods/saveGoodsOneField/r=1457419289987
INFO: [ app_begin ] --START--
INFO: Run Behavior\ReadHtmlCacheBehavior [ RunTime:0.000000s ]
INFO: [ app_begin ] --END-- [ RunTime:0.001000s ]
SQL: SHOW COLUMNS FROM `tb_goods` [ RunTime:0.0040s ]
SQL: SELECT `goods_name` FROM `tb_goods` WHERE `goods_id` = '1000003' LIMIT 1   [ RunTime:0.0000s ]

[ 2016-03-08T14:41:33+08:00 ] 127.0.0.1 /supershop/index.php/Admin/ManageGoods/saveGoodsOneField/r=1457419293412
INFO: [ app_begin ] --START--
INFO: Run Behavior\ReadHtmlCacheBehavior [ RunTime:0.001000s ]
INFO: [ app_begin ] --END-- [ RunTime:0.001000s ]
SQL: SHOW COLUMNS FROM `tb_goods` [ RunTime:0.0040s ]
SQL: SELECT `goods_old_price` FROM `tb_goods` WHERE `goods_id` = '1000003' LIMIT 1   [ RunTime:0.0000s ]

[ 2016-03-08T14:41:35+08:00 ] 127.0.0.1 /supershop/index.php/Admin/ManageGoods/saveGoodsOneField/r=1457419295827
INFO: [ app_begin ] --START--
INFO: Run Behavior\ReadHtmlCacheBehavior [ RunTime:0.001000s ]
INFO: [ app_begin ] --END-- [ RunTime:0.001000s ]
SQL: SHOW COLUMNS FROM `tb_goods` [ RunTime:0.0030s ]
SQL: SELECT `goods_old_price` FROM `tb_goods` WHERE `goods_id` = '1000003' LIMIT 1   [ RunTime:0.0010s ]

[ 2016-03-08T14:41:39+08:00 ] 127.0.0.1 /supershop/index.php/Admin/ManageGoods/saveGoodsOneField/r=1457419299212
INFO: [ app_begin ] --START--
INFO: Run Behavior\ReadHtmlCacheBehavior [ RunTime:0.000000s ]
INFO: [ app_begin ] --END-- [ RunTime:0.000000s ]
SQL: SHOW COLUMNS FROM `tb_goods` [ RunTime:0.0040s ]
SQL: SELECT `goods_now_price` FROM `tb_goods` WHERE `goods_id` = '1000003' LIMIT 1   [ RunTime:0.0000s ]

[ 2016-03-08T14:41:41+08:00 ] 127.0.0.1 /supershop/index.php/Admin/ManageGoods/saveGoodsOneField/r=1457419301438
INFO: [ app_begin ] --START--
INFO: Run Behavior\ReadHtmlCacheBehavior [ RunTime:0.001000s ]
INFO: [ app_begin ] --END-- [ RunTime:0.002000s ]
SQL: SHOW COLUMNS FROM `tb_goods` [ RunTime:0.0060s ]
SQL: SELECT `goods_produce_place` FROM `tb_goods` WHERE `goods_id` = '1000003' LIMIT 1   [ RunTime:0.0010s ]

[ 2016-03-08T14:42:01+08:00 ] 127.0.0.1 /supershop/index.php/Admin/ManageGoods/saveGoodsOneField/r=1457419321001
INFO: [ app_begin ] --START--
INFO: Run Behavior\ReadHtmlCacheBehavior [ RunTime:0.001000s ]
INFO: [ app_begin ] --END-- [ RunTime:0.002000s ]
SQL: SHOW COLUMNS FROM `tb_goods` [ RunTime:0.0040s ]
SQL: SELECT `goods_name` FROM `tb_goods` WHERE `goods_id` = '1000003' LIMIT 1   [ RunTime:0.0000s ]

[ 2016-03-08T14:42:04+08:00 ] 127.0.0.1 /supershop/index.php/Admin/ManageGoods/saveGoodsOneField/r=1457419324063
INFO: [ app_begin ] --START--
INFO: Run Behavior\ReadHtmlCacheBehavior [ RunTime:0.001000s ]
INFO: [ app_begin ] --END-- [ RunTime:0.002000s ]
SQL: SHOW COLUMNS FROM `tb_goods` [ RunTime:0.0040s ]
SQL: SELECT `goods_old_price` FROM `tb_goods` WHERE `goods_id` = '1000003' LIMIT 1   [ RunTime:0.0000s ]

[ 2016-03-08T14:42:06+08:00 ] 127.0.0.1 /supershop/index.php/Admin/ManageGoods/saveGoodsOneField/r=1457419326526
INFO: [ app_begin ] --START--
INFO: Run Behavior\ReadHtmlCacheBehavior [ RunTime:0.001000s ]
INFO: [ app_begin ] --END-- [ RunTime:0.001000s ]
SQL: SHOW COLUMNS FROM `tb_goods` [ RunTime:0.0040s ]
SQL: SELECT `goods_brand` FROM `tb_goods` WHERE `goods_id` = '1000003' LIMIT 1   [ RunTime:0.0000s ]

[ 2016-03-08T14:42:15+08:00 ] 127.0.0.1 /supershop/index.php/Admin/ManageGoods/saveGoodsOneField/r=1457419334980
INFO: [ app_begin ] --START--
INFO: Run Behavior\ReadHtmlCacheBehavior [ RunTime:0.001000s ]
INFO: [ app_begin ] --END-- [ RunTime:0.001000s ]
SQL: SHOW COLUMNS FROM `tb_goods` [ RunTime:0.0050s ]
SQL: SELECT `goods_name` FROM `tb_goods` WHERE `goods_id` = '1000003' LIMIT 1   [ RunTime:0.0000s ]

[ 2016-03-08T14:42:19+08:00 ] 127.0.0.1 /supershop/index.php/Admin/ManageGoods/saveGoodsOneField/r=1457419339738
INFO: [ app_begin ] --START--
INFO: Run Behavior\ReadHtmlCacheBehavior [ RunTime:0.001000s ]
INFO: [ app_begin ] --END-- [ RunTime:0.002000s ]
SQL: SHOW COLUMNS FROM `tb_goods` [ RunTime:0.0040s ]
SQL: SELECT `goods_num` FROM `tb_goods` WHERE `goods_id` = '1000003' LIMIT 1   [ RunTime:0.0000s ]

[ 2016-03-08T14:43:10+08:00 ] 127.0.0.1 /supershop/index.php/Admin/ManageGoods/saveGoodsOneField/r=1457419389968
INFO: [ app_begin ] --START--
INFO: Run Behavior\ReadHtmlCacheBehavior [ RunTime:0.001000s ]
INFO: [ app_begin ] --END-- [ RunTime:0.001000s ]
SQL: SHOW COLUMNS FROM `tb_goods` [ RunTime:0.0040s ]
SQL: SELECT `goods_name` FROM `tb_goods` WHERE `goods_id` = '1000003' LIMIT 1   [ RunTime:0.0000s ]
SQL: UPDATE `tb_goods` SET `goods_name`='Sony/索尼 DSC-W730数码相机 1600万 8倍变焦 正品特价 送自拍镜呢 ' WHERE `goods_id` = '1000003' [ RunTime:0.0610s ]

[ 2016-03-08T14:43:22+08:00 ] 127.0.0.1 /supershop/index.php/Admin/ManageGoods/saveGoodsOneField/r=1457419401965
INFO: [ app_begin ] --START--
INFO: Run Behavior\ReadHtmlCacheBehavior [ RunTime:0.001000s ]
INFO: [ app_begin ] --END-- [ RunTime:0.001000s ]
SQL: SHOW COLUMNS FROM `tb_goods` [ RunTime:0.0040s ]
SQL: SELECT `goods_name` FROM `tb_goods` WHERE `goods_id` = '1000004' LIMIT 1   [ RunTime:0.0000s ]
SQL: UPDATE `tb_goods` SET `goods_name`='Razer雷蛇 Ouroboros奥罗波若蛇 有线/无线双模式游戏鼠标 顺丰包邮 ' WHERE `goods_id` = '1000004' [ RunTime:0.0700s ]

[ 2016-03-08T14:43:31+08:00 ] 127.0.0.1 /supershop/index.php/Admin/ManageGoods/saveGoodsOneField/r=1457419411405
INFO: [ app_begin ] --START--
INFO: Run Behavior\ReadHtmlCacheBehavior [ RunTime:0.001000s ]
INFO: [ app_begin ] --END-- [ RunTime:0.001000s ]
SQL: SHOW COLUMNS FROM `tb_goods` [ RunTime:0.0040s ]
SQL: SELECT `goods_old_price` FROM `tb_goods` WHERE `goods_id` = '1000003' LIMIT 1   [ RunTime:0.0000s ]
SQL: UPDATE `tb_goods` SET `goods_old_price`='555' WHERE `goods_id` = '1000003' [ RunTime:0.0880s ]

[ 2016-03-08T14:44:03+08:00 ] 127.0.0.1 /supershop/index.php/Admin/ManageGoods/saveGoodsOneField/r=1457419443470
INFO: [ app_begin ] --START--
INFO: Run Behavior\ReadHtmlCacheBehavior [ RunTime:0.001000s ]
INFO: [ app_begin ] --END-- [ RunTime:0.002000s ]
SQL: SHOW COLUMNS FROM `tb_goods` [ RunTime:0.0040s ]
SQL: SELECT `goods_num` FROM `tb_goods` WHERE `goods_id` = '1000003' LIMIT 1   [ RunTime:0.0010s ]

[ 2016-03-08T14:49:40+08:00 ] 127.0.0.1 /supershop/index.php/Admin/ManageGoods/goodsList
INFO: [ app_begin ] --START--
INFO: Run Behavior\ReadHtmlCacheBehavior [ RunTime:0.001000s ]
INFO: [ app_begin ] --END-- [ RunTime:0.002000s ]
SQL: SHOW COLUMNS FROM `tb_goods` [ RunTime:0.0040s ]
SQL: SELECT COUNT(*) AS tp_count FROM `tb_goods` WHERE `valid_flag` = 1 LIMIT 1   [ RunTime:0.0000s ]
SQL: SELECT * FROM `tb_goods` WHERE `valid_flag` = 1 ORDER BY goods_id LIMIT 0,8   [ RunTime:0.0000s ]
INFO: [ view_parse ] --START--
INFO: Run Behavior\ParseTemplateBehavior [ RunTime:0.019002s ]
INFO: [ view_parse ] --END-- [ RunTime:0.019002s ]
INFO: [ view_filter ] --START--
INFO: Run Behavior\WriteHtmlCacheBehavior [ RunTime:0.001000s ]
INFO: [ view_filter ] --END-- [ RunTime:0.001000s ]
INFO: [ app_end ] --START--
INFO: Run Behavior\ShowPageTraceBehavior [ RunTime:0.001000s ]
INFO: [ app_end ] --END-- [ RunTime:0.001000s ]

[ 2016-03-08T14:49:49+08:00 ] 127.0.0.1 /supershop/index.php/Admin/ManageGoods/saveGoodsOneField/r=1457419789422
INFO: [ app_begin ] --START--
INFO: Run Behavior\ReadHtmlCacheBehavior [ RunTime:0.001000s ]
INFO: [ app_begin ] --END-- [ RunTime:0.001000s ]
SQL: SHOW COLUMNS FROM `tb_goods` [ RunTime:0.0040s ]
SQL: SELECT `goods_name` FROM `tb_goods` WHERE `goods_id` = '1000003' LIMIT 1   [ RunTime:0.0000s ]

[ 2016-03-08T14:51:26+08:00 ] 127.0.0.1 /supershop/index.php/Admin/ManageGoods/saveGoodsOneField/r=1457419886492
INFO: [ app_begin ] --START--
INFO: Run Behavior\ReadHtmlCacheBehavior [ RunTime:0.000000s ]
INFO: [ app_begin ] --END-- [ RunTime:0.001000s ]
SQL: SHOW COLUMNS FROM `tb_goods` [ RunTime:0.0040s ]
SQL: SELECT `goods_name` FROM `tb_goods` WHERE `goods_id` = '1000004' LIMIT 1   [ RunTime:0.0000s ]

[ 2016-03-08T14:51:32+08:00 ] 127.0.0.1 /supershop/index.php/Admin/ManageGoods/saveGoodsOneField/r=1457419892514
INFO: [ app_begin ] --START--
INFO: Run Behavior\ReadHtmlCacheBehavior [ RunTime:0.001000s ]
INFO: [ app_begin ] --END-- [ RunTime:0.001000s ]
SQL: SHOW COLUMNS FROM `tb_goods` [ RunTime:0.0040s ]
SQL: SELECT `goods_old_price` FROM `tb_goods` WHERE `goods_id` = '1000003' LIMIT 1   [ RunTime:0.0000s ]

[ 2016-03-08T14:55:33+08:00 ] 127.0.0.1 /supershop/index.php/Admin/ManageGoods/saveGoodsOneField/r=1457420133165
INFO: [ app_begin ] --START--
INFO: Run Behavior\ReadHtmlCacheBehavior [ RunTime:0.001000s ]
INFO: [ app_begin ] --END-- [ RunTime:0.001000s ]
SQL: SHOW COLUMNS FROM `tb_goods` [ RunTime:0.0040s ]
SQL: SELECT `status` FROM `tb_goods` WHERE `goods_id` = '1000003' LIMIT 1   [ RunTime:0.0010s ]
SQL: UPDATE `tb_goods` SET `status`='1' WHERE `goods_id` = '1000003' [ RunTime:0.0720s ]

[ 2016-03-08T14:55:39+08:00 ] 127.0.0.1 /supershop/index.php/Admin/ManageGoods/saveGoodsOneField/r=1457420139624
INFO: [ app_begin ] --START--
INFO: Run Behavior\ReadHtmlCacheBehavior [ RunTime:0.000000s ]
INFO: [ app_begin ] --END-- [ RunTime:0.001000s ]
SQL: SHOW COLUMNS FROM `tb_goods` [ RunTime:0.0040s ]
SQL: SELECT `status` FROM `tb_goods` WHERE `goods_id` = '1000003' LIMIT 1   [ RunTime:0.0000s ]
SQL: UPDATE `tb_goods` SET `status`='0' WHERE `goods_id` = '1000003' [ RunTime:0.0590s ]

[ 2016-03-08T14:56:48+08:00 ] 127.0.0.1 /supershop/index.php/Admin/ManageGoods/saveGoodsOneField/r=1457420207951
INFO: [ app_begin ] --START--
INFO: Run Behavior\ReadHtmlCacheBehavior [ RunTime:0.000000s ]
INFO: [ app_begin ] --END-- [ RunTime:0.001000s ]
SQL: SHOW COLUMNS FROM `tb_goods` [ RunTime:0.0040s ]
SQL: SELECT `status` FROM `tb_goods` WHERE `goods_id` = '1000003' LIMIT 1   [ RunTime:0.0010s ]
SQL: UPDATE `tb_goods` SET `status`='1' WHERE `goods_id` = '1000003' [ RunTime:0.0310s ]

[ 2016-03-08T14:58:24+08:00 ] 127.0.0.1 /supershop/index.php/Admin/ManageGoods/saveGoodsOneField/r=1457420303902
INFO: [ app_begin ] --START--
INFO: Run Behavior\ReadHtmlCacheBehavior [ RunTime:0.001000s ]
INFO: [ app_begin ] --END-- [ RunTime:0.001000s ]
SQL: SHOW COLUMNS FROM `tb_goods` [ RunTime:0.0040s ]
SQL: SELECT `status` FROM `tb_goods` WHERE `goods_id` = '1000004' LIMIT 1   [ RunTime:0.0000s ]
SQL: UPDATE `tb_goods` SET `status`='1' WHERE `goods_id` = '1000004' [ RunTime:0.0570s ]

[ 2016-03-08T14:58:25+08:00 ] 127.0.0.1 /supershop/index.php/Admin/ManageGoods/saveGoodsOneField/r=1457420305366
INFO: [ app_begin ] --START--
INFO: Run Behavior\ReadHtmlCacheBehavior [ RunTime:0.001000s ]
INFO: [ app_begin ] --END-- [ RunTime:0.002000s ]
SQL: SHOW COLUMNS FROM `tb_goods` [ RunTime:0.0040s ]
SQL: SELECT `status` FROM `tb_goods` WHERE `goods_id` = '1000005' LIMIT 1   [ RunTime:0.0000s ]
SQL: UPDATE `tb_goods` SET `status`='1' WHERE `goods_id` = '1000005' [ RunTime:0.0530s ]

[ 2016-03-08T14:58:27+08:00 ] 127.0.0.1 /supershop/index.php/Admin/ManageGoods/saveGoodsOneField/r=1457420307214
INFO: [ app_begin ] --START--
INFO: Run Behavior\ReadHtmlCacheBehavior [ RunTime:0.000000s ]
INFO: [ app_begin ] --END-- [ RunTime:0.001000s ]
SQL: SHOW COLUMNS FROM `tb_goods` [ RunTime:0.0040s ]
SQL: SELECT `status` FROM `tb_goods` WHERE `goods_id` = '1000006' LIMIT 1   [ RunTime:0.0000s ]
SQL: UPDATE `tb_goods` SET `status`='1' WHERE `goods_id` = '1000006' [ RunTime:0.0330s ]

[ 2016-03-08T14:58:28+08:00 ] 127.0.0.1 /supershop/index.php/Admin/ManageGoods/saveGoodsOneField/r=1457420308264
INFO: [ app_begin ] --START--
INFO: Run Behavior\ReadHtmlCacheBehavior [ RunTime:0.001000s ]
INFO: [ app_begin ] --END-- [ RunTime:0.001000s ]
SQL: SHOW COLUMNS FROM `tb_goods` [ RunTime:0.0050s ]
SQL: SELECT `status` FROM `tb_goods` WHERE `goods_id` = '1000007' LIMIT 1   [ RunTime:0.0010s ]
SQL: UPDATE `tb_goods` SET `status`='1' WHERE `goods_id` = '1000007' [ RunTime:0.0850s ]

[ 2016-03-08T14:58:29+08:00 ] 127.0.0.1 /supershop/index.php/Admin/ManageGoods/saveGoodsOneField/r=1457420309487
INFO: [ app_begin ] --START--
INFO: Run Behavior\ReadHtmlCacheBehavior [ RunTime:0.000000s ]
INFO: [ app_begin ] --END-- [ RunTime:0.001000s ]
SQL: SHOW COLUMNS FROM `tb_goods` [ RunTime:0.0040s ]
SQL: SELECT `status` FROM `tb_goods` WHERE `goods_id` = '1000008' LIMIT 1   [ RunTime:0.0000s ]
SQL: UPDATE `tb_goods` SET `status`='1' WHERE `goods_id` = '1000008' [ RunTime:0.0230s ]

[ 2016-03-08T14:58:31+08:00 ] 127.0.0.1 /supershop/index.php/Admin/ManageGoods/saveGoodsOneField/r=1457420310976
INFO: [ app_begin ] --START--
INFO: Run Behavior\ReadHtmlCacheBehavior [ RunTime:0.001000s ]
INFO: [ app_begin ] --END-- [ RunTime:0.001000s ]
SQL: SHOW COLUMNS FROM `tb_goods` [ RunTime:0.0030s ]
SQL: SELECT `status` FROM `tb_goods` WHERE `goods_id` = '1000009' LIMIT 1   [ RunTime:0.0000s ]
SQL: UPDATE `tb_goods` SET `status`='1' WHERE `goods_id` = '1000009' [ RunTime:0.0920s ]

[ 2016-03-08T14:58:32+08:00 ] 127.0.0.1 /supershop/index.php/Admin/ManageGoods/saveGoodsOneField/r=1457420312231
INFO: [ app_begin ] --START--
INFO: Run Behavior\ReadHtmlCacheBehavior [ RunTime:0.001000s ]
INFO: [ app_begin ] --END-- [ RunTime:0.001000s ]
SQL: SHOW COLUMNS FROM `tb_goods` [ RunTime:0.0040s ]
SQL: SELECT `status` FROM `tb_goods` WHERE `goods_id` = '1000010' LIMIT 1   [ RunTime:0.0000s ]
SQL: UPDATE `tb_goods` SET `status`='1' WHERE `goods_id` = '1000010' [ RunTime:0.0590s ]

[ 2016-03-08T15:04:12+08:00 ] 127.0.0.1 /supershop/index.php/Admin/ManageGoods/saveGoodsOneField/r=1457420652812
INFO: [ app_begin ] --START--
INFO: Run Behavior\ReadHtmlCacheBehavior [ RunTime:0.001000s ]
INFO: [ app_begin ] --END-- [ RunTime:0.001000s ]
SQL: SHOW COLUMNS FROM `tb_goods` [ RunTime:0.0040s ]
SQL: SELECT `goods_name` FROM `tb_goods` WHERE `goods_id` = '1000003' LIMIT 1   [ RunTime:0.0000s ]

[ 2016-03-08T15:04:59+08:00 ] 127.0.0.1 /supershop/index.php/Admin/ManageGoods/saveGoodsOneField/r=1457420699639
INFO: [ app_begin ] --START--
INFO: Run Behavior\ReadHtmlCacheBehavior [ RunTime:0.001000s ]
INFO: [ app_begin ] --END-- [ RunTime:0.001000s ]
SQL: SHOW COLUMNS FROM `tb_goods` [ RunTime:0.0050s ]
SQL: SELECT `status` FROM `tb_goods` WHERE `goods_id` = '1000010' LIMIT 1   [ RunTime:0.0010s ]
SQL: UPDATE `tb_goods` SET `status`='0' WHERE `goods_id` = '1000010' [ RunTime:0.0650s ]

[ 2016-03-08T15:05:05+08:00 ] 127.0.0.1 /supershop/index.php/Admin/ManageGoods/saveGoodsOneField/r=1457420705464
INFO: [ app_begin ] --START--
INFO: Run Behavior\ReadHtmlCacheBehavior [ RunTime:0.001000s ]
INFO: [ app_begin ] --END-- [ RunTime:0.001000s ]
SQL: SHOW COLUMNS FROM `tb_goods` [ RunTime:0.0040s ]
SQL: SELECT `status` FROM `tb_goods` WHERE `goods_id` = '1000010' LIMIT 1   [ RunTime:0.0000s ]
SQL: UPDATE `tb_goods` SET `status`='1' WHERE `goods_id` = '1000010' [ RunTime:0.0810s ]

[ 2016-03-08T15:09:18+08:00 ] 127.0.0.1 /supershop/index.php/Admin/ManageGoods/saveGoodsOneField/r=1457420958473
INFO: [ app_begin ] --START--
INFO: Run Behavior\ReadHtmlCacheBehavior [ RunTime:0.001000s ]
INFO: [ app_begin ] --END-- [ RunTime:0.002000s ]
SQL: SHOW COLUMNS FROM `tb_goods` [ RunTime:0.0040s ]
SQL: SELECT `valid_flag` FROM `tb_goods` WHERE `goods_id` = '1000003' LIMIT 1   [ RunTime:0.0000s ]
SQL: UPDATE `tb_goods` SET `valid_flag`='0' WHERE `goods_id` = '1000003' [ RunTime:0.0530s ]

[ 2016-03-08T15:11:09+08:00 ] 127.0.0.1 /supershop/index.php/Admin/ManageGoods/saveGoodsOneField/r=1457421069745
INFO: [ app_begin ] --START--
INFO: Run Behavior\ReadHtmlCacheBehavior [ RunTime:0.001001s ]
INFO: [ app_begin ] --END-- [ RunTime:0.001001s ]
SQL: SHOW COLUMNS FROM `tb_goods` [ RunTime:0.0040s ]
SQL: SELECT `valid_flag` FROM `tb_goods` WHERE `goods_id` = '1000003' LIMIT 1   [ RunTime:0.0000s ]
SQL: UPDATE `tb_goods` SET `valid_flag`='1' WHERE `goods_id` = '1000003' [ RunTime:0.0630s ]

[ 2016-03-08T15:12:39+08:00 ] 127.0.0.1 /supershop/index.php/Admin/ManageGoods/saveGoodsOneField/r=1457421158988
INFO: [ app_begin ] --START--
INFO: Run Behavior\ReadHtmlCacheBehavior [ RunTime:0.002001s ]
INFO: [ app_begin ] --END-- [ RunTime:0.003001s ]
SQL: SHOW COLUMNS FROM `tb_goods` [ RunTime:0.0050s ]
SQL: SELECT `status` FROM `tb_goods` WHERE `goods_id` = '1000003' LIMIT 1   [ RunTime:0.0000s ]
SQL: UPDATE `tb_goods` SET `status`='0',`last_update_time`='2016-03-08 15:12:39' WHERE `goods_id` = '1000003' [ RunTime:0.0820s ]

[ 2016-03-08T15:12:41+08:00 ] 127.0.0.1 /supershop/index.php/Admin/ManageGoods/saveGoodsOneField/r=1457421161093
INFO: [ app_begin ] --START--
INFO: Run Behavior\ReadHtmlCacheBehavior [ RunTime:0.001000s ]
INFO: [ app_begin ] --END-- [ RunTime:0.001000s ]
SQL: SHOW COLUMNS FROM `tb_goods` [ RunTime:0.0030s ]
SQL: SELECT `status` FROM `tb_goods` WHERE `goods_id` = '1000003' LIMIT 1   [ RunTime:0.0000s ]
SQL: UPDATE `tb_goods` SET `status`='1',`last_update_time`='2016-03-08 15:12:41' WHERE `goods_id` = '1000003' [ RunTime:0.0260s ]

[ 2016-03-08T15:12:48+08:00 ] 127.0.0.1 /supershop/index.php/Admin/ManageGoods/saveGoodsOneField/r=1457421168073
INFO: [ app_begin ] --START--
INFO: Run Behavior\ReadHtmlCacheBehavior [ RunTime:0.001000s ]
INFO: [ app_begin ] --END-- [ RunTime:0.001000s ]
SQL: SHOW COLUMNS FROM `tb_goods` [ RunTime:0.0040s ]
SQL: SELECT `goods_old_price` FROM `tb_goods` WHERE `goods_id` = '1000004' LIMIT 1   [ RunTime:0.0000s ]

[ 2016-03-08T15:12:52+08:00 ] 127.0.0.1 /supershop/index.php/Admin/ManageGoods/saveGoodsOneField/r=1457421172835
INFO: [ app_begin ] --START--
INFO: Run Behavior\ReadHtmlCacheBehavior [ RunTime:0.001000s ]
INFO: [ app_begin ] --END-- [ RunTime:0.001000s ]
SQL: SHOW COLUMNS FROM `tb_goods` [ RunTime:0.0040s ]
SQL: SELECT `goods_old_price` FROM `tb_goods` WHERE `goods_id` = '1000003' LIMIT 1   [ RunTime:0.0000s ]
SQL: UPDATE `tb_goods` SET `goods_old_price`='550',`last_update_time`='2016-03-08 15:12:52' WHERE `goods_id` = '1000003' [ RunTime:0.0620s ]

[ 2016-03-08T15:13:00+08:00 ] 127.0.0.1 /supershop/index.php/Admin/ManageGoods/saveGoodsOneField/r=1457421180091
INFO: [ app_begin ] --START--
INFO: Run Behavior\ReadHtmlCacheBehavior [ RunTime:0.001000s ]
INFO: [ app_begin ] --END-- [ RunTime:0.001000s ]
SQL: SHOW COLUMNS FROM `tb_goods` [ RunTime:0.0030s ]
SQL: SELECT `goods_old_price` FROM `tb_goods` WHERE `goods_id` = '1000005' LIMIT 1   [ RunTime:0.0000s ]
SQL: UPDATE `tb_goods` SET `goods_old_price`='3349',`last_update_time`='2016-03-08 15:13:00' WHERE `goods_id` = '1000005' [ RunTime:0.0580s ]

[ 2016-03-08T15:14:30+08:00 ] 127.0.0.1 /supershop/index.php/Admin/ManageGoods/saveGoodsOneField/r=1457421270637
INFO: [ app_begin ] --START--
INFO: Run Behavior\ReadHtmlCacheBehavior [ RunTime:0.001000s ]
INFO: [ app_begin ] --END-- [ RunTime:0.001000s ]
SQL: SHOW COLUMNS FROM `tb_goods` [ RunTime:0.0040s ]
SQL: SELECT `goods_now_price` FROM `tb_goods` WHERE `goods_id` = '1000003' LIMIT 1   [ RunTime:0.0000s ]

[ 2016-03-08T15:16:48+08:00 ] 127.0.0.1 /supershop/index.php/Admin/ManageGoodsType/goodsTypeList
INFO: [ app_begin ] --START--
INFO: Run Behavior\ReadHtmlCacheBehavior [ RunTime:0.001000s ]
INFO: [ app_begin ] --END-- [ RunTime:0.001000s ]
SQL: SHOW COLUMNS FROM `tb_category` [ RunTime:0.0040s ]
SQL: SELECT COUNT(*) AS tp_count FROM `tb_category` WHERE `valid_flag` = 1 LIMIT 1   [ RunTime:0.0000s ]
SQL: SELECT * FROM `tb_category` WHERE `valid_flag` = 1 ORDER BY type_path LIMIT 0,8   [ RunTime:0.0010s ]
INFO: [ view_parse ] --START--
INFO: Run Behavior\ParseTemplateBehavior [ RunTime:0.010001s ]
INFO: [ view_parse ] --END-- [ RunTime:0.010001s ]
INFO: [ view_filter ] --START--
INFO: Run Behavior\WriteHtmlCacheBehavior [ RunTime:0.000000s ]
INFO: [ view_filter ] --END-- [ RunTime:0.000000s ]
INFO: [ app_end ] --START--
INFO: Run Behavior\ShowPageTraceBehavior [ RunTime:0.000000s ]
INFO: [ app_end ] --END-- [ RunTime:0.000000s ]

[ 2016-03-08T15:18:36+08:00 ] 127.0.0.1 /supershop/index.php/Admin/ManageGoods/saveGoodsOneField/r=1457421516865
INFO: [ app_begin ] --START--
INFO: Run Behavior\ReadHtmlCacheBehavior [ RunTime:0.001000s ]
INFO: [ app_begin ] --END-- [ RunTime:0.002000s ]
SQL: SHOW COLUMNS FROM `tb_goods` [ RunTime:0.0030s ]
SQL: SELECT `status` FROM `tb_goods` WHERE `goods_id` = '1000011' LIMIT 1   [ RunTime:0.0000s ]
SQL: UPDATE `tb_goods` SET `status`='1',`last_update_time`='2016-03-08 15:18:36' WHERE `goods_id` = '1000011' [ RunTime:0.0600s ]

[ 2016-03-08T15:18:42+08:00 ] 127.0.0.1 /supershop/index.php/Admin/ManageGoods/saveGoodsOneField/r=1457421522757
INFO: [ app_begin ] --START--
INFO: Run Behavior\ReadHtmlCacheBehavior [ RunTime:0.001000s ]
INFO: [ app_begin ] --END-- [ RunTime:0.001000s ]
SQL: SHOW COLUMNS FROM `tb_goods` [ RunTime:0.0040s ]
SQL: SELECT `goods_name` FROM `tb_goods` WHERE `goods_id` = '1000011' LIMIT 1   [ RunTime:0.0000s ]

[ 2016-03-08T15:34:27+08:00 ] 127.0.0.1 /supershop/index.php/Admin/ManageGoodsType/goodsTypeList
INFO: [ app_begin ] --START--
INFO: Run Behavior\ReadHtmlCacheBehavior [ RunTime:0.000000s ]
INFO: [ app_begin ] --END-- [ RunTime:0.002000s ]
SQL: SHOW COLUMNS FROM `tb_category` [ RunTime:0.0030s ]
SQL: SELECT COUNT(*) AS tp_count FROM `tb_category` WHERE `valid_flag` = 1 LIMIT 1   [ RunTime:0.0000s ]
SQL: SELECT * FROM `tb_category` WHERE `valid_flag` = 1 ORDER BY type_path LIMIT 0,8   [ RunTime:0.0010s ]
INFO: [ view_parse ] --START--
INFO: Run Behavior\ParseTemplateBehavior [ RunTime:0.015001s ]
INFO: [ view_parse ] --END-- [ RunTime:0.015001s ]
INFO: [ view_filter ] --START--
INFO: Run Behavior\WriteHtmlCacheBehavior [ RunTime:0.001000s ]
INFO: [ view_filter ] --END-- [ RunTime:0.001000s ]
INFO: [ app_end ] --START--
INFO: Run Behavior\ShowPageTraceBehavior [ RunTime:0.001000s ]
INFO: [ app_end ] --END-- [ RunTime:0.001000s ]

[ 2016-03-08T16:05:26+08:00 ] 127.0.0.1 /supershop/index.php/Admin/ManageUser/saveUserOneField/r=1457424325897
INFO: [ app_begin ] --START--
INFO: Run Behavior\ReadHtmlCacheBehavior [ RunTime:0.001001s ]
INFO: [ app_begin ] --END-- [ RunTime:0.001001s ]
SQL: SHOW COLUMNS FROM `tb_user` [ RunTime:0.0050s ]
SQL: SELECT * FROM `tb_user` WHERE `user_id` = '100000' LIMIT 1   [ RunTime:0.0010s ]
SQL: SELECT `status` FROM `tb_user` WHERE `user_id` = '100000' LIMIT 1   [ RunTime:0.0000s ]
SQL: UPDATE `tb_user` SET `status`='0' WHERE `user_id` = '100000' [ RunTime:0.0600s ]

[ 2016-03-08T16:05:28+08:00 ] 127.0.0.1 /supershop/index.php/Admin/ManageUser/saveUserOneField/r=1457424327990
INFO: [ app_begin ] --START--
INFO: Run Behavior\ReadHtmlCacheBehavior [ RunTime:0.001000s ]
INFO: [ app_begin ] --END-- [ RunTime:0.001000s ]
SQL: SHOW COLUMNS FROM `tb_user` [ RunTime:0.0040s ]
SQL: SELECT * FROM `tb_user` WHERE `user_id` = '100000' LIMIT 1   [ RunTime:0.0010s ]
SQL: SELECT `status` FROM `tb_user` WHERE `user_id` = '100000' LIMIT 1   [ RunTime:0.0000s ]
SQL: UPDATE `tb_user` SET `status`='1' WHERE `user_id` = '100000' [ RunTime:0.0650s ]

[ 2016-03-08T16:05:32+08:00 ] 127.0.0.1 /supershop/index.php/Admin/ManageUser/saveUserOneField/r=1457424332573
INFO: [ app_begin ] --START--
INFO: Run Behavior\ReadHtmlCacheBehavior [ RunTime:0.001000s ]
INFO: [ app_begin ] --END-- [ RunTime:0.001000s ]
SQL: SHOW COLUMNS FROM `tb_user` [ RunTime:0.0040s ]
SQL: SELECT * FROM `tb_user` WHERE `user_id` = '100000' LIMIT 1   [ RunTime:0.0000s ]
SQL: SELECT `user_nickname` FROM `tb_user` WHERE `user_id` = '100000' LIMIT 1   [ RunTime:0.0000s ]

[ 2016-03-08T16:05:37+08:00 ] 127.0.0.1 /supershop/index.php/Admin/ManageUser/saveUserOneField/r=1457424337849
INFO: [ app_begin ] --START--
INFO: Run Behavior\ReadHtmlCacheBehavior [ RunTime:0.000000s ]
INFO: [ app_begin ] --END-- [ RunTime:0.001000s ]
SQL: SHOW COLUMNS FROM `tb_user` [ RunTime:0.0040s ]
SQL: SELECT * FROM `tb_user` WHERE `user_id` = '100000' LIMIT 1   [ RunTime:0.0010s ]
SQL: SELECT `valid_flag` FROM `tb_user` WHERE `user_id` = '100000' LIMIT 1   [ RunTime:0.0000s ]
SQL: UPDATE `tb_user` SET `valid_flag`='0' WHERE `user_id` = '100000' [ RunTime:0.0600s ]

[ 2016-03-08T16:05:41+08:00 ] 127.0.0.1 /supershop/index.php/Admin/ManageUser/saveUserOneField/r=1457424341745
INFO: [ app_begin ] --START--
INFO: Run Behavior\ReadHtmlCacheBehavior [ RunTime:0.001000s ]
INFO: [ app_begin ] --END-- [ RunTime:0.001000s ]
SQL: SHOW COLUMNS FROM `tb_user` [ RunTime:0.0040s ]
SQL: SELECT * FROM `tb_user` WHERE `user_id` = '100000' LIMIT 1   [ RunTime:0.0010s ]
SQL: SELECT `valid_flag` FROM `tb_user` WHERE `user_id` = '100000' LIMIT 1   [ RunTime:0.0000s ]
SQL: UPDATE `tb_user` SET `valid_flag`='1' WHERE `user_id` = '100000' [ RunTime:0.0660s ]

[ 2016-03-08T16:54:04+08:00 ] 127.0.0.1 /supershop/index.php/Admin/ManageUser/saveUserOneField/r=1457427244717
INFO: [ app_begin ] --START--
INFO: Run Behavior\ReadHtmlCacheBehavior [ RunTime:0.001000s ]
INFO: [ app_begin ] --END-- [ RunTime:0.001000s ]
SQL: SHOW COLUMNS FROM `tb_user` [ RunTime:0.0030s ]
SQL: SELECT * FROM `tb_user` WHERE `user_id` = '100000' LIMIT 1   [ RunTime:0.0000s ]
SQL: SELECT `user_nickname` FROM `tb_user` WHERE `user_id` = '100000' LIMIT 1   [ RunTime:0.0000s ]

[ 2016-03-08T16:54:08+08:00 ] 127.0.0.1 /supershop/index.php/Admin/ManageUser/saveUserOneField/r=1457427248334
INFO: [ app_begin ] --START--
INFO: Run Behavior\ReadHtmlCacheBehavior [ RunTime:0.001000s ]
INFO: [ app_begin ] --END-- [ RunTime:0.002001s ]
SQL: SHOW COLUMNS FROM `tb_user` [ RunTime:0.0030s ]
SQL: SELECT * FROM `tb_user` WHERE `user_id` = '100000' LIMIT 1   [ RunTime:0.0000s ]
SQL: SELECT `user_nickname` FROM `tb_user` WHERE `user_id` = '100000' LIMIT 1   [ RunTime:0.0010s ]

[ 2016-03-08T16:54:14+08:00 ] 127.0.0.1 /supershop/index.php/Admin/ManageUser/saveUserOneField/r=1457427254294
INFO: [ app_begin ] --START--
INFO: Run Behavior\ReadHtmlCacheBehavior [ RunTime:0.001000s ]
INFO: [ app_begin ] --END-- [ RunTime:0.001000s ]
SQL: SHOW COLUMNS FROM `tb_user` [ RunTime:0.0050s ]
SQL: SELECT * FROM `tb_user` WHERE `user_id` = '100000' LIMIT 1   [ RunTime:0.0000s ]
SQL: SELECT `user_nickname` FROM `tb_user` WHERE `user_id` = '100000' LIMIT 1   [ RunTime:0.0000s ]

[ 2016-03-08T16:54:37+08:00 ] 127.0.0.1 /supershop/index.php/Admin/ManageUser/userList
INFO: [ app_begin ] --START--
INFO: Run Behavior\ReadHtmlCacheBehavior [ RunTime:0.001000s ]
INFO: [ app_begin ] --END-- [ RunTime:0.001000s ]
SQL: SHOW COLUMNS FROM `tb_user` [ RunTime:0.0040s ]
SQL: SELECT COUNT(*) AS tp_count FROM `tb_user` WHERE `valid_flag` = 1 LIMIT 1   [ RunTime:0.0010s ]
SQL: SELECT * FROM `tb_user` WHERE `valid_flag` = 1 ORDER BY user_id LIMIT 0,8   [ RunTime:0.0000s ]
INFO: [ view_parse ] --START--
INFO: Run Behavior\ParseTemplateBehavior [ RunTime:0.015001s ]
INFO: [ view_parse ] --END-- [ RunTime:0.015001s ]
INFO: [ view_filter ] --START--
INFO: Run Behavior\WriteHtmlCacheBehavior [ RunTime:0.001000s ]
INFO: [ view_filter ] --END-- [ RunTime:0.001000s ]
INFO: [ app_end ] --START--
INFO: Run Behavior\ShowPageTraceBehavior [ RunTime:0.001000s ]
INFO: [ app_end ] --END-- [ RunTime:0.001000s ]

[ 2016-03-08T17:18:41+08:00 ] 127.0.0.1 /supershop/index.php/Admin/ManageUser/saveUserOneField/r=1457428721199
INFO: [ app_begin ] --START--
INFO: Run Behavior\ReadHtmlCacheBehavior [ RunTime:0.000000s ]
INFO: [ app_begin ] --END-- [ RunTime:0.001000s ]
SQL: SHOW COLUMNS FROM `tb_user` [ RunTime:0.0040s ]
SQL: SELECT * FROM `tb_user` WHERE `user_id` = '100000' LIMIT 1   [ RunTime:0.0000s ]
SQL: SELECT `user_nickname` FROM `tb_user` WHERE `user_id` = '100000' LIMIT 1   [ RunTime:0.0010s ]

[ 2016-03-08T17:26:20+08:00 ] 127.0.0.1 /supershop/index.php/Admin/ManageInform/saveInformOneField/r=1457429180272
INFO: [ app_begin ] --START--
INFO: Run Behavior\ReadHtmlCacheBehavior [ RunTime:0.001000s ]
INFO: [ app_begin ] --END-- [ RunTime:0.001000s ]
SQL: SHOW COLUMNS FROM `tb_inform` [ RunTime:0.0040s ]
SQL: SELECT * FROM `tb_inform` WHERE `inform_id` = '10001' LIMIT 1   [ RunTime:0.0010s ]
SQL: SELECT `inform_content` FROM `tb_inform` WHERE `inform_id` = '10001' LIMIT 1   [ RunTime:0.0000s ]

[ 2016-03-08T17:26:29+08:00 ] 127.0.0.1 /supershop/index.php/Admin/ManageInform/saveInformOneField/r=1457429189299
INFO: [ app_begin ] --START--
INFO: Run Behavior\ReadHtmlCacheBehavior [ RunTime:0.001000s ]
INFO: [ app_begin ] --END-- [ RunTime:0.001000s ]
SQL: SHOW COLUMNS FROM `tb_inform` [ RunTime:0.0040s ]
SQL: SELECT * FROM `tb_inform` WHERE `inform_id` = '10001' LIMIT 1   [ RunTime:0.0000s ]
SQL: SELECT `inform_title` FROM `tb_inform` WHERE `inform_id` = '10001' LIMIT 1   [ RunTime:0.0000s ]

[ 2016-03-08T17:26:34+08:00 ] 127.0.0.1 /supershop/index.php/Admin/ManageInform/saveInformOneField/r=1457429194042
INFO: [ app_begin ] --START--
INFO: Run Behavior\ReadHtmlCacheBehavior [ RunTime:0.001000s ]
INFO: [ app_begin ] --END-- [ RunTime:0.002000s ]
SQL: SHOW COLUMNS FROM `tb_inform` [ RunTime:0.0030s ]
SQL: SELECT * FROM `tb_inform` WHERE `inform_id` = '10001' LIMIT 1   [ RunTime:0.0010s ]
SQL: SELECT `valid_flag` FROM `tb_inform` WHERE `inform_id` = '10001' LIMIT 1   [ RunTime:0.0010s ]

[ 2016-03-08T17:27:25+08:00 ] 127.0.0.1 /supershop/index.php/Admin/ManageInform/saveInformOneField/r=1457429245131
INFO: [ app_begin ] --START--
INFO: Run Behavior\ReadHtmlCacheBehavior [ RunTime:0.001000s ]
INFO: [ app_begin ] --END-- [ RunTime:0.002000s ]
SQL: SHOW COLUMNS FROM `tb_inform` [ RunTime:0.0040s ]
SQL: SELECT * FROM `tb_inform` WHERE `inform_id` = '10001' LIMIT 1   [ RunTime:0.0000s ]
SQL: SELECT `valid_flag` FROM `tb_inform` WHERE `inform_id` = '10001' LIMIT 1   [ RunTime:0.0000s ]

[ 2016-03-08T17:36:23+08:00 ] 127.0.0.1 /supershop/index.php/Admin/ManageInform/saveInformOneField/r=1457429783034
INFO: [ app_begin ] --START--
INFO: Run Behavior\ReadHtmlCacheBehavior [ RunTime:0.001000s ]
INFO: [ app_begin ] --END-- [ RunTime:0.002000s ]
SQL: SHOW COLUMNS FROM `tb_inform` [ RunTime:0.0040s ]
SQL: SELECT * FROM `tb_inform` WHERE `inform_id` = '10001' LIMIT 1   [ RunTime:0.0000s ]
SQL: SELECT `valid_flag` FROM `tb_inform` WHERE `inform_id` = '10001' LIMIT 1   [ RunTime:0.0000s ]

[ 2016-03-08T17:38:32+08:00 ] 127.0.0.1 /supershop/index.php/Admin/ManageInform/saveInformOneField/r=1457429912407
INFO: [ app_begin ] --START--
INFO: Run Behavior\ReadHtmlCacheBehavior [ RunTime:0.001000s ]
INFO: [ app_begin ] --END-- [ RunTime:0.001000s ]
SQL: SHOW COLUMNS FROM `tb_inform` [ RunTime:0.0040s ]
SQL: SELECT * FROM `tb_inform` WHERE `inform_id` = '10001' LIMIT 1   [ RunTime:0.0000s ]
SQL: SELECT `inform_title` FROM `tb_inform` WHERE `inform_id` = '10001' LIMIT 1   [ RunTime:0.0000s ]
SQL: UPDATE `tb_inform` SET `inform_title`='商城实力大回馈' WHERE `inform_id` = '10001' [ RunTime:0.0600s ]

[ 2016-03-08T17:38:37+08:00 ] 127.0.0.1 /supershop/index.php/Admin/ManageInform/saveInformOneField/r=1457429917188
INFO: [ app_begin ] --START--
INFO: Run Behavior\ReadHtmlCacheBehavior [ RunTime:0.000000s ]
INFO: [ app_begin ] --END-- [ RunTime:0.001000s ]
SQL: SHOW COLUMNS FROM `tb_inform` [ RunTime:0.0040s ]
SQL: SELECT * FROM `tb_inform` WHERE `inform_id` = '10001' LIMIT 1   [ RunTime:0.0000s ]
SQL: SELECT `valid_flag` FROM `tb_inform` WHERE `inform_id` = '10001' LIMIT 1   [ RunTime:0.0000s ]
SQL: UPDATE `tb_inform` SET `valid_flag`='0' WHERE `inform_id` = '10001' [ RunTime:0.0390s ]

[ 2016-03-08T17:38:40+08:00 ] 127.0.0.1 /supershop/index.php/Admin/ManageInform/saveUserOneField/r=1457429920444
INFO: [ app_begin ] --START--
INFO: Run Behavior\ReadHtmlCacheBehavior [ RunTime:0.001000s ]
INFO: [ app_begin ] --END-- [ RunTime:0.001000s ]
ERR: 非法操作:saveUserOneField

[ 2016-03-08T17:38:45+08:00 ] 127.0.0.1 /supershop/index.php/Admin/ManageInform/saveUserOneField/r=1457429925470
INFO: [ app_begin ] --START--
INFO: Run Behavior\ReadHtmlCacheBehavior [ RunTime:0.000000s ]
INFO: [ app_begin ] --END-- [ RunTime:0.001000s ]
ERR: 非法操作:saveUserOneField

[ 2016-03-08T17:40:11+08:00 ] 127.0.0.1 /supershop/index.php/Admin/ManageInform/saveUserOneField/r=1457430011179
INFO: [ app_begin ] --START--
INFO: Run Behavior\ReadHtmlCacheBehavior [ RunTime:0.001000s ]
INFO: [ app_begin ] --END-- [ RunTime:0.001000s ]
ERR: 非法操作:saveUserOneField

[ 2016-03-08T17:40:17+08:00 ] 127.0.0.1 /supershop/index.php/Admin/ManageInform/saveInformOneField/r=1457430017716
INFO: [ app_begin ] --START--
INFO: Run Behavior\ReadHtmlCacheBehavior [ RunTime:0.000000s ]
INFO: [ app_begin ] --END-- [ RunTime:0.001000s ]
SQL: SHOW COLUMNS FROM `tb_inform` [ RunTime:0.0040s ]
SQL: SELECT * FROM `tb_inform` WHERE `inform_id` = '10001' LIMIT 1   [ RunTime:0.0010s ]
SQL: SELECT `valid_flag` FROM `tb_inform` WHERE `inform_id` = '10001' LIMIT 1   [ RunTime:0.0000s ]
SQL: UPDATE `tb_inform` SET `valid_flag`='1' WHERE `inform_id` = '10001' [ RunTime:0.0570s ]

[ 2016-03-08T17:40:19+08:00 ] 127.0.0.1 /supershop/index.php/Admin/ManageInform/saveInformOneField/r=1457430019343
INFO: [ app_begin ] --START--
INFO: Run Behavior\ReadHtmlCacheBehavior [ RunTime:0.001000s ]
INFO: [ app_begin ] --END-- [ RunTime:0.002000s ]
SQL: SHOW COLUMNS FROM `tb_inform` [ RunTime:0.0040s ]
SQL: SELECT * FROM `tb_inform` WHERE `inform_id` = '10004' LIMIT 1   [ RunTime:0.0010s ]
SQL: SELECT `valid_flag` FROM `tb_inform` WHERE `inform_id` = '10004' LIMIT 1   [ RunTime:0.0000s ]
SQL: UPDATE `tb_inform` SET `valid_flag`='1' WHERE `inform_id` = '10004' [ RunTime:0.0220s ]

[ 2016-03-08T17:41:53+08:00 ] 127.0.0.1 /supershop/index.php/Admin/ManageInform/addInform
ERR: 非法操作:addInform

[ 2016-03-08T17:44:10+08:00 ] 127.0.0.1 /supershop/index.php/Admin/ManageNote/noteList
INFO: [ app_begin ] --START--
INFO: Run Behavior\ReadHtmlCacheBehavior [ RunTime:0.001000s ]
INFO: [ app_begin ] --END-- [ RunTime:0.001000s ]
SQL: SHOW COLUMNS FROM `tb_note` [ RunTime:0.0040s ]
SQL: SELECT COUNT(*) AS tp_count FROM `tb_note` WHERE `valid_flag` = 1 LIMIT 1   [ RunTime:0.0000s ]
SQL: SELECT * FROM `tb_note` WHERE `valid_flag` = 1 ORDER BY note_id LIMIT 0,8   [ RunTime:0.0000s ]
INFO: [ view_parse ] --START--
NOTIC: [8] Undefined index: inform_id E:\MyEnv\apache\htdocs\supershop\Runtime\Cache\c1e9534b7668e56f9b31cfe907795bc5821feb43.file.noteList.html.php 第 75 行.
NOTIC: [8] Undefined index: inform_id E:\MyEnv\apache\htdocs\supershop\Runtime\Cache\c1e9534b7668e56f9b31cfe907795bc5821feb43.file.noteList.html.php 第 75 行.
NOTIC: [8] Undefined index: inform_id E:\MyEnv\apache\htdocs\supershop\Runtime\Cache\c1e9534b7668e56f9b31cfe907795bc5821feb43.file.noteList.html.php 第 75 行.
INFO: Run Behavior\ParseTemplateBehavior [ RunTime:0.011000s ]
INFO: [ view_parse ] --END-- [ RunTime:0.011000s ]
INFO: [ view_filter ] --START--
INFO: Run Behavior\WriteHtmlCacheBehavior [ RunTime:0.000000s ]
INFO: [ view_filter ] --END-- [ RunTime:0.000000s ]
INFO: [ app_end ] --START--
INFO: Run Behavior\ShowPageTraceBehavior [ RunTime:0.000000s ]
INFO: [ app_end ] --END-- [ RunTime:0.000000s ]

