[ 2016-03-09T09:11:25+08:00 ] 127.0.0.1 /supershop/index.php/Admin/ManageUser/saveUserOneField/r=1457485885815
INFO: [ app_begin ] --START--
INFO: Run Behavior\ReadHtmlCacheBehavior [ RunTime:0.000000s ]
INFO: [ app_begin ] --END-- [ RunTime:0.000000s ]
SQL: SHOW COLUMNS FROM `tb_user` [ RunTime:0.0030s ]
SQL: SELECT * FROM `tb_user` WHERE `user_id` = '100000' LIMIT 1   [ RunTime:0.0000s ]
SQL: SELECT `user_nickname` FROM `tb_user` WHERE `user_id` = '100000' LIMIT 1   [ RunTime:0.0000s ]

[ 2016-03-09T09:13:17+08:00 ] 127.0.0.1 /supershop/index.php/Admin/ManageRole/saveRole/r=1457485997187
INFO: [ app_begin ] --START--
INFO: Run Behavior\ReadHtmlCacheBehavior [ RunTime:0.001000s ]
INFO: [ app_begin ] --END-- [ RunTime:0.001000s ]
SQL: SHOW COLUMNS FROM `tb_role` [ RunTime:0.0030s ]
SQL: SELECT * FROM `tb_role` WHERE `role_id` = '1001' LIMIT 1   [ RunTime:0.0000s ]
SQL: SELECT `role_name` FROM `tb_role` WHERE `role_id` = '1001' LIMIT 1   [ RunTime:0.0000s ]

[ 2016-03-09T09:41:48+08:00 ] 127.0.0.1 /supershop/index.php/Admin/Index/index.html
ERR: 1064:You have an error in your SQL syntax; check the manual that corresponds to your MySQL server version for the right syntax to use near ') AND `valid_flag` = 1 AND `auth_level` = 0' at line 1
 [ SQL语句 ] : SELECT * FROM `tb_auth` WHERE `auth_id` IN () AND `valid_flag` = 1 AND `auth_level` = 0 

[ 2016-03-09T10:15:04+08:00 ] 127.0.0.1 /supershop/index.php/Admin/ManageAdmin/adminList
ERR: 1054:Unknown column 'a.valid_flag' in 'where clause'
 [ SQL语句 ] : SELECT COUNT(*) AS tp_count FROM `tb_admin` WHERE a.valid_flag = 1 AND a.admin_name <> 'suadmin' LIMIT 1  

[ 2016-03-09T10:16:14+08:00 ] 127.0.0.1 /supershop/index.php/Admin/ManageAdmin/adminList
ERR: 1054:Unknown column 'a.valid_flag' in 'where clause'
 [ SQL语句 ] : SELECT COUNT(*) AS tp_count FROM `tb_admin` WHERE a.valid_flag = 1 AND a.admin_name <> 'suadmin' LIMIT 1  

[ 2016-03-09T10:16:43+08:00 ] 127.0.0.1 /supershop/index.php/Admin/ManageAdmin/adminList
ERR: 1052:Column 'valid_flag' in field list is ambiguous
 [ SQL语句 ] : SELECT `id`,`admin_id`,`admin_name`,`admin_nickname`,`admin_logo_url`,`admin_email`,`admin_phone`,`admin_keyval`,`valid_flag`,`create_time`,`last_login_time`,`last_login_ip`,`login_count`,`role_id` FROM tb_admin a INNER JOIN tb_role r ON a.role_id = r.role_id  WHERE a.valid_flag = 1 AND a.admin_name <> 'suadmin' ORDER BY a.admin_id desc LIMIT 0,8  

[ 2016-03-09T10:31:10+08:00 ] 127.0.0.1 /supershop/index.php/Admin/ManageAdmin/saveAdminOneField/r=1457490670842
INFO: [ app_begin ] --START--
INFO: Run Behavior\ReadHtmlCacheBehavior [ RunTime:0.000000s ]
INFO: [ app_begin ] --END-- [ RunTime:0.002000s ]
SQL: SHOW COLUMNS FROM `tb_admin` [ RunTime:0.0050s ]
SQL: SELECT * FROM `tb_admin` WHERE `admin_id` = '100002' LIMIT 1   [ RunTime:0.0000s ]
NOTIC: [8] Undefined variable: user_id E:\MyEnv\apache\htdocs\supershop\Admin\Controller\ManageAdminController.class.php 第 84 行.

[ 2016-03-09T10:33:44+08:00 ] 127.0.0.1 /supershop/index.php/Admin/ManageAdmin/saveAdminOneInfo/r=1457490824282
INFO: [ app_begin ] --START--
INFO: Run Behavior\ReadHtmlCacheBehavior [ RunTime:0.000000s ]
INFO: [ app_begin ] --END-- [ RunTime:0.000000s ]
SQL: SHOW COLUMNS FROM `tb_admin` [ RunTime:0.0030s ]
SQL: SELECT * FROM `tb_admin` WHERE `admin_id` = '100002' LIMIT 1   [ RunTime:0.0000s ]
NOTIC: [8] Undefined variable: user_id E:\MyEnv\apache\htdocs\supershop\Admin\Controller\ManageAdminController.class.php 第 84 行.

[ 2016-03-09T10:33:48+08:00 ] 127.0.0.1 /supershop/index.php/Admin/ManageAdmin/saveAdminOneInfo/r=1457490828520
INFO: [ app_begin ] --START--
INFO: Run Behavior\ReadHtmlCacheBehavior [ RunTime:0.001000s ]
INFO: [ app_begin ] --END-- [ RunTime:0.002000s ]
SQL: SHOW COLUMNS FROM `tb_admin` [ RunTime:0.0050s ]
SQL: SELECT * FROM `tb_admin` WHERE `admin_id` = '100002' LIMIT 1   [ RunTime:0.0010s ]
NOTIC: [8] Undefined variable: user_id E:\MyEnv\apache\htdocs\supershop\Admin\Controller\ManageAdminController.class.php 第 84 行.

[ 2016-03-09T10:35:03+08:00 ] 127.0.0.1 /supershop/index.php/Admin/ManageAdmin/saveAdminOneInfo/r=1457490903244
INFO: [ app_begin ] --START--
INFO: Run Behavior\ReadHtmlCacheBehavior [ RunTime:0.001000s ]
INFO: [ app_begin ] --END-- [ RunTime:0.002000s ]
SQL: SHOW COLUMNS FROM `tb_admin` [ RunTime:0.0040s ]
SQL: SELECT * FROM `tb_admin` WHERE `admin_id` = '100002' LIMIT 1   [ RunTime:0.0000s ]
SQL: SELECT `valid_flag` FROM `tb_admin` WHERE `admin_id` = '100002' LIMIT 1   [ RunTime:0.0000s ]
SQL: UPDATE `tb_admin` SET `valid_flag`='0' WHERE `admin_id` = '100002' [ RunTime:0.0320s ]

[ 2016-03-09T10:35:04+08:00 ] 127.0.0.1 /supershop/index.php/Admin/ManageAdmin/adminTrashList
ERR: Syntax Error in template "E:/MyEnv/apache/htdocs/supershop/Admin/View\ManageAdmin\adminTrashList.html"  on line 33 "{/else}" unknown tag "elseclose"

[ 2016-03-09T10:37:24+08:00 ] 127.0.0.1 /supershop/index.php/Admin/ManageAdmin/saveAdminOneInfo/r=1457491044525
INFO: [ app_begin ] --START--
INFO: Run Behavior\ReadHtmlCacheBehavior [ RunTime:0.001000s ]
INFO: [ app_begin ] --END-- [ RunTime:0.002000s ]
SQL: SHOW COLUMNS FROM `tb_admin` [ RunTime:0.0040s ]
SQL: SELECT * FROM `tb_admin` WHERE `admin_id` = '100002' LIMIT 1   [ RunTime:0.0000s ]
SQL: SELECT `valid_flag` FROM `tb_admin` WHERE `admin_id` = '100002' LIMIT 1   [ RunTime:0.0010s ]
SQL: UPDATE `tb_admin` SET `valid_flag`='1' WHERE `admin_id` = '100002' [ RunTime:0.0280s ]

[ 2016-03-09T10:39:31+08:00 ] 127.0.0.1 /supershop/index.php/Admin/ManageAdmin/saveAdminOneInfo/r=1457491171864
INFO: [ app_begin ] --START--
INFO: Run Behavior\ReadHtmlCacheBehavior [ RunTime:0.001000s ]
INFO: [ app_begin ] --END-- [ RunTime:0.002000s ]
SQL: SHOW COLUMNS FROM `tb_admin` [ RunTime:0.0050s ]
SQL: SELECT * FROM `tb_admin` WHERE `admin_id` = '100002' LIMIT 1   [ RunTime:0.0010s ]
SQL: SELECT `admin_nickname` FROM `tb_admin` WHERE `admin_id` = '100002' LIMIT 1   [ RunTime:0.0010s ]

[ 2016-03-09T10:40:54+08:00 ] 127.0.0.1 /supershop/index.php/Admin/ManageAdmin/saveAdminOneInfo/r=1457491254574
INFO: [ app_begin ] --START--
INFO: Run Behavior\ReadHtmlCacheBehavior [ RunTime:0.001000s ]
INFO: [ app_begin ] --END-- [ RunTime:0.001000s ]
SQL: SHOW COLUMNS FROM `tb_admin` [ RunTime:0.0040s ]
SQL: SELECT * FROM `tb_admin` WHERE `admin_id` = '100002' LIMIT 1   [ RunTime:0.0010s ]
SQL: SELECT `admin_phone` FROM `tb_admin` WHERE `admin_id` = '100002' LIMIT 1   [ RunTime:0.0000s ]

[ 2016-03-09T10:40:56+08:00 ] 127.0.0.1 /supershop/index.php/Admin/ManageAdmin/saveAdminOneInfo/r=1457491256600
INFO: [ app_begin ] --START--
INFO: Run Behavior\ReadHtmlCacheBehavior [ RunTime:0.001000s ]
INFO: [ app_begin ] --END-- [ RunTime:0.001000s ]
SQL: SHOW COLUMNS FROM `tb_admin` [ RunTime:0.0040s ]
SQL: SELECT * FROM `tb_admin` WHERE `admin_id` = '100002' LIMIT 1   [ RunTime:0.0000s ]
SQL: SELECT `admin_email` FROM `tb_admin` WHERE `admin_id` = '100002' LIMIT 1   [ RunTime:0.0000s ]

[ 2016-03-09T10:40:58+08:00 ] 127.0.0.1 /supershop/index.php/Admin/ManageAdmin/saveAdminOneInfo/r=1457491258653
INFO: [ app_begin ] --START--
INFO: Run Behavior\ReadHtmlCacheBehavior [ RunTime:0.001000s ]
INFO: [ app_begin ] --END-- [ RunTime:0.001000s ]
SQL: SHOW COLUMNS FROM `tb_admin` [ RunTime:0.0040s ]
SQL: SELECT * FROM `tb_admin` WHERE `admin_id` = '100002' LIMIT 1   [ RunTime:0.0000s ]
SQL: SELECT `admin_nickname` FROM `tb_admin` WHERE `admin_id` = '100002' LIMIT 1   [ RunTime:0.0000s ]

[ 2016-03-09T10:41:25+08:00 ] 127.0.0.1 /supershop/index.php/Admin/ManageAdmin/saveAdminOneInfo/r=1457491285320
INFO: [ app_begin ] --START--
INFO: Run Behavior\ReadHtmlCacheBehavior [ RunTime:0.001000s ]
INFO: [ app_begin ] --END-- [ RunTime:0.001000s ]
SQL: SHOW COLUMNS FROM `tb_admin` [ RunTime:0.0040s ]
SQL: SELECT * FROM `tb_admin` WHERE `admin_id` = '100002' LIMIT 1   [ RunTime:0.0000s ]
SQL: SELECT `admin_nickname` FROM `tb_admin` WHERE `admin_id` = '100002' LIMIT 1   [ RunTime:0.0000s ]

[ 2016-03-09T10:41:29+08:00 ] 127.0.0.1 /supershop/index.php/Admin/ManageAdmin/saveAdminOneInfo/r=1457491289616
INFO: [ app_begin ] --START--
INFO: Run Behavior\ReadHtmlCacheBehavior [ RunTime:0.000000s ]
INFO: [ app_begin ] --END-- [ RunTime:0.001000s ]
SQL: SHOW COLUMNS FROM `tb_admin` [ RunTime:0.0040s ]
SQL: SELECT * FROM `tb_admin` WHERE `admin_id` = '100002' LIMIT 1   [ RunTime:0.0000s ]
SQL: SELECT `admin_phone` FROM `tb_admin` WHERE `admin_id` = '100002' LIMIT 1   [ RunTime:0.0010s ]

[ 2016-03-09T10:41:32+08:00 ] 127.0.0.1 /supershop/index.php/Admin/ManageAdmin/saveAdminOneInfo/r=1457491292780
INFO: [ app_begin ] --START--
INFO: Run Behavior\ReadHtmlCacheBehavior [ RunTime:0.001000s ]
INFO: [ app_begin ] --END-- [ RunTime:0.001000s ]
SQL: SHOW COLUMNS FROM `tb_admin` [ RunTime:0.0040s ]
SQL: SELECT * FROM `tb_admin` WHERE `admin_id` = '100002' LIMIT 1   [ RunTime:0.0000s ]
SQL: SELECT `admin_email` FROM `tb_admin` WHERE `admin_id` = '100002' LIMIT 1   [ RunTime:0.0000s ]

[ 2016-03-09T10:41:45+08:00 ] 127.0.0.1 /supershop/index.php/Admin/ManageAdmin/adminList
INFO: [ app_begin ] --START--
INFO: Run Behavior\ReadHtmlCacheBehavior [ RunTime:0.001000s ]
INFO: [ app_begin ] --END-- [ RunTime:0.001000s ]
SQL: SHOW COLUMNS FROM `tb_admin` [ RunTime:0.0040s ]
SQL: SELECT COUNT(*) AS tp_count FROM tb_admin a WHERE a.valid_flag = 1 AND a.admin_name <> 'suadmin' LIMIT 1   [ RunTime:0.0000s ]
SQL: SELECT a.admin_id,a.admin_name,a.admin_nickname,a.admin_logo_url,a.admin_phone,a.admin_email,a.create_time,a.last_login_time,a.last_login_ip,a.login_count,r.role_id,r.role_name FROM tb_admin a INNER JOIN tb_role r ON a.role_id = r.role_id  WHERE a.valid_flag = 1 AND a.admin_name <> 'suadmin' ORDER BY a.admin_id desc LIMIT 0,8   [ RunTime:0.0010s ]
INFO: [ view_parse ] --START--
INFO: Run Behavior\ParseTemplateBehavior [ RunTime:0.002001s ]
INFO: [ view_parse ] --END-- [ RunTime:0.002001s ]
INFO: [ view_filter ] --START--
INFO: Run Behavior\WriteHtmlCacheBehavior [ RunTime:0.000000s ]
INFO: [ view_filter ] --END-- [ RunTime:0.000000s ]
INFO: [ app_end ] --START--
INFO: Run Behavior\ShowPageTraceBehavior [ RunTime:0.000000s ]
INFO: [ app_end ] --END-- [ RunTime:0.000000s ]

[ 2016-03-09T10:44:55+08:00 ] 127.0.0.1 /supershop/index.php/Admin/ManageUser/addUser
ERR: 非法操作:addUser

[ 2016-03-09T10:45:17+08:00 ] 127.0.0.1 /supershop/index.php/Admin/ManageUser/addUser
ERR: 非法操作:addUser

[ 2016-03-09T11:21:48+08:00 ] 127.0.0.1 /supershop/index.php/Admin/ManageUser/addUser
ERR: Think\Model:findByUser_name方法不存在！

[ 2016-03-09T11:35:57+08:00 ] 127.0.0.1 /supershop/index.php/Admin/ManageUser/saveUserOneField/r=1457494557379
INFO: [ app_begin ] --START--
INFO: Run Behavior\ReadHtmlCacheBehavior [ RunTime:0.001000s ]
INFO: [ app_begin ] --END-- [ RunTime:0.002000s ]
SQL: SHOW COLUMNS FROM `tb_user` [ RunTime:0.0030s ]
SQL: SELECT * FROM `tb_user` WHERE `user_id` = '100002' LIMIT 1   [ RunTime:0.0000s ]
SQL: SELECT `user_nickname` FROM `tb_user` WHERE `user_id` = '100002' LIMIT 1   [ RunTime:0.0000s ]

[ 2016-03-09T11:39:06+08:00 ] 127.0.0.1 /supershop/index.php/Admin/ManageUser/saveUserOneField/r=1457494745860
INFO: [ app_begin ] --START--
INFO: Run Behavior\ReadHtmlCacheBehavior [ RunTime:0.000000s ]
INFO: [ app_begin ] --END-- [ RunTime:0.001000s ]
SQL: SHOW COLUMNS FROM `tb_user` [ RunTime:0.0040s ]
SQL: SELECT * FROM `tb_user` WHERE `user_id` = '100002' LIMIT 1   [ RunTime:0.0000s ]
SQL: SELECT `status` FROM `tb_user` WHERE `user_id` = '100002' LIMIT 1   [ RunTime:0.0000s ]
SQL: UPDATE `tb_user` SET `status`='0' WHERE `user_id` = '100002' [ RunTime:0.0640s ]

[ 2016-03-09T11:39:08+08:00 ] 127.0.0.1 /supershop/index.php/Admin/ManageUser/saveUserOneField/r=1457494748231
INFO: [ app_begin ] --START--
INFO: Run Behavior\ReadHtmlCacheBehavior [ RunTime:0.001000s ]
INFO: [ app_begin ] --END-- [ RunTime:0.002000s ]
SQL: SHOW COLUMNS FROM `tb_user` [ RunTime:0.0040s ]
SQL: SELECT * FROM `tb_user` WHERE `user_id` = '100002' LIMIT 1   [ RunTime:0.0000s ]
SQL: SELECT `status` FROM `tb_user` WHERE `user_id` = '100002' LIMIT 1   [ RunTime:0.0000s ]
SQL: UPDATE `tb_user` SET `status`='1' WHERE `user_id` = '100002' [ RunTime:0.0570s ]

[ 2016-03-09T11:39:19+08:00 ] 127.0.0.1 /supershop/index.php/Admin/ManageUser/saveUserOneField/r=1457494759104
INFO: [ app_begin ] --START--
INFO: Run Behavior\ReadHtmlCacheBehavior [ RunTime:0.001000s ]
INFO: [ app_begin ] --END-- [ RunTime:0.001000s ]
SQL: SHOW COLUMNS FROM `tb_user` [ RunTime:0.0030s ]
SQL: SELECT * FROM `tb_user` WHERE `user_id` = '100000' LIMIT 1   [ RunTime:0.0000s ]
SQL: SELECT `user_nickname` FROM `tb_user` WHERE `user_id` = '100000' LIMIT 1   [ RunTime:0.0000s ]

[ 2016-03-09T11:39:48+08:00 ] 127.0.0.1 /supershop/index.php/Admin/ManageUser/saveUserOneField/r=1457494788700
INFO: [ app_begin ] --START--
INFO: Run Behavior\ReadHtmlCacheBehavior [ RunTime:0.000000s ]
INFO: [ app_begin ] --END-- [ RunTime:0.000000s ]
SQL: SHOW COLUMNS FROM `tb_user` [ RunTime:0.0040s ]
SQL: SELECT * FROM `tb_user` WHERE `user_id` = '100000' LIMIT 1   [ RunTime:0.0000s ]
SQL: SELECT `user_truename` FROM `tb_user` WHERE `user_id` = '100000' LIMIT 1   [ RunTime:0.0000s ]

[ 2016-03-09T12:54:39+08:00 ] 127.0.0.1 /supershop/index.php/Admin/ManageUser/saveUserOneField/r=1457499279056
INFO: [ app_begin ] --START--
INFO: Run Behavior\ReadHtmlCacheBehavior [ RunTime:0.000000s ]
INFO: [ app_begin ] --END-- [ RunTime:0.001000s ]
SQL: SHOW COLUMNS FROM `tb_user` [ RunTime:0.0040s ]
SQL: SELECT * FROM `tb_user` WHERE `user_id` = '100000' LIMIT 1   [ RunTime:0.0010s ]
SQL: SELECT `user_nickname` FROM `tb_user` WHERE `user_id` = '100000' LIMIT 1   [ RunTime:0.0000s ]

[ 2016-03-09T15:11:41+08:00 ] 127.0.0.1 /supershop/index.php/Admin/ManageUser/addUser/r=1457507501307
INFO: [ app_begin ] --START--
INFO: Run Behavior\ReadHtmlCacheBehavior [ RunTime:0.001000s ]
INFO: [ app_begin ] --END-- [ RunTime:0.001000s ]
SQL: SHOW COLUMNS FROM `tb_user` [ RunTime:0.0040s ]
SQL: SELECT * FROM `tb_user` WHERE `user_name` = 'qdms01' LIMIT 1   [ RunTime:0.0010s ]
NOTIC: [8] Undefined index: validate E:\MyEnv\apache\htdocs\supershop\ThinkPHP\Library\Think\Model.class.php 第 1185 行.
NOTIC: [8] Undefined index: auto E:\MyEnv\apache\htdocs\supershop\ThinkPHP\Library\Think\Model.class.php 第 1128 行.
SQL: INSERT INTO `tb_user` (`user_name`,`user_keyval`,`status`,`valid_flag`) VALUES ('qdms01','e10adc3949ba59abbe56e057f20f883e','1','1') [ RunTime:0.0820s ]

[ 2016-03-09T15:11:47+08:00 ] 127.0.0.1 /supershop/index.php/Admin/ManageUser/saveUserOneField/r=1457507506985
INFO: [ app_begin ] --START--
INFO: Run Behavior\ReadHtmlCacheBehavior [ RunTime:0.001000s ]
INFO: [ app_begin ] --END-- [ RunTime:0.001000s ]
SQL: SHOW COLUMNS FROM `tb_user` [ RunTime:0.0050s ]
SQL: SELECT * FROM `tb_user` WHERE `user_id` = '100003' LIMIT 1   [ RunTime:0.0010s ]
SQL: SELECT `user_truename` FROM `tb_user` WHERE `user_id` = '100003' LIMIT 1   [ RunTime:0.0000s ]

[ 2016-03-09T15:11:53+08:00 ] 127.0.0.1 /supershop/index.php/Admin/ManageUser/saveUserOneField/r=1457507513259
INFO: [ app_begin ] --START--
INFO: Run Behavior\ReadHtmlCacheBehavior [ RunTime:0.001000s ]
INFO: [ app_begin ] --END-- [ RunTime:0.002000s ]
SQL: SHOW COLUMNS FROM `tb_user` [ RunTime:0.0030s ]
SQL: SELECT * FROM `tb_user` WHERE `user_id` = '100002' LIMIT 1   [ RunTime:0.0000s ]
SQL: SELECT `user_nickname` FROM `tb_user` WHERE `user_id` = '100002' LIMIT 1   [ RunTime:0.0000s ]

[ 2016-03-09T15:13:11+08:00 ] 127.0.0.1 /supershop/index.php/Admin/ManageUser/saveUserOneField/r=1457507591046
INFO: [ app_begin ] --START--
INFO: Run Behavior\ReadHtmlCacheBehavior [ RunTime:0.001000s ]
INFO: [ app_begin ] --END-- [ RunTime:0.001000s ]
SQL: SHOW COLUMNS FROM `tb_user` [ RunTime:0.0040s ]
SQL: SELECT * FROM `tb_user` WHERE `user_id` = '100003' LIMIT 1   [ RunTime:0.0000s ]
SQL: SELECT `valid_flag` FROM `tb_user` WHERE `user_id` = '100003' LIMIT 1   [ RunTime:0.0000s ]
SQL: UPDATE `tb_user` SET `valid_flag`='0' WHERE `user_id` = '100003' [ RunTime:0.0640s ]

[ 2016-03-09T15:13:14+08:00 ] 127.0.0.1 /supershop/index.php/Admin/ManageUser/saveUserOneField/r=1457507594329
INFO: [ app_begin ] --START--
INFO: Run Behavior\ReadHtmlCacheBehavior [ RunTime:0.001000s ]
INFO: [ app_begin ] --END-- [ RunTime:0.002000s ]
SQL: SHOW COLUMNS FROM `tb_user` [ RunTime:0.0040s ]
SQL: SELECT * FROM `tb_user` WHERE `user_id` = '100003' LIMIT 1   [ RunTime:0.0010s ]
SQL: SELECT `valid_flag` FROM `tb_user` WHERE `user_id` = '100003' LIMIT 1   [ RunTime:0.0000s ]
SQL: UPDATE `tb_user` SET `valid_flag`='1' WHERE `user_id` = '100003' [ RunTime:0.0670s ]

[ 2016-03-09T15:13:36+08:00 ] 127.0.0.1 /supershop/index.php/Admin/ManageUser/saveUserOneField/r=1457507616249
INFO: [ app_begin ] --START--
INFO: Run Behavior\ReadHtmlCacheBehavior [ RunTime:0.001000s ]
INFO: [ app_begin ] --END-- [ RunTime:0.002000s ]
SQL: SHOW COLUMNS FROM `tb_user` [ RunTime:0.0060s ]
SQL: SELECT * FROM `tb_user` WHERE `user_id` = '100000' LIMIT 1   [ RunTime:0.0010s ]
SQL: SELECT `user_nickname` FROM `tb_user` WHERE `user_id` = '100000' LIMIT 1   [ RunTime:0.0000s ]

[ 2016-03-09T15:13:45+08:00 ] 127.0.0.1 /supershop/index.php/Admin/ManageUser/saveUserOneField/r=1457507625285
INFO: [ app_begin ] --START--
INFO: Run Behavior\ReadHtmlCacheBehavior [ RunTime:0.001000s ]
INFO: [ app_begin ] --END-- [ RunTime:0.002000s ]
SQL: SHOW COLUMNS FROM `tb_user` [ RunTime:0.0040s ]
SQL: SELECT * FROM `tb_user` WHERE `user_id` = '100002' LIMIT 1   [ RunTime:0.0000s ]
SQL: SELECT `user_nickname` FROM `tb_user` WHERE `user_id` = '100002' LIMIT 1   [ RunTime:0.0000s ]
SQL: UPDATE `tb_user` SET `user_nickname`='徐月' WHERE `user_id` = '100002' [ RunTime:0.0240s ]

[ 2016-03-09T15:13:51+08:00 ] 127.0.0.1 /supershop/index.php/Admin/ManageUser/saveUserOneField/r=1457507630924
INFO: [ app_begin ] --START--
INFO: Run Behavior\ReadHtmlCacheBehavior [ RunTime:0.001000s ]
INFO: [ app_begin ] --END-- [ RunTime:0.001000s ]
SQL: SHOW COLUMNS FROM `tb_user` [ RunTime:0.0040s ]
SQL: SELECT * FROM `tb_user` WHERE `user_id` = '100003' LIMIT 1   [ RunTime:0.0010s ]
SQL: SELECT `user_nickname` FROM `tb_user` WHERE `user_id` = '100003' LIMIT 1   [ RunTime:0.0000s ]
SQL: UPDATE `tb_user` SET `user_nickname`='qdms01' WHERE `user_id` = '100003' [ RunTime:0.0630s ]

[ 2016-03-09T15:14:31+08:00 ] 127.0.0.1 /supershop/index.php/Admin/ManageUser/saveUserOneField/r=1457507671745
INFO: [ app_begin ] --START--
INFO: Run Behavior\ReadHtmlCacheBehavior [ RunTime:0.001000s ]
INFO: [ app_begin ] --END-- [ RunTime:0.001000s ]
SQL: SHOW COLUMNS FROM `tb_user` [ RunTime:0.0040s ]
SQL: SELECT * FROM `tb_user` WHERE `user_id` = '100002' LIMIT 1   [ RunTime:0.0000s ]
SQL: SELECT `user_nickname` FROM `tb_user` WHERE `user_id` = '100002' LIMIT 1   [ RunTime:0.0000s ]

[ 2016-03-09T15:14:43+08:00 ] 127.0.0.1 /supershop/index.php/Admin/ManageUser/saveUserOneField/r=1457507683352
INFO: [ app_begin ] --START--
INFO: Run Behavior\ReadHtmlCacheBehavior [ RunTime:0.000000s ]
INFO: [ app_begin ] --END-- [ RunTime:0.001000s ]
SQL: SHOW COLUMNS FROM `tb_user` [ RunTime:0.0040s ]
SQL: SELECT * FROM `tb_user` WHERE `user_id` = '100003' LIMIT 1   [ RunTime:0.0000s ]
SQL: SELECT `status` FROM `tb_user` WHERE `user_id` = '100003' LIMIT 1   [ RunTime:0.0000s ]
SQL: UPDATE `tb_user` SET `status`='0' WHERE `user_id` = '100003' [ RunTime:0.0610s ]

[ 2016-03-09T15:14:48+08:00 ] 127.0.0.1 /supershop/index.php/Admin/ManageUser/saveUserOneField/r=1457507688280
INFO: [ app_begin ] --START--
INFO: Run Behavior\ReadHtmlCacheBehavior [ RunTime:0.001000s ]
INFO: [ app_begin ] --END-- [ RunTime:0.001000s ]
SQL: SHOW COLUMNS FROM `tb_user` [ RunTime:0.0040s ]
SQL: SELECT * FROM `tb_user` WHERE `user_id` = '100003' LIMIT 1   [ RunTime:0.0010s ]
SQL: SELECT `status` FROM `tb_user` WHERE `user_id` = '100003' LIMIT 1   [ RunTime:0.0000s ]
SQL: UPDATE `tb_user` SET `status`='1' WHERE `user_id` = '100003' [ RunTime:0.0580s ]

[ 2016-03-09T15:14:59+08:00 ] 127.0.0.1 /supershop/index.php/Admin/ManageUser/userList
INFO: [ app_begin ] --START--
INFO: Run Behavior\ReadHtmlCacheBehavior [ RunTime:0.001000s ]
INFO: [ app_begin ] --END-- [ RunTime:0.001000s ]
SQL: SHOW COLUMNS FROM `tb_user` [ RunTime:0.0040s ]
SQL: SELECT COUNT(*) AS tp_count FROM `tb_user` WHERE `valid_flag` = 1 LIMIT 1   [ RunTime:0.0000s ]
SQL: SELECT * FROM `tb_user` WHERE `valid_flag` = 1 ORDER BY user_id LIMIT 0,8   [ RunTime:0.0010s ]
INFO: [ view_parse ] --START--
INFO: Run Behavior\ParseTemplateBehavior [ RunTime:0.012001s ]
INFO: [ view_parse ] --END-- [ RunTime:0.012001s ]
INFO: [ view_filter ] --START--
INFO: Run Behavior\WriteHtmlCacheBehavior [ RunTime:0.000000s ]
INFO: [ view_filter ] --END-- [ RunTime:0.000000s ]
INFO: [ app_end ] --START--
INFO: Run Behavior\ShowPageTraceBehavior [ RunTime:0.001000s ]
INFO: [ app_end ] --END-- [ RunTime:0.001000s ]

[ 2016-03-09T15:18:27+08:00 ] 127.0.0.1 /supershop/index.php/Admin/ManageUser/saveUserOneField/r=1457507907124
INFO: [ app_begin ] --START--
INFO: Run Behavior\ReadHtmlCacheBehavior [ RunTime:0.001001s ]
INFO: [ app_begin ] --END-- [ RunTime:0.002001s ]
SQL: SHOW COLUMNS FROM `tb_user` [ RunTime:0.0030s ]
SQL: SELECT * FROM `tb_user` WHERE `user_id` = '100000' LIMIT 1   [ RunTime:0.0010s ]
SQL: SELECT `user_truename` FROM `tb_user` WHERE `user_id` = '100000' LIMIT 1   [ RunTime:0.0000s ]

[ 2016-03-09T15:20:15+08:00 ] 127.0.0.1 /supershop/index.php/Admin/ManageInform/addInform
ERR: 非法操作:addInform

[ 2016-03-09T15:20:19+08:00 ] 127.0.0.1 /supershop/index.php/Admin/ManageInform/addInform
ERR: 非法操作:addInform

[ 2016-03-09T15:49:06+08:00 ] 127.0.0.1 /supershop/index.php/Admin/ManageInform/addInform/r=1457509745990
INFO: [ app_begin ] --START--
INFO: Run Behavior\ReadHtmlCacheBehavior [ RunTime:0.001000s ]
INFO: [ app_begin ] --END-- [ RunTime:0.001000s ]
SQL: SHOW COLUMNS FROM `tb_inform` [ RunTime:0.0040s ]
NOTIC: [8] Undefined index: validate E:\MyEnv\apache\htdocs\supershop\ThinkPHP\Library\Think\Model.class.php 第 1185 行.
NOTIC: [8] Undefined index: auto E:\MyEnv\apache\htdocs\supershop\ThinkPHP\Library\Think\Model.class.php 第 1128 行.
SQL: INSERT INTO `tb_inform` (`inform_title`,`inform_content`,`valid_flag`) VALUES ('大活动','','1') [ RunTime:0.0460s ]

[ 2016-03-09T15:49:08+08:00 ] 127.0.0.1 /supershop/index.php/Admin/ManageInform/saveInformOneField/r=1457509748654
INFO: [ app_begin ] --START--
INFO: Run Behavior\ReadHtmlCacheBehavior [ RunTime:0.001000s ]
INFO: [ app_begin ] --END-- [ RunTime:0.001000s ]
SQL: SHOW COLUMNS FROM `tb_inform` [ RunTime:0.0040s ]
SQL: SELECT * FROM `tb_inform` WHERE `inform_id` = '10005' LIMIT 1   [ RunTime:0.0000s ]
SQL: SELECT `inform_content` FROM `tb_inform` WHERE `inform_id` = '10005' LIMIT 1   [ RunTime:0.0010s ]

[ 2016-03-09T15:49:11+08:00 ] 127.0.0.1 /supershop/index.php/Admin/ManageInform/saveInformOneField/r=1457509751135
INFO: [ app_begin ] --START--
INFO: Run Behavior\ReadHtmlCacheBehavior [ RunTime:0.000000s ]
INFO: [ app_begin ] --END-- [ RunTime:0.001000s ]
SQL: SHOW COLUMNS FROM `tb_inform` [ RunTime:0.0030s ]
SQL: SELECT * FROM `tb_inform` WHERE `inform_id` = '10005' LIMIT 1   [ RunTime:0.0000s ]
SQL: SELECT `inform_title` FROM `tb_inform` WHERE `inform_id` = '10005' LIMIT 1   [ RunTime:0.0000s ]

[ 2016-03-09T15:49:14+08:00 ] 127.0.0.1 /supershop/index.php/Admin/ManageInform/saveInformOneField/r=1457509754002
INFO: [ app_begin ] --START--
INFO: Run Behavior\ReadHtmlCacheBehavior [ RunTime:0.001000s ]
INFO: [ app_begin ] --END-- [ RunTime:0.001000s ]
SQL: SHOW COLUMNS FROM `tb_inform` [ RunTime:0.0030s ]
SQL: SELECT * FROM `tb_inform` WHERE `inform_id` = '10005' LIMIT 1   [ RunTime:0.0000s ]
SQL: SELECT `inform_title` FROM `tb_inform` WHERE `inform_id` = '10005' LIMIT 1   [ RunTime:0.0000s ]
SQL: UPDATE `tb_inform` SET `inform_title`='大活动2' WHERE `inform_id` = '10005' [ RunTime:0.0700s ]

[ 2016-03-09T15:49:45+08:00 ] 127.0.0.1 /supershop/index.php/Admin/ManageInform/saveInformOneField/r=1457509785390
INFO: [ app_begin ] --START--
INFO: Run Behavior\ReadHtmlCacheBehavior [ RunTime:0.001000s ]
INFO: [ app_begin ] --END-- [ RunTime:0.001000s ]
SQL: SHOW COLUMNS FROM `tb_inform` [ RunTime:0.0040s ]
SQL: SELECT * FROM `tb_inform` WHERE `inform_id` = '10005' LIMIT 1   [ RunTime:0.0000s ]
SQL: SELECT `inform_title` FROM `tb_inform` WHERE `inform_id` = '10005' LIMIT 1   [ RunTime:0.0000s ]
SQL: UPDATE `tb_inform` SET `inform_title`='商城女人节大活动' WHERE `inform_id` = '10005' [ RunTime:0.0640s ]

[ 2016-03-09T15:50:55+08:00 ] 127.0.0.1 /supershop/index.php/Admin/ManageAdmin/addAdmin
ERR: 非法操作:addAdmin

[ 2016-03-09T15:50:58+08:00 ] 127.0.0.1 /supershop/index.php/Admin/ManageAdmin/addAdmin
ERR: 非法操作:addAdmin

[ 2016-03-09T16:08:34+08:00 ] 127.0.0.1 /supershop/index.php/Admin/ManageInform/saveInformOneField/r=1457510914226
INFO: [ app_begin ] --START--
INFO: Run Behavior\ReadHtmlCacheBehavior [ RunTime:0.001000s ]
INFO: [ app_begin ] --END-- [ RunTime:0.001000s ]
SQL: SHOW COLUMNS FROM `tb_inform` [ RunTime:0.0030s ]
SQL: SELECT * FROM `tb_inform` WHERE `inform_id` = '10005' LIMIT 1   [ RunTime:0.0000s ]
SQL: SELECT `inform_content` FROM `tb_inform` WHERE `inform_id` = '10005' LIMIT 1   [ RunTime:0.0000s ]
SQL: UPDATE `tb_inform` SET `inform_content`='所有女人节特惠产品抢购啦' WHERE `inform_id` = '10005' [ RunTime:0.0860s ]

[ 2016-03-09T17:27:07+08:00 ] 127.0.0.1 /supershop/index.php/Admin/Index/login
ERR: Syntax Error in template "E:/MyEnv/apache/htdocs/supershop/Admin/View\Index\login.html"  on line 27 "{$reterr}{:L('param_error')}"  - Unexpected ":"

[ 2016-03-09T17:27:16+08:00 ] 127.0.0.1 /supershop/index.php/Admin/Index/login
ERR: Syntax Error in template "E:/MyEnv/apache/htdocs/supershop/Admin/View\Index\login.html"  on line 27 "{$reterr}{$L('param_error')}"  - Unexpected "(", expected one of: "}" , " "

[ 2016-03-09T17:42:47+08:00 ] 127.0.0.1 /supershop/index.php/Admin/Index/login
ERR: Syntax Error in template "E:/MyEnv/apache/htdocs/supershop/Admin/View\Index\login.html"  on line 27 "{$reterr}{:L('param_error)}"  - Unexpected ":"

[ 2016-03-09T17:48:32+08:00 ] 127.0.0.1 /supershop/index.php/Admin/Index/login
ERR: Syntax Error in template "E:/MyEnv/apache/htdocs/supershop/Admin/View\Index\login.html"  on line 31 "请输入用户名和密码登录{$smarty.L.params_error}" $smarty.L is invalid

[ 2016-03-09T17:48:40+08:00 ] 127.0.0.1 /supershop/index.php/Admin/Index/login
ERR: Syntax Error in template "E:/MyEnv/apache/htdocs/supershop/Admin/View\Index\login.html"  on line 31 "请输入用户名和密码登录{$smarty.l.params_error}" $smarty.l is invalid

[ 2016-03-09T17:53:00+08:00 ] 127.0.0.1 /supershop/index.php/Admin/Index/login
ERR: Syntax Error in template "E:/MyEnv/apache/htdocs/supershop/Admin/View\Index\login.html"  on line 31 "请输入用户名和密码登录{:L(&quot;param_error&quot;)}"  - Unexpected ":"

[ 2016-03-09T18:13:50+08:00 ] 127.0.0.1 /supershop/index.php/Admin/Index/login
ERR: Syntax Error in template "E:/MyEnv/apache/htdocs/supershop/Admin/View\Index\login.html"  on line 25 "{#Think.lang.param_error#}"  - Unexpected ".", expected one of: "#"

[ 2016-03-09T18:18:05+08:00 ] 127.0.0.1 /supershop/index.php/Admin/Index/login
ERR: Syntax Error in template "E:/MyEnv/apache/htdocs/supershop/Admin/View\Index\login.html"  on line 25 "{$smarty.lang._VALID_ACCESS_}" $smarty.lang is invalid

