[ 2016-03-01T00:00:33+08:00 ] 127.0.0.1 /supershop/index.php/Admin/ManageRole/assignAuth/role_id/1001
ERR: Syntax Error in template "E:/MyEnv/apache/htdocs/supershop/Admin/View\ManageRole\assignAuth.html"  on line 70 "&lt;input type=&quot;checkbox&quot; value=&quot;{$vv.auth_id}&quot;&gt;${vv.auth_name}"  - Unexpected ".", expected one of: "}" , " "

[ 2016-03-01T15:31:19+08:00 ] 127.0.0.1 /supershop/index.php/Admin/ManageAuth/authList
ERR: 模板不存在:E:/MyEnv/apache/htdocs/supershop/Admin/View/ManageAuth/authList.html

[ 2016-03-01T15:45:12+08:00 ] 127.0.0.1 /supershop/index.php/Admin/ManageUser/generalUser
ERR: 非法操作:generalUser

[ 2016-03-01T15:52:42+08:00 ] 127.0.0.1 /supershop/index.php/Admin/ManageUser/generalUser
ERR: 非法操作:generalUser

[ 2016-03-01T15:59:34+08:00 ] 127.0.0.1 /supershop/index.php/Admin/ManageRole/authList
ERR: 非法操作:authList

[ 2016-03-01T17:17:03+08:00 ] 127.0.0.1 /supershop/index.php/Admin/ManageOrder/notSendOrder
ERR: 非法操作:notSendOrder

[ 2016-03-01T23:04:37+08:00 ] 127.0.0.1 /supershop/index.php/Admin/ManageAuth/authList
INFO: [ app_begin ] --START--
INFO: Run Behavior\ReadHtmlCacheBehavior [ RunTime:0.000000s ]
INFO: [ app_begin ] --END-- [ RunTime:0.001000s ]
SQL: SHOW COLUMNS FROM `tb_admin` [ RunTime:0.0060s ]
SQL: SELECT `role_id` FROM `tb_admin` WHERE `admin_id` = '100001' LIMIT 1   [ RunTime:0.0000s ]
SQL: SHOW COLUMNS FROM `tb_role` [ RunTime:0.0040s ]
SQL: SELECT `role_auth_ac` FROM `tb_role` WHERE `role_id` = '1001' LIMIT 1   [ RunTime:0.0000s ]
SQL: SHOW COLUMNS FROM `tb_auth` [ RunTime:0.0040s ]
SQL: SELECT * FROM `tb_auth` WHERE `valid_flag` = 1 ORDER BY auth_path  [ RunTime:0.0000s ]
INFO: [ view_parse ] --START--
INFO: Run Behavior\ParseTemplateBehavior [ RunTime:0.014001s ]
INFO: [ view_parse ] --END-- [ RunTime:0.014001s ]
INFO: [ view_filter ] --START--
INFO: Run Behavior\WriteHtmlCacheBehavior [ RunTime:0.001000s ]
INFO: [ view_filter ] --END-- [ RunTime:0.001000s ]
INFO: [ app_end ] --START--
INFO: Run Behavior\ShowPageTraceBehavior [ RunTime:0.001000s ]
INFO: [ app_end ] --END-- [ RunTime:0.001000s ]

