[ 2017-03-24T00:34:48+08:00 ] ::1 /supershop/Admin/ManageGoods/goodsList
INFO: [ app_begin ] --START--
INFO: Run Behavior\ReadHtmlCacheBehavior [ RunTime:0.000000s ]
INFO: Run Common\Behavior\CheckLangBehavior [ RunTime:0.001000s ]
NOTIC: [8] Constant LANG_SET already defined E:\MyEnv\apache\htdocs\supershop\Common\Behavior\CheckLangBehavior.class.php 第 55 行.
INFO: Run Common\Behavior\CheckLangBehavior [ RunTime:0.001000s ]
INFO: [ app_begin ] --END-- [ RunTime:0.003000s ]
NOTIC: [8] Undefined index: l E:\MyEnv\apache\htdocs\supershop\Tools\AdminController.class.php 第 11 行.
SQL: SHOW COLUMNS FROM `tb_goods` [ RunTime:0.0050s ]
SQL: SELECT COUNT(*) AS tp_count FROM `tb_goods` WHERE `valid_flag` = 1 LIMIT 1   [ RunTime:0.0000s ]
SQL: SELECT * FROM `tb_goods` WHERE `valid_flag` = 1 ORDER BY goods_id LIMIT 0,8   [ RunTime:0.0000s ]
INFO: [ view_parse ] --START--
INFO: Run Behavior\ParseTemplateBehavior [ RunTime:0.015600s ]
INFO: [ view_parse ] --END-- [ RunTime:0.015600s ]
INFO: [ view_filter ] --START--
INFO: Run Behavior\WriteHtmlCacheBehavior [ RunTime:0.000000s ]
INFO: [ view_filter ] --END-- [ RunTime:0.000000s ]
INFO: [ app_end ] --START--
INFO: Run Behavior\ShowPageTraceBehavior [ RunTime:0.000000s ]
INFO: [ app_end ] --END-- [ RunTime:0.000000s ]

